Loss: HuberLoss

2024-11-12 14:33:13.313018 Epoch 1  	Train Loss = 1.40581 Val Loss = 1.22499
2024-11-12 15:42:34.639587 Epoch 2  	Train Loss = 1.38077 Val Loss = 1.19851
2024-11-12 16:51:33.327216 Epoch 3  	Train Loss = 1.34972 Val Loss = 1.17878
2024-11-12 18:09:34.743737 Epoch 4  	Train Loss = 1.34929 Val Loss = 1.15296
2024-11-12 19:27:08.822234 Epoch 5  	Train Loss = 1.31981 Val Loss = 1.13635
2024-11-12 20:37:13.200012 Epoch 6  	Train Loss = 1.32741 Val Loss = 1.12091
2024-11-12 21:42:54.376940 Epoch 7  	Train Loss = 1.31028 Val Loss = 1.10535
2024-11-12 22:39:44.006027 Epoch 8  	Train Loss = 1.31099 Val Loss = 1.09095
2024-11-12 23:24:45.672064 Epoch 9  	Train Loss = 1.30641 Val Loss = 1.07732
2024-11-13 00:09:53.148959 Epoch 10  	Train Loss = 1.29301 Val Loss = 1.06941
Early stopping at epoch: 10
Best at epoch 10:
Train Loss = 2.06228
Train RMSE = 2.76627, MAE = 1.62084, MAPE = 28.95829
Val Loss = 1.06941
Val RMSE = 2.52243, MAE = 1.48255, MAPE = 18.13403
Saved Model: ../saved_models/STAEformer-didi-2024-11-12-13-25-32.pt
--------- Test ---------
All Steps RMSE = 2.48836, MAE = 1.48000, MAPE = 17.77697
Step 1 RMSE = 1.88234, MAE = 1.16805, MAPE = 13.76400
Step 2 RMSE = 2.08613, MAE = 1.29752, MAPE = 15.38406
Step 3 RMSE = 2.20940, MAE = 1.34878, MAPE = 16.11200
Step 4 RMSE = 2.34105, MAE = 1.41404, MAPE = 16.69480
Step 5 RMSE = 2.41721, MAE = 1.46618, MAPE = 17.84909
Step 6 RMSE = 2.50242, MAE = 1.49186, MAPE = 17.81552
Step 7 RMSE = 2.57101, MAE = 1.51993, MAPE = 18.47962
Step 8 RMSE = 2.64704, MAE = 1.56306, MAPE = 18.85834
Step 9 RMSE = 2.64432, MAE = 1.54622, MAPE = 18.83823
Step 10 RMSE = 2.74269, MAE = 1.61267, MAPE = 19.26064
Step 11 RMSE = 2.78495, MAE = 1.64841, MAPE = 20.13851
Step 12 RMSE = 2.83782, MAE = 1.68333, MAPE = 20.12881
Inference time: 1.49 s
--------- Test ---------
All Steps RMSE = 2.38211, MAE = 1.40772, MAPE = 17.51468
Step 1 RMSE = 1.79754, MAE = 1.09851, MAPE = 13.72334
Step 2 RMSE = 1.95715, MAE = 1.18369, MAPE = 14.74243
Step 3 RMSE = 2.08835, MAE = 1.25133, MAPE = 15.46516
Step 4 RMSE = 2.22590, MAE = 1.32180, MAPE = 16.59636
Step 5 RMSE = 2.28022, MAE = 1.34536, MAPE = 16.96555
Step 6 RMSE = 2.37410, MAE = 1.39585, MAPE = 17.40544
Step 7 RMSE = 2.45600, MAE = 1.44362, MAPE = 18.07366
Step 8 RMSE = 2.53087, MAE = 1.49330, MAPE = 18.56933
Step 9 RMSE = 2.55872, MAE = 1.52872, MAPE = 18.65239
Step 10 RMSE = 2.65852, MAE = 1.57117, MAPE = 19.67812
Step 11 RMSE = 2.69698, MAE = 1.61824, MAPE = 19.98862
Step 12 RMSE = 2.74855, MAE = 1.64101, MAPE = 20.31578
Inference time: 1.50 s
--------- Test ---------
All Steps RMSE = 2.37393, MAE = 1.40401, MAPE = 17.65534
Step 1 RMSE = 1.79327, MAE = 1.12444, MAPE = 13.33862
Step 2 RMSE = 1.96246, MAE = 1.20247, MAPE = 15.06966
Step 3 RMSE = 2.06589, MAE = 1.24155, MAPE = 15.64070
Step 4 RMSE = 2.19510, MAE = 1.31579, MAPE = 16.05299
Step 5 RMSE = 2.25684, MAE = 1.34284, MAPE = 17.07148
Step 6 RMSE = 2.35045, MAE = 1.39241, MAPE = 17.52092
Step 7 RMSE = 2.43329, MAE = 1.45450, MAPE = 17.68484
Step 8 RMSE = 2.51640, MAE = 1.47562, MAPE = 18.77472
Step 9 RMSE = 2.54404, MAE = 1.49074, MAPE = 18.73333
Step 10 RMSE = 2.63917, MAE = 1.54496, MAPE = 19.54044
Step 11 RMSE = 2.75213, MAE = 1.64272, MAPE = 21.71666
Step 12 RMSE = 2.75506, MAE = 1.62009, MAPE = 20.71967
Inference time: 1.51 s
--------- Test ---------
All Steps RMSE = 1.85321, MAE = 1.15337, MAPE = 13.77564
Step 1 RMSE = 1.50093, MAE = 0.96114, MAPE = 11.73405
Step 2 RMSE = 1.61559, MAE = 1.02720, MAPE = 12.65892
Step 3 RMSE = 1.69174, MAE = 1.06555, MAPE = 12.92834
Step 4 RMSE = 1.77491, MAE = 1.11380, MAPE = 13.58769
Step 5 RMSE = 1.80396, MAE = 1.12274, MAPE = 13.76161
Step 6 RMSE = 1.85000, MAE = 1.15500, MAPE = 13.48785
Step 7 RMSE = 1.89446, MAE = 1.16838, MAPE = 13.96976
Step 8 RMSE = 1.93791, MAE = 1.19629, MAPE = 14.07526
Step 9 RMSE = 1.95252, MAE = 1.20239, MAPE = 14.49099
Step 10 RMSE = 1.99887, MAE = 1.23626, MAPE = 14.19006
Step 11 RMSE = 2.05189, MAE = 1.30224, MAPE = 14.87499
Step 12 RMSE = 2.07320, MAE = 1.28940, MAPE = 15.54816
Inference time: 1.49 s
--------- Test ---------
All Steps RMSE = 2.49910, MAE = 1.50456, MAPE = 20.71562
Step 1 RMSE = 1.88369, MAE = 1.16607, MAPE = 16.12962
Step 2 RMSE = 2.06384, MAE = 1.29702, MAPE = 17.22427
Step 3 RMSE = 2.17884, MAE = 1.33329, MAPE = 17.91941
Step 4 RMSE = 2.31610, MAE = 1.39960, MAPE = 19.33880
Step 5 RMSE = 2.37330, MAE = 1.43582, MAPE = 19.81543
Step 6 RMSE = 2.47279, MAE = 1.50120, MAPE = 20.11982
Step 7 RMSE = 2.57410, MAE = 1.55422, MAPE = 21.38570
Step 8 RMSE = 2.64763, MAE = 1.59101, MAPE = 22.44026
Step 9 RMSE = 2.68007, MAE = 1.61348, MAPE = 22.17356
Step 10 RMSE = 2.79380, MAE = 1.68036, MAPE = 23.19013
Step 11 RMSE = 2.85699, MAE = 1.72703, MAPE = 24.11974
Step 12 RMSE = 2.91425, MAE = 1.75560, MAPE = 24.73066
Inference time: 1.51 s
--------- Test ---------
All Steps RMSE = 2.53108, MAE = 1.52617, MAPE = 18.79242
Step 1 RMSE = 1.98559, MAE = 1.27104, MAPE = 14.91524
Step 2 RMSE = 2.10726, MAE = 1.31009, MAPE = 15.89683
Step 3 RMSE = 2.28545, MAE = 1.41974, MAPE = 16.67179
Step 4 RMSE = 2.37331, MAE = 1.44302, MAPE = 17.63385
Step 5 RMSE = 2.46890, MAE = 1.52245, MAPE = 18.00322
Step 6 RMSE = 2.52653, MAE = 1.51611, MAPE = 19.06278
Step 7 RMSE = 2.61540, MAE = 1.56344, MAPE = 19.34609
Step 8 RMSE = 2.67148, MAE = 1.58640, MAPE = 20.10205
Step 9 RMSE = 2.71281, MAE = 1.62610, MAPE = 20.52758
Step 10 RMSE = 2.77109, MAE = 1.64931, MAPE = 20.71363
Step 11 RMSE = 2.82638, MAE = 1.70223, MAPE = 20.88190
Step 12 RMSE = 2.85561, MAE = 1.70412, MAPE = 21.75413
Inference time: 1.51 s
--------- Test ---------
All Steps RMSE = 2.83287, MAE = 1.41059, MAPE = 17.86699
Step 1 RMSE = 2.08979, MAE = 1.12471, MAPE = 14.04631
Step 2 RMSE = 2.29143, MAE = 1.21153, MAPE = 15.25268
Step 3 RMSE = 2.45974, MAE = 1.27638, MAPE = 15.90847
Step 4 RMSE = 2.62176, MAE = 1.34136, MAPE = 16.89672
Step 5 RMSE = 2.69668, MAE = 1.36323, MAPE = 17.23405
Step 6 RMSE = 2.81018, MAE = 1.40106, MAPE = 17.83061
Step 7 RMSE = 2.93474, MAE = 1.45959, MAPE = 18.72125
Step 8 RMSE = 3.02134, MAE = 1.48530, MAPE = 19.00400
Step 9 RMSE = 3.05139, MAE = 1.48918, MAPE = 18.87183
Step 10 RMSE = 3.17453, MAE = 1.55844, MAPE = 19.87360
Step 11 RMSE = 3.25661, MAE = 1.60604, MAPE = 20.64022
Step 12 RMSE = 3.29474, MAE = 1.61023, MAPE = 20.12413
Inference time: 1.49 s
--------- Test ---------
All Steps RMSE = 3.14018, MAE = 1.59710, MAPE = 16.90650
Step 1 RMSE = 2.43747, MAE = 1.30604, MAPE = 13.70263
Step 2 RMSE = 2.68737, MAE = 1.43426, MAPE = 15.08234
Step 3 RMSE = 2.83032, MAE = 1.47990, MAPE = 15.66159
Step 4 RMSE = 2.98347, MAE = 1.53608, MAPE = 16.25080
Step 5 RMSE = 3.06515, MAE = 1.59651, MAPE = 17.11161
Step 6 RMSE = 3.16122, MAE = 1.61052, MAPE = 17.04833
Step 7 RMSE = 3.24260, MAE = 1.63284, MAPE = 17.45028
Step 8 RMSE = 3.34080, MAE = 1.68299, MAPE = 17.83823
Step 9 RMSE = 3.31737, MAE = 1.65313, MAPE = 17.62036
Step 10 RMSE = 3.42649, MAE = 1.71318, MAPE = 17.95227
Step 11 RMSE = 3.47711, MAE = 1.74960, MAPE = 18.64163
Step 12 RMSE = 3.51477, MAE = 1.77011, MAPE = 18.51794
Inference time: 1.52 s
--------- Test ---------
All Steps RMSE = 2.79481, MAE = 1.41420, MAPE = 15.78549
Step 1 RMSE = 2.22234, MAE = 1.18154, MAPE = 13.28236
Step 2 RMSE = 2.39715, MAE = 1.25349, MAPE = 14.00617
Step 3 RMSE = 2.52775, MAE = 1.30841, MAPE = 14.48978
Step 4 RMSE = 2.67500, MAE = 1.37739, MAPE = 15.49832
Step 5 RMSE = 2.72389, MAE = 1.38403, MAPE = 15.61995
Step 6 RMSE = 2.80538, MAE = 1.42124, MAPE = 15.85539
Step 7 RMSE = 2.86174, MAE = 1.43598, MAPE = 16.08990
Step 8 RMSE = 2.93410, MAE = 1.47544, MAPE = 16.49767
Step 9 RMSE = 2.94849, MAE = 1.48428, MAPE = 16.33851
Step 10 RMSE = 3.04234, MAE = 1.52398, MAPE = 17.04708
Step 11 RMSE = 3.09947, MAE = 1.55828, MAPE = 17.28335
Step 12 RMSE = 3.13957, MAE = 1.56631, MAPE = 17.41743
Inference time: 1.51 s
--------- Test ---------
All Steps RMSE = 3.10713, MAE = 1.54459, MAPE = 15.33676
Step 1 RMSE = 2.54794, MAE = 1.31626, MAPE = 12.77335
Step 2 RMSE = 2.77536, MAE = 1.40830, MAPE = 14.09775
Step 3 RMSE = 2.87565, MAE = 1.43144, MAPE = 14.37187
Step 4 RMSE = 3.01150, MAE = 1.50594, MAPE = 14.76030
Step 5 RMSE = 3.06215, MAE = 1.51546, MAPE = 15.26886
Step 6 RMSE = 3.12792, MAE = 1.55079, MAPE = 15.48362
Step 7 RMSE = 3.16361, MAE = 1.56935, MAPE = 15.21585
Step 8 RMSE = 3.23560, MAE = 1.59845, MAPE = 15.94956
Step 9 RMSE = 3.24252, MAE = 1.59484, MAPE = 15.70313
Step 10 RMSE = 3.31843, MAE = 1.63324, MAPE = 16.12248
Step 11 RMSE = 3.40963, MAE = 1.73707, MAPE = 17.66744
Step 12 RMSE = 3.39527, MAE = 1.67395, MAPE = 16.62697
Inference time: 1.51 s
--------- Test ---------
All Steps RMSE = 2.84017, MAE = 1.44630, MAPE = 14.89195
Step 1 RMSE = 2.26988, MAE = 1.20688, MAPE = 12.48921
Step 2 RMSE = 2.45652, MAE = 1.29355, MAPE = 13.46172
Step 3 RMSE = 2.56983, MAE = 1.33212, MAPE = 13.74512
Step 4 RMSE = 2.70772, MAE = 1.40327, MAPE = 14.58441
Step 5 RMSE = 2.74987, MAE = 1.40919, MAPE = 14.67202
Step 6 RMSE = 2.83745, MAE = 1.44864, MAPE = 14.63901
Step 7 RMSE = 2.90742, MAE = 1.46405, MAPE = 15.10634
Step 8 RMSE = 2.98395, MAE = 1.50532, MAPE = 15.38673
Step 9 RMSE = 3.00831, MAE = 1.51888, MAPE = 15.84329
Step 10 RMSE = 3.08148, MAE = 1.54307, MAPE = 15.60226
Step 11 RMSE = 3.14896, MAE = 1.61415, MAPE = 16.21946
Step 12 RMSE = 3.20070, MAE = 1.61649, MAPE = 16.95390
Inference time: 1.49 s
--------- Test ---------
All Steps RMSE = 2.70023, MAE = 1.39614, MAPE = 15.25505
Step 1 RMSE = 2.16846, MAE = 1.16517, MAPE = 12.89675
Step 2 RMSE = 2.34959, MAE = 1.25801, MAPE = 13.56213
Step 3 RMSE = 2.46080, MAE = 1.28190, MAPE = 13.90485
Step 4 RMSE = 2.59005, MAE = 1.34826, MAPE = 14.95837
Step 5 RMSE = 2.63132, MAE = 1.35049, MAPE = 14.96033
Step 6 RMSE = 2.71238, MAE = 1.40757, MAPE = 15.12875
Step 7 RMSE = 2.75772, MAE = 1.41445, MAPE = 15.49842
Step 8 RMSE = 2.83313, MAE = 1.46909, MAPE = 16.31788
Step 9 RMSE = 2.83458, MAE = 1.45666, MAPE = 15.79657
Step 10 RMSE = 2.92165, MAE = 1.50373, MAPE = 16.25616
Step 11 RMSE = 2.97931, MAE = 1.53527, MAPE = 16.70992
Step 12 RMSE = 3.02463, MAE = 1.56304, MAPE = 17.07047
Inference time: 1.51 s
--------- Test ---------
All Steps RMSE = 2.76346, MAE = 1.50857, MAPE = 15.19371
Step 1 RMSE = 2.24735, MAE = 1.31838, MAPE = 13.05643
Step 2 RMSE = 2.36886, MAE = 1.32659, MAPE = 13.48030
Step 3 RMSE = 2.54285, MAE = 1.44252, MAPE = 14.20115
Step 4 RMSE = 2.61775, MAE = 1.43885, MAPE = 14.56688
Step 5 RMSE = 2.70383, MAE = 1.50676, MAPE = 14.92919
Step 6 RMSE = 2.75227, MAE = 1.49447, MAPE = 15.29679
Step 7 RMSE = 2.84045, MAE = 1.54102, MAPE = 15.49511
Step 8 RMSE = 2.88723, MAE = 1.55269, MAPE = 15.88021
Step 9 RMSE = 2.93147, MAE = 1.59823, MAPE = 16.20542
Step 10 RMSE = 2.99574, MAE = 1.60597, MAPE = 16.21463
Step 11 RMSE = 3.05284, MAE = 1.63872, MAPE = 16.27356
Step 12 RMSE = 3.07924, MAE = 1.63866, MAPE = 16.72485
Inference time: 1.52 s
--------- Test ---------
All Steps RMSE = 2.53187, MAE = 1.43016, MAPE = 17.37627
Step 1 RMSE = 1.89032, MAE = 1.11271, MAPE = 13.27363
Step 2 RMSE = 2.07374, MAE = 1.21136, MAPE = 14.58017
Step 3 RMSE = 2.21176, MAE = 1.27583, MAPE = 15.29592
Step 4 RMSE = 2.34382, MAE = 1.33876, MAPE = 16.15747
Step 5 RMSE = 2.40940, MAE = 1.37194, MAPE = 16.58142
Step 6 RMSE = 2.50896, MAE = 1.41559, MAPE = 17.12412
Step 7 RMSE = 2.61940, MAE = 1.48250, MAPE = 18.17825
Step 8 RMSE = 2.68420, MAE = 1.50992, MAPE = 18.38431
Step 9 RMSE = 2.71603, MAE = 1.52660, MAPE = 18.49695
Step 10 RMSE = 2.83442, MAE = 1.59883, MAPE = 19.68777
Step 11 RMSE = 2.90635, MAE = 1.64899, MAPE = 20.52221
Step 12 RMSE = 2.93960, MAE = 1.66884, MAPE = 20.23295
Inference time: 1.51 s
--------- Test ---------
All Steps RMSE = 2.48187, MAE = 1.45528, MAPE = 16.25245
Step 1 RMSE = 1.88266, MAE = 1.15294, MAPE = 12.56372
Step 2 RMSE = 2.08236, MAE = 1.27750, MAPE = 13.94017
Step 3 RMSE = 2.19511, MAE = 1.32093, MAPE = 14.54370
Step 4 RMSE = 2.31982, MAE = 1.38582, MAPE = 15.16410
Step 5 RMSE = 2.39784, MAE = 1.43611, MAPE = 16.12929
Step 6 RMSE = 2.48683, MAE = 1.46625, MAPE = 16.23632
Step 7 RMSE = 2.55428, MAE = 1.48830, MAPE = 16.80958
Step 8 RMSE = 2.63510, MAE = 1.53703, MAPE = 17.25908
Step 9 RMSE = 2.63928, MAE = 1.52229, MAPE = 17.30334
Step 10 RMSE = 2.74326, MAE = 1.58859, MAPE = 17.78221
Step 11 RMSE = 2.79410, MAE = 1.62528, MAPE = 18.59818
Step 12 RMSE = 2.85226, MAE = 1.66227, MAPE = 18.69964
Inference time: 1.49 s
--------- Test ---------
All Steps RMSE = 2.48137, MAE = 1.42958, MAPE = 17.39763
Step 1 RMSE = 1.87928, MAE = 1.12138, MAPE = 13.64456
Step 2 RMSE = 2.05101, MAE = 1.21155, MAPE = 14.71023
Step 3 RMSE = 2.18194, MAE = 1.27801, MAPE = 15.45203
Step 4 RMSE = 2.32595, MAE = 1.34774, MAPE = 16.55338
Step 5 RMSE = 2.37988, MAE = 1.36787, MAPE = 16.88310
Step 6 RMSE = 2.47312, MAE = 1.41976, MAPE = 17.34577
Step 7 RMSE = 2.55136, MAE = 1.45950, MAPE = 17.90921
Step 8 RMSE = 2.62803, MAE = 1.50862, MAPE = 18.38186
Step 9 RMSE = 2.65679, MAE = 1.54496, MAPE = 18.47732
Step 10 RMSE = 2.75849, MAE = 1.58619, MAPE = 19.42559
Step 11 RMSE = 2.81038, MAE = 1.64378, MAPE = 19.82453
Step 12 RMSE = 2.86619, MAE = 1.66556, MAPE = 20.16394
Inference time: 1.52 s
--------- Test ---------
All Steps RMSE = 2.43082, MAE = 1.42928, MAPE = 17.60545
Step 1 RMSE = 1.86119, MAE = 1.14592, MAPE = 13.53380
Step 2 RMSE = 2.03788, MAE = 1.23033, MAPE = 15.21950
Step 3 RMSE = 2.14170, MAE = 1.27274, MAPE = 15.81141
Step 4 RMSE = 2.27216, MAE = 1.35176, MAPE = 16.22353
Step 5 RMSE = 2.32942, MAE = 1.37305, MAPE = 17.14004
Step 6 RMSE = 2.42028, MAE = 1.42306, MAPE = 17.56245
Step 7 RMSE = 2.49623, MAE = 1.47987, MAPE = 17.68033
Step 8 RMSE = 2.57421, MAE = 1.50309, MAPE = 18.63176
Step 9 RMSE = 2.59670, MAE = 1.51474, MAPE = 18.57567
Step 10 RMSE = 2.68210, MAE = 1.56763, MAPE = 19.33424
Step 11 RMSE = 2.77909, MAE = 1.65751, MAPE = 21.25675
Step 12 RMSE = 2.78185, MAE = 1.63160, MAPE = 20.29595
Inference time: 1.49 s
--------- Test ---------
All Steps RMSE = 2.58938, MAE = 1.53391, MAPE = 20.32411
Step 1 RMSE = 1.93202, MAE = 1.18367, MAPE = 15.81018
Step 2 RMSE = 2.10974, MAE = 1.28273, MAPE = 17.33465
Step 3 RMSE = 2.25019, MAE = 1.36044, MAPE = 18.17431
Step 4 RMSE = 2.38398, MAE = 1.42484, MAPE = 19.00232
Step 5 RMSE = 2.45740, MAE = 1.46331, MAPE = 19.73726
Step 6 RMSE = 2.56743, MAE = 1.52759, MAPE = 19.75183
Step 7 RMSE = 2.66461, MAE = 1.57545, MAPE = 20.91835
Step 8 RMSE = 2.75153, MAE = 1.62216, MAPE = 21.25081
Step 9 RMSE = 2.79591, MAE = 1.64380, MAPE = 22.17136
Step 10 RMSE = 2.90001, MAE = 1.72081, MAPE = 22.20192
Step 11 RMSE = 2.96657, MAE = 1.80228, MAPE = 23.18108
Step 12 RMSE = 3.03295, MAE = 1.79987, MAPE = 24.35527
Inference time: 1.51 s
--------- Test ---------
All Steps RMSE = 1.88343, MAE = 1.18207, MAPE = 12.65478
Step 1 RMSE = 1.51813, MAE = 0.97733, MAPE = 10.67827
Step 2 RMSE = 1.65116, MAE = 1.08540, MAPE = 11.34598
Step 3 RMSE = 1.72122, MAE = 1.09649, MAPE = 11.56779
Step 4 RMSE = 1.79878, MAE = 1.13015, MAPE = 12.23677
Step 5 RMSE = 1.83490, MAE = 1.14836, MAPE = 12.39325
Step 6 RMSE = 1.88765, MAE = 1.19049, MAPE = 12.42652
Step 7 RMSE = 1.93920, MAE = 1.20882, MAPE = 12.92143
Step 8 RMSE = 1.97554, MAE = 1.23044, MAPE = 13.46828
Step 9 RMSE = 1.98077, MAE = 1.23608, MAPE = 13.13205
Step 10 RMSE = 2.03889, MAE = 1.27230, MAPE = 13.52680
Step 11 RMSE = 2.07311, MAE = 1.30127, MAPE = 13.97917
Step 12 RMSE = 2.08970, MAE = 1.30777, MAPE = 14.18098
Inference time: 1.52 s
--------- Test ---------
All Steps RMSE = 2.72613, MAE = 1.61486, MAPE = 19.69592
Step 1 RMSE = 2.09504, MAE = 1.33046, MAPE = 15.40351
Step 2 RMSE = 2.22953, MAE = 1.36837, MAPE = 16.39472
Step 3 RMSE = 2.42084, MAE = 1.49321, MAPE = 17.36175
Step 4 RMSE = 2.51686, MAE = 1.50739, MAPE = 18.22985
Step 5 RMSE = 2.61831, MAE = 1.59747, MAPE = 18.76424
Step 6 RMSE = 2.70768, MAE = 1.59313, MAPE = 19.73045
Step 7 RMSE = 2.81225, MAE = 1.65675, MAPE = 20.29641
Step 8 RMSE = 2.89148, MAE = 1.68783, MAPE = 21.09392
Step 9 RMSE = 2.94583, MAE = 1.73198, MAPE = 21.60558
Step 10 RMSE = 3.02242, MAE = 1.76274, MAPE = 21.96898
Step 11 RMSE = 3.09068, MAE = 1.82465, MAPE = 22.38139
Step 12 RMSE = 3.13123, MAE = 1.82433, MAPE = 23.12017
Inference time: 1.52 s
--------- Test ---------
All Steps RMSE = 2.63138, MAE = 1.52751, MAPE = 21.71556
Step 1 RMSE = 1.95160, MAE = 1.17525, MAPE = 16.23379
Step 2 RMSE = 2.14667, MAE = 1.28662, MAPE = 17.92849
Step 3 RMSE = 2.29703, MAE = 1.36024, MAPE = 18.83777
Step 4 RMSE = 2.43842, MAE = 1.43161, MAPE = 19.99826
Step 5 RMSE = 2.51034, MAE = 1.47001, MAPE = 20.65290
Step 6 RMSE = 2.60969, MAE = 1.51268, MAPE = 21.34543
Step 7 RMSE = 2.73137, MAE = 1.58877, MAPE = 22.84332
Step 8 RMSE = 2.79576, MAE = 1.61759, MAPE = 23.09549
Step 9 RMSE = 2.82509, MAE = 1.63467, MAPE = 23.22515
Step 10 RMSE = 2.94788, MAE = 1.71057, MAPE = 24.86297
Step 11 RMSE = 3.01810, MAE = 1.76229, MAPE = 26.01650
Step 12 RMSE = 3.04655, MAE = 1.77987, MAPE = 25.54656
Inference time: 1.49 s
--------- Test ---------
All Steps RMSE = 2.47311, MAE = 1.46089, MAPE = 16.92389
Step 1 RMSE = 1.84410, MAE = 1.13855, MAPE = 12.89083
Step 2 RMSE = 2.04634, MAE = 1.26679, MAPE = 14.40905
Step 3 RMSE = 2.16636, MAE = 1.31487, MAPE = 15.10706
Step 4 RMSE = 2.29714, MAE = 1.38071, MAPE = 15.70440
Step 5 RMSE = 2.37336, MAE = 1.43519, MAPE = 16.78360
Step 6 RMSE = 2.46754, MAE = 1.46595, MAPE = 16.85619
Step 7 RMSE = 2.54159, MAE = 1.49619, MAPE = 17.53491
Step 8 RMSE = 2.62962, MAE = 1.54626, MAPE = 17.94371
Step 9 RMSE = 2.63894, MAE = 1.53405, MAPE = 18.06483
Step 10 RMSE = 2.75555, MAE = 1.61006, MAPE = 18.63524
Step 11 RMSE = 2.81197, MAE = 1.64974, MAPE = 19.50771
Step 12 RMSE = 2.87691, MAE = 1.69229, MAPE = 19.64903
Inference time: 1.51 s
--------- Test ---------
All Steps RMSE = 2.37104, MAE = 1.40079, MAPE = 17.35386
Step 1 RMSE = 1.82330, MAE = 1.11079, MAPE = 13.69179
Step 2 RMSE = 1.98244, MAE = 1.19653, MAPE = 14.72555
Step 3 RMSE = 2.10602, MAE = 1.26156, MAPE = 15.43602
Step 4 RMSE = 2.23214, MAE = 1.32690, MAPE = 16.51861
Step 5 RMSE = 2.28314, MAE = 1.35046, MAPE = 16.89811
Step 6 RMSE = 2.36376, MAE = 1.39448, MAPE = 17.30320
Step 7 RMSE = 2.43963, MAE = 1.43747, MAPE = 17.94098
Step 8 RMSE = 2.50495, MAE = 1.47603, MAPE = 18.32922
Step 9 RMSE = 2.53336, MAE = 1.51072, MAPE = 18.42796
Step 10 RMSE = 2.62566, MAE = 1.54552, MAPE = 19.36429
Step 11 RMSE = 2.66352, MAE = 1.58834, MAPE = 19.66092
Step 12 RMSE = 2.71235, MAE = 1.61069, MAPE = 19.94967
Inference time: 1.45 s
