Loss: HuberLoss

2024-11-12 19:03:50.149450 Epoch 1  	Train Loss = 1.93710 Val Loss = 1.27400
2024-11-12 20:18:09.419367 Epoch 2  	Train Loss = 1.34058 Val Loss = 1.24001
2024-11-12 21:22:23.406900 Epoch 3  	Train Loss = 1.31189 Val Loss = 1.20743
2024-11-12 22:25:59.443622 Epoch 4  	Train Loss = 1.28430 Val Loss = 1.18083
2024-11-12 23:20:02.369803 Epoch 5  	Train Loss = 1.25765 Val Loss = 1.15743
2024-11-13 00:09:53.114270 Epoch 6  	Train Loss = 1.23464 Val Loss = 1.13380
2024-11-13 01:03:43.943811 Epoch 7  	Train Loss = 1.21725 Val Loss = 1.11779
2024-11-13 02:03:05.948291 Epoch 8  	Train Loss = 1.19965 Val Loss = 1.10226
2024-11-13 03:03:16.709673 Epoch 9  	Train Loss = 1.18347 Val Loss = 1.08930
2024-11-13 04:01:18.719217 Epoch 10  	Train Loss = 1.17122 Val Loss = 1.07545
Early stopping at epoch: 10
Best at epoch 10:
Train Loss = 1.17122
Train RMSE = 2.79286, MAE = 1.64353, MAPE = 28.70028
Val Loss = 1.07545
Val RMSE = 2.55543, MAE = 1.51772, MAPE = 18.01227
Saved Model: ../saved_models/STAEformer-didi-2024-11-12-17-46-36.pt
--------- Test ---------
All Steps RMSE = 2.46219, MAE = 1.54719, MAPE = 18.10038
Step 1 RMSE = 1.91765, MAE = 1.23407, MAPE = 14.59378
Step 2 RMSE = 2.02773, MAE = 1.25065, MAPE = 15.88571
Step 3 RMSE = 2.18264, MAE = 1.36179, MAPE = 16.32804
Step 4 RMSE = 2.45304, MAE = 1.65282, MAPE = 17.74615
Step 5 RMSE = 2.41408, MAE = 1.57065, MAPE = 17.84292
Step 6 RMSE = 2.39487, MAE = 1.42656, MAPE = 18.14826
Step 7 RMSE = 2.54818, MAE = 1.63376, MAPE = 18.59112
Step 8 RMSE = 2.55314, MAE = 1.58094, MAPE = 18.74383
Step 9 RMSE = 2.62836, MAE = 1.61784, MAPE = 19.15313
Step 10 RMSE = 2.82472, MAE = 1.91453, MAPE = 20.24250
Step 11 RMSE = 2.70611, MAE = 1.66975, MAPE = 19.92960
Step 12 RMSE = 2.71899, MAE = 1.65293, MAPE = 19.99948
Inference time: 1.51 s
--------- Test ---------
All Steps RMSE = 2.44722, MAE = 1.47208, MAPE = 17.08912
Step 1 RMSE = 1.90556, MAE = 1.21542, MAPE = 13.43556
Step 2 RMSE = 2.03782, MAE = 1.26890, MAPE = 14.47635
Step 3 RMSE = 2.18303, MAE = 1.34562, MAPE = 15.37681
Step 4 RMSE = 2.31930, MAE = 1.40876, MAPE = 16.39882
Step 5 RMSE = 2.34667, MAE = 1.42547, MAPE = 16.61845
Step 6 RMSE = 2.43752, MAE = 1.46724, MAPE = 16.88679
Step 7 RMSE = 2.50106, MAE = 1.49811, MAPE = 17.51069
Step 8 RMSE = 2.56607, MAE = 1.53045, MAPE = 17.79490
Step 9 RMSE = 2.64237, MAE = 1.57935, MAPE = 18.44471
Step 10 RMSE = 2.71091, MAE = 1.62730, MAPE = 19.24885
Step 11 RMSE = 2.75783, MAE = 1.64676, MAPE = 19.42448
Step 12 RMSE = 2.77716, MAE = 1.65159, MAPE = 19.45298
Inference time: 1.52 s
--------- Test ---------
All Steps RMSE = 2.36917, MAE = 1.39317, MAPE = 17.45677
Step 1 RMSE = 1.82162, MAE = 1.12279, MAPE = 13.73982
Step 2 RMSE = 1.97709, MAE = 1.20749, MAPE = 15.03878
Step 3 RMSE = 2.09034, MAE = 1.25538, MAPE = 15.35390
Step 4 RMSE = 2.22337, MAE = 1.31730, MAPE = 16.45433
Step 5 RMSE = 2.26526, MAE = 1.34800, MAPE = 16.93094
Step 6 RMSE = 2.35840, MAE = 1.38949, MAPE = 17.49893
Step 7 RMSE = 2.41547, MAE = 1.43292, MAPE = 17.57290
Step 8 RMSE = 2.48181, MAE = 1.45395, MAPE = 18.47122
Step 9 RMSE = 2.56875, MAE = 1.49759, MAPE = 19.01632
Step 10 RMSE = 2.62060, MAE = 1.53293, MAPE = 19.01201
Step 11 RMSE = 2.68323, MAE = 1.56417, MAPE = 19.91345
Step 12 RMSE = 2.73178, MAE = 1.59602, MAPE = 20.47861
Inference time: 1.50 s
--------- Test ---------
All Steps RMSE = 1.89329, MAE = 1.21868, MAPE = 14.64960
Step 1 RMSE = 1.57931, MAE = 1.05521, MAPE = 12.81172
Step 2 RMSE = 1.66227, MAE = 1.08992, MAPE = 13.09363
Step 3 RMSE = 1.73962, MAE = 1.13952, MAPE = 13.13671
Step 4 RMSE = 1.81408, MAE = 1.16379, MAPE = 14.09994
Step 5 RMSE = 1.87471, MAE = 1.20998, MAPE = 15.09713
Step 6 RMSE = 1.87270, MAE = 1.20299, MAPE = 14.08027
Step 7 RMSE = 1.90845, MAE = 1.21855, MAPE = 14.28609
Step 8 RMSE = 2.00767, MAE = 1.30395, MAPE = 16.10056
Step 9 RMSE = 1.98498, MAE = 1.26398, MAPE = 14.90501
Step 10 RMSE = 2.04739, MAE = 1.31362, MAPE = 15.85991
Step 11 RMSE = 2.07230, MAE = 1.33169, MAPE = 16.23056
Step 12 RMSE = 2.07824, MAE = 1.33096, MAPE = 16.09371
Inference time: 1.52 s
--------- Test ---------
All Steps RMSE = 2.51413, MAE = 1.49978, MAPE = 19.66895
Step 1 RMSE = 1.91985, MAE = 1.18775, MAPE = 15.22159
Step 2 RMSE = 2.10221, MAE = 1.29377, MAPE = 16.74892
Step 3 RMSE = 2.24777, MAE = 1.37615, MAPE = 17.94073
Step 4 RMSE = 2.37201, MAE = 1.42815, MAPE = 18.20441
Step 5 RMSE = 2.40307, MAE = 1.44174, MAPE = 19.39454
Step 6 RMSE = 2.49390, MAE = 1.48925, MAPE = 19.22561
Step 7 RMSE = 2.56980, MAE = 1.53504, MAPE = 20.33931
Step 8 RMSE = 2.63354, MAE = 1.56272, MAPE = 20.43659
Step 9 RMSE = 2.73401, MAE = 1.62192, MAPE = 21.30673
Step 10 RMSE = 2.77499, MAE = 1.65128, MAPE = 22.05519
Step 11 RMSE = 2.83602, MAE = 1.68868, MAPE = 22.36149
Step 12 RMSE = 2.88345, MAE = 1.72092, MAPE = 22.79216
Inference time: 1.52 s
--------- Test ---------
All Steps RMSE = 2.42923, MAE = 1.41033, MAPE = 17.66132
Step 1 RMSE = 1.88576, MAE = 1.13115, MAPE = 13.53757
Step 2 RMSE = 2.04821, MAE = 1.22587, MAPE = 14.65557
Step 3 RMSE = 2.16811, MAE = 1.27661, MAPE = 15.65842
Step 4 RMSE = 2.32413, MAE = 1.36164, MAPE = 17.22442
Step 5 RMSE = 2.35904, MAE = 1.38909, MAPE = 16.82591
Step 6 RMSE = 2.42749, MAE = 1.39908, MAPE = 17.68331
Step 7 RMSE = 2.50909, MAE = 1.46103, MAPE = 18.92181
Step 8 RMSE = 2.54170, MAE = 1.47382, MAPE = 18.36622
Step 9 RMSE = 2.63125, MAE = 1.51539, MAPE = 19.47188
Step 10 RMSE = 2.66507, MAE = 1.54067, MAPE = 19.85027
Step 11 RMSE = 2.69793, MAE = 1.56766, MAPE = 19.76422
Step 12 RMSE = 2.72799, MAE = 1.58201, MAPE = 19.97626
Inference time: 1.52 s
--------- Test ---------
All Steps RMSE = 2.87029, MAE = 1.43126, MAPE = 17.66865
Step 1 RMSE = 2.14758, MAE = 1.15109, MAPE = 13.79453
Step 2 RMSE = 2.32758, MAE = 1.22716, MAPE = 14.92500
Step 3 RMSE = 2.50781, MAE = 1.30902, MAPE = 15.87515
Step 4 RMSE = 2.66438, MAE = 1.35290, MAPE = 16.79330
Step 5 RMSE = 2.72332, MAE = 1.37147, MAPE = 17.07515
Step 6 RMSE = 2.84409, MAE = 1.41552, MAPE = 17.47448
Step 7 RMSE = 2.95165, MAE = 1.48482, MAPE = 18.59830
Step 8 RMSE = 3.03112, MAE = 1.48368, MAPE = 18.35616
Step 9 RMSE = 3.16749, MAE = 1.59999, MAPE = 19.84973
Step 10 RMSE = 3.20113, MAE = 1.55546, MAPE = 19.31898
Step 11 RMSE = 3.27555, MAE = 1.60183, MAPE = 19.80606
Step 12 RMSE = 3.32115, MAE = 1.62222, MAPE = 20.15696
Inference time: 1.49 s
--------- Test ---------
All Steps RMSE = 3.10976, MAE = 1.63674, MAPE = 17.09040
Step 1 RMSE = 2.47107, MAE = 1.33288, MAPE = 14.17473
Step 2 RMSE = 2.63712, MAE = 1.37595, MAPE = 15.42720
Step 3 RMSE = 2.80160, MAE = 1.45995, MAPE = 15.64900
Step 4 RMSE = 3.06331, MAE = 1.72940, MAPE = 16.88310
Step 5 RMSE = 3.05343, MAE = 1.65663, MAPE = 16.95830
Step 6 RMSE = 3.07315, MAE = 1.54751, MAPE = 17.32626
Step 7 RMSE = 3.19576, MAE = 1.71330, MAPE = 17.46245
Step 8 RMSE = 3.23973, MAE = 1.67668, MAPE = 17.67046
Step 9 RMSE = 3.31104, MAE = 1.69254, MAPE = 17.78653
Step 10 RMSE = 3.47392, MAE = 1.97470, MAPE = 18.76857
Step 11 RMSE = 3.39649, MAE = 1.74398, MAPE = 18.44516
Step 12 RMSE = 3.42208, MAE = 1.73734, MAPE = 18.53309
Inference time: 1.52 s
--------- Test ---------
All Steps RMSE = 2.89291, MAE = 1.51629, MAPE = 15.40909
Step 1 RMSE = 2.35390, MAE = 1.30781, MAPE = 12.80223
Step 2 RMSE = 2.50391, MAE = 1.37511, MAPE = 13.79119
Step 3 RMSE = 2.66006, MAE = 1.43871, MAPE = 14.34797
Step 4 RMSE = 2.78482, MAE = 1.48760, MAPE = 15.11823
Step 5 RMSE = 2.83484, MAE = 1.50654, MAPE = 15.33078
Step 6 RMSE = 2.89172, MAE = 1.51837, MAPE = 15.35170
Step 7 RMSE = 2.93241, MAE = 1.51983, MAPE = 15.59815
Step 8 RMSE = 3.00494, MAE = 1.55473, MAPE = 15.84816
Step 9 RMSE = 3.06211, MAE = 1.58188, MAPE = 16.16327
Step 10 RMSE = 3.14055, MAE = 1.62710, MAPE = 16.73742
Step 11 RMSE = 3.19039, MAE = 1.63987, MAPE = 16.89244
Step 12 RMSE = 3.21561, MAE = 1.63790, MAPE = 16.92760
Inference time: 1.52 s
--------- Test ---------
All Steps RMSE = 3.10456, MAE = 1.53565, MAPE = 14.99315
Step 1 RMSE = 2.58500, MAE = 1.31367, MAPE = 12.77954
Step 2 RMSE = 2.76957, MAE = 1.40964, MAPE = 13.84665
Step 3 RMSE = 2.89990, MAE = 1.43459, MAPE = 13.94405
Step 4 RMSE = 3.01920, MAE = 1.49735, MAPE = 14.70379
Step 5 RMSE = 3.07891, MAE = 1.53387, MAPE = 15.02872
Step 6 RMSE = 3.12313, MAE = 1.55429, MAPE = 15.25984
Step 7 RMSE = 3.14550, MAE = 1.54359, MAPE = 14.90960
Step 8 RMSE = 3.21343, MAE = 1.59170, MAPE = 15.62452
Step 9 RMSE = 3.26414, MAE = 1.60280, MAPE = 15.65356
Step 10 RMSE = 3.30193, MAE = 1.61478, MAPE = 15.50280
Step 11 RMSE = 3.34618, MAE = 1.64231, MAPE = 16.07697
Step 12 RMSE = 3.40201, MAE = 1.68922, MAPE = 16.58781
Inference time: 1.52 s
--------- Test ---------
All Steps RMSE = 2.84674, MAE = 1.49855, MAPE = 15.52580
Step 1 RMSE = 2.32452, MAE = 1.26755, MAPE = 13.17406
Step 2 RMSE = 2.47109, MAE = 1.32901, MAPE = 13.64794
Step 3 RMSE = 2.58368, MAE = 1.35995, MAPE = 13.62211
Step 4 RMSE = 2.71638, MAE = 1.42810, MAPE = 14.79961
Step 5 RMSE = 2.80738, MAE = 1.51402, MAPE = 15.90859
Step 6 RMSE = 2.81322, MAE = 1.46497, MAPE = 14.89629
Step 7 RMSE = 2.87372, MAE = 1.48022, MAPE = 15.10048
Step 8 RMSE = 3.00166, MAE = 1.62681, MAPE = 17.20090
Step 9 RMSE = 3.01025, MAE = 1.54759, MAPE = 15.95450
Step 10 RMSE = 3.09399, MAE = 1.63552, MAPE = 17.06246
Step 11 RMSE = 3.14530, MAE = 1.66352, MAPE = 17.50167
Step 12 RMSE = 3.17687, MAE = 1.66535, MAPE = 17.44093
Inference time: 1.52 s
--------- Test ---------
All Steps RMSE = 2.72442, MAE = 1.39995, MAPE = 14.48042
Step 1 RMSE = 2.19536, MAE = 1.15603, MAPE = 11.95903
Step 2 RMSE = 2.37217, MAE = 1.27096, MAPE = 13.12699
Step 3 RMSE = 2.52525, MAE = 1.34082, MAPE = 13.88120
Step 4 RMSE = 2.61514, MAE = 1.34845, MAPE = 13.81806
Step 5 RMSE = 2.66954, MAE = 1.38863, MAPE = 14.66372
Step 6 RMSE = 2.71556, MAE = 1.38696, MAPE = 14.28398
Step 7 RMSE = 2.77232, MAE = 1.41573, MAPE = 14.83710
Step 8 RMSE = 2.83778, MAE = 1.44941, MAPE = 14.96348
Step 9 RMSE = 2.90608, MAE = 1.48237, MAPE = 15.17472
Step 10 RMSE = 2.93800, MAE = 1.49785, MAPE = 15.52147
Step 11 RMSE = 2.98458, MAE = 1.51530, MAPE = 15.62661
Step 12 RMSE = 3.03026, MAE = 1.54688, MAPE = 15.90871
Inference time: 1.52 s
--------- Test ---------
All Steps RMSE = 2.66241, MAE = 1.37332, MAPE = 13.88977
Step 1 RMSE = 2.14934, MAE = 1.13988, MAPE = 11.44189
Step 2 RMSE = 2.30893, MAE = 1.23391, MAPE = 12.23218
Step 3 RMSE = 2.41662, MAE = 1.26457, MAPE = 12.74503
Step 4 RMSE = 2.56231, MAE = 1.35308, MAPE = 13.83322
Step 5 RMSE = 2.59427, MAE = 1.35799, MAPE = 13.48581
Step 6 RMSE = 2.65227, MAE = 1.36665, MAPE = 13.93047
Step 7 RMSE = 2.73513, MAE = 1.43384, MAPE = 14.82306
Step 8 RMSE = 2.76944, MAE = 1.41166, MAPE = 14.20279
Step 9 RMSE = 2.84858, MAE = 1.45861, MAPE = 14.86991
Step 10 RMSE = 2.88561, MAE = 1.47768, MAPE = 15.07532
Step 11 RMSE = 2.92232, MAE = 1.47978, MAPE = 14.91348
Step 12 RMSE = 2.96782, MAE = 1.50223, MAPE = 15.12399
Inference time: 1.50 s
--------- Test ---------
All Steps RMSE = 2.54551, MAE = 1.44019, MAPE = 17.13925
Step 1 RMSE = 1.93359, MAE = 1.14670, MAPE = 13.13906
Step 2 RMSE = 2.09172, MAE = 1.22748, MAPE = 14.26439
Step 3 RMSE = 2.24293, MAE = 1.30764, MAPE = 15.24371
Step 4 RMSE = 2.37551, MAE = 1.35319, MAPE = 16.06332
Step 5 RMSE = 2.41608, MAE = 1.37513, MAPE = 16.45131
Step 6 RMSE = 2.52324, MAE = 1.42580, MAPE = 16.83205
Step 7 RMSE = 2.61512, MAE = 1.48917, MAPE = 17.90493
Step 8 RMSE = 2.67034, MAE = 1.50100, MAPE = 17.76906
Step 9 RMSE = 2.80996, MAE = 1.60414, MAPE = 19.40254
Step 10 RMSE = 2.82130, MAE = 1.58153, MAPE = 19.07996
Step 11 RMSE = 2.89142, MAE = 1.62274, MAPE = 19.58144
Step 12 RMSE = 2.92879, MAE = 1.64773, MAPE = 19.93918
Inference time: 1.51 s
--------- Test ---------
All Steps RMSE = 2.44520, MAE = 1.50353, MAPE = 16.45416
Step 1 RMSE = 1.90952, MAE = 1.20018, MAPE = 13.19194
Step 2 RMSE = 2.01902, MAE = 1.21819, MAPE = 14.29075
Step 3 RMSE = 2.15909, MAE = 1.31728, MAPE = 14.66952
Step 4 RMSE = 2.42063, MAE = 1.60528, MAPE = 16.13862
Step 5 RMSE = 2.38429, MAE = 1.52225, MAPE = 16.15845
Step 6 RMSE = 2.37122, MAE = 1.38374, MAPE = 16.35336
Step 7 RMSE = 2.51874, MAE = 1.58338, MAPE = 16.86417
Step 8 RMSE = 2.53285, MAE = 1.53277, MAPE = 17.01288
Step 9 RMSE = 2.61177, MAE = 1.56741, MAPE = 17.43957
Step 10 RMSE = 2.80703, MAE = 1.86550, MAPE = 18.63388
Step 11 RMSE = 2.70210, MAE = 1.62583, MAPE = 18.26930
Step 12 RMSE = 2.72674, MAE = 1.62049, MAPE = 18.42747
Inference time: 1.52 s
--------- Test ---------
All Steps RMSE = 2.54836, MAE = 1.49708, MAPE = 17.01826
Step 1 RMSE = 1.99125, MAE = 1.24289, MAPE = 13.36706
Step 2 RMSE = 2.13109, MAE = 1.29865, MAPE = 14.43297
Step 3 RMSE = 2.27770, MAE = 1.37401, MAPE = 15.31894
Step 4 RMSE = 2.42080, MAE = 1.43404, MAPE = 16.33510
Step 5 RMSE = 2.44556, MAE = 1.44928, MAPE = 16.53760
Step 6 RMSE = 2.53471, MAE = 1.49111, MAPE = 16.85341
Step 7 RMSE = 2.59508, MAE = 1.51625, MAPE = 17.41716
Step 8 RMSE = 2.66361, MAE = 1.55085, MAPE = 17.69652
Step 9 RMSE = 2.74323, MAE = 1.59850, MAPE = 18.34099
Step 10 RMSE = 2.81878, MAE = 1.65140, MAPE = 19.13779
Step 11 RMSE = 2.87502, MAE = 1.67553, MAPE = 19.37094
Step 12 RMSE = 2.89888, MAE = 1.68251, MAPE = 19.41070
Inference time: 1.49 s
--------- Test ---------
All Steps RMSE = 2.41777, MAE = 1.40918, MAPE = 17.34819
Step 1 RMSE = 1.88333, MAE = 1.14008, MAPE = 13.82812
Step 2 RMSE = 2.04335, MAE = 1.22736, MAPE = 15.14615
Step 3 RMSE = 2.15454, MAE = 1.27485, MAPE = 15.48814
Step 4 RMSE = 2.28873, MAE = 1.33802, MAPE = 16.51538
Step 5 RMSE = 2.32863, MAE = 1.36637, MAPE = 16.93482
Step 6 RMSE = 2.41434, MAE = 1.40884, MAPE = 17.43576
Step 7 RMSE = 2.47129, MAE = 1.45120, MAPE = 17.50272
Step 8 RMSE = 2.53176, MAE = 1.47472, MAPE = 18.28796
Step 9 RMSE = 2.60864, MAE = 1.50824, MAPE = 18.71330
Step 10 RMSE = 2.65554, MAE = 1.54471, MAPE = 18.77068
Step 11 RMSE = 2.70884, MAE = 1.57356, MAPE = 19.53220
Step 12 RMSE = 2.75345, MAE = 1.60227, MAPE = 20.02305
Inference time: 1.52 s
--------- Test ---------
All Steps RMSE = 2.60757, MAE = 1.59222, MAPE = 21.61314
Step 1 RMSE = 2.02574, MAE = 1.28691, MAPE = 17.50849
Step 2 RMSE = 2.16689, MAE = 1.35638, MAPE = 18.28474
Step 3 RMSE = 2.30322, MAE = 1.44988, MAPE = 18.79334
Step 4 RMSE = 2.44641, MAE = 1.49751, MAPE = 20.32641
Step 5 RMSE = 2.51258, MAE = 1.54249, MAPE = 21.60704
Step 6 RMSE = 2.57027, MAE = 1.57584, MAPE = 20.81711
Step 7 RMSE = 2.64999, MAE = 1.62035, MAPE = 21.50541
Step 8 RMSE = 2.76017, MAE = 1.69335, MAPE = 23.64713
Step 9 RMSE = 2.81253, MAE = 1.70724, MAPE = 22.90269
Step 10 RMSE = 2.90183, MAE = 1.76876, MAPE = 24.31792
Step 11 RMSE = 2.95564, MAE = 1.80056, MAPE = 24.87492
Step 12 RMSE = 2.97950, MAE = 1.80733, MAPE = 24.77250
Inference time: 1.51 s
--------- Test ---------
All Steps RMSE = 1.87859, MAE = 1.15058, MAPE = 11.78094
Step 1 RMSE = 1.52717, MAE = 0.97250, MAPE = 9.92803
Step 2 RMSE = 1.65376, MAE = 1.04447, MAPE = 10.72912
Step 3 RMSE = 1.75067, MAE = 1.09766, MAPE = 11.31634
Step 4 RMSE = 1.81283, MAE = 1.11495, MAPE = 11.23369
Step 5 RMSE = 1.84127, MAE = 1.13171, MAPE = 11.92078
Step 6 RMSE = 1.88212, MAE = 1.14425, MAPE = 11.56717
Step 7 RMSE = 1.91839, MAE = 1.16772, MAPE = 12.07821
Step 8 RMSE = 1.95786, MAE = 1.18787, MAPE = 12.07041
Step 9 RMSE = 1.99255, MAE = 1.20700, MAPE = 12.26885
Step 10 RMSE = 2.01382, MAE = 1.22355, MAPE = 12.62431
Step 11 RMSE = 2.04169, MAE = 1.24559, MAPE = 12.72037
Step 12 RMSE = 2.07130, MAE = 1.26967, MAPE = 12.91400
Inference time: 1.51 s
--------- Test ---------
All Steps RMSE = 2.62574, MAE = 1.49271, MAPE = 18.56587
Step 1 RMSE = 1.99083, MAE = 1.17699, MAPE = 13.97591
Step 2 RMSE = 2.17421, MAE = 1.28552, MAPE = 15.23999
Step 3 RMSE = 2.30602, MAE = 1.33745, MAPE = 16.29618
Step 4 RMSE = 2.48450, MAE = 1.43364, MAPE = 17.89707
Step 5 RMSE = 2.50938, MAE = 1.45529, MAPE = 17.61681
Step 6 RMSE = 2.60332, MAE = 1.47680, MAPE = 18.49736
Step 7 RMSE = 2.70599, MAE = 1.54619, MAPE = 19.75686
Step 8 RMSE = 2.74929, MAE = 1.55754, MAPE = 19.32833
Step 9 RMSE = 2.87598, MAE = 1.62075, MAPE = 20.61028
Step 10 RMSE = 2.92413, MAE = 1.64963, MAPE = 21.08384
Step 11 RMSE = 2.95704, MAE = 1.67513, MAPE = 21.10014
Step 12 RMSE = 3.00534, MAE = 1.69755, MAPE = 21.38777
Inference time: 1.49 s
--------- Test ---------
All Steps RMSE = 2.65188, MAE = 1.54294, MAPE = 21.44846
Step 1 RMSE = 2.00888, MAE = 1.22620, MAPE = 16.15798
Step 2 RMSE = 2.18079, MAE = 1.31218, MAPE = 17.60363
Step 3 RMSE = 2.34217, MAE = 1.40229, MAPE = 18.86944
Step 4 RMSE = 2.47717, MAE = 1.44978, MAPE = 19.96467
Step 5 RMSE = 2.52244, MAE = 1.47591, MAPE = 20.52361
Step 6 RMSE = 2.63417, MAE = 1.53191, MAPE = 20.97873
Step 7 RMSE = 2.72652, MAE = 1.59604, MAPE = 22.44178
Step 8 RMSE = 2.78725, MAE = 1.61618, MAPE = 22.35461
Step 9 RMSE = 2.92344, MAE = 1.71101, MAPE = 24.39904
Step 10 RMSE = 2.94014, MAE = 1.69857, MAPE = 24.13315
Step 11 RMSE = 3.00420, MAE = 1.73612, MAPE = 24.73517
Step 12 RMSE = 3.04232, MAE = 1.75907, MAPE = 25.21978
Inference time: 1.51 s
--------- Test ---------
All Steps RMSE = 2.44251, MAE = 1.52387, MAPE = 17.22037
Step 1 RMSE = 1.87828, MAE = 1.20257, MAPE = 13.67676
Step 2 RMSE = 1.99137, MAE = 1.21625, MAPE = 14.83770
Step 3 RMSE = 2.13490, MAE = 1.32328, MAPE = 15.29047
Step 4 RMSE = 2.41105, MAE = 1.62505, MAPE = 16.86617
Step 5 RMSE = 2.37020, MAE = 1.54104, MAPE = 16.87461
Step 6 RMSE = 2.35384, MAE = 1.39200, MAPE = 17.06028
Step 7 RMSE = 2.51351, MAE = 1.60885, MAPE = 17.67425
Step 8 RMSE = 2.53275, MAE = 1.55699, MAPE = 17.82754
Step 9 RMSE = 2.62214, MAE = 1.60106, MAPE = 18.35561
Step 10 RMSE = 2.82676, MAE = 1.90697, MAPE = 19.59251
Step 11 RMSE = 2.72472, MAE = 1.66308, MAPE = 19.23292
Step 12 RMSE = 2.74668, MAE = 1.64932, MAPE = 19.35564
Inference time: 1.51 s
--------- Test ---------
All Steps RMSE = 2.44439, MAE = 1.48437, MAPE = 17.01971
Step 1 RMSE = 1.93702, MAE = 1.24171, MAPE = 13.49250
Step 2 RMSE = 2.06751, MAE = 1.29766, MAPE = 14.55491
Step 3 RMSE = 2.20573, MAE = 1.37160, MAPE = 15.43161
Step 4 RMSE = 2.33449, MAE = 1.43505, MAPE = 16.45349
Step 5 RMSE = 2.35288, MAE = 1.44471, MAPE = 16.60230
Step 6 RMSE = 2.43386, MAE = 1.48098, MAPE = 16.83645
Step 7 RMSE = 2.49113, MAE = 1.50664, MAPE = 17.41543
Step 8 RMSE = 2.55088, MAE = 1.53809, MAPE = 17.68775
Step 9 RMSE = 2.62477, MAE = 1.58153, MAPE = 18.31141
Step 10 RMSE = 2.69106, MAE = 1.62701, MAPE = 19.05325
Step 11 RMSE = 2.73460, MAE = 1.64215, MAPE = 19.19560
Step 12 RMSE = 2.75270, MAE = 1.64532, MAPE = 19.20184
Inference time: 1.46 s
