Loss: HuberLoss

2024-12-11 14:10:15.697592 Epoch 1  	Train Loss = 1.61009 Val Loss = 1.17673
2024-12-11 15:02:29.877252 Epoch 2  	Train Loss = 1.12984 Val Loss = 1.16806
2024-12-11 15:57:26.002023 Epoch 3  	Train Loss = 1.12048 Val Loss = 1.16001
2024-12-11 16:52:36.626335 Epoch 4  	Train Loss = 1.11207 Val Loss = 1.15234
2024-12-11 17:49:37.633568 Epoch 5  	Train Loss = 1.10434 Val Loss = 1.14580
2024-12-11 18:46:12.609035 Epoch 6  	Train Loss = 1.09743 Val Loss = 1.13971
2024-12-11 19:45:30.998181 Epoch 7  	Train Loss = 1.09127 Val Loss = 1.13441
2024-12-11 20:39:09.199602 Epoch 8  	Train Loss = 1.08564 Val Loss = 1.12895
2024-12-11 21:32:08.752659 Epoch 9  	Train Loss = 1.08039 Val Loss = 1.12448
2024-12-11 22:23:38.423006 Epoch 10  	Train Loss = 1.07556 Val Loss = 1.12017
2024-12-11 23:06:22.755219 Epoch 11  	Train Loss = 1.07104 Val Loss = 1.11597
2024-12-11 23:45:55.957904 Epoch 12  	Train Loss = 1.06678 Val Loss = 1.11239
2024-12-12 00:26:10.106993 Epoch 13  	Train Loss = 1.06280 Val Loss = 1.10945
2024-12-12 01:15:48.079090 Epoch 14  	Train Loss = 1.05895 Val Loss = 1.10562
2024-12-12 02:03:55.495957 Epoch 15  	Train Loss = 1.05540 Val Loss = 1.10302
2024-12-12 02:52:53.844733 Epoch 16  	Train Loss = 1.05194 Val Loss = 1.09981
2024-12-12 03:43:36.666154 Epoch 17  	Train Loss = 1.04873 Val Loss = 1.09705
2024-12-12 04:32:29.066670 Epoch 18  	Train Loss = 1.04562 Val Loss = 1.09421
2024-12-12 05:22:50.225622 Epoch 19  	Train Loss = 1.04266 Val Loss = 1.09110
2024-12-12 06:12:04.847643 Epoch 20  	Train Loss = 1.03988 Val Loss = 1.08849
Early stopping at epoch: 20
Best at epoch 20:
Train Loss = 1.03988
Train RMSE = 2.58667, MAE = 1.49902, MAPE = 19.27069
Val Loss = 1.08849
Val RMSE = 2.63862, MAE = 1.50996, MAPE = 17.86567
Saved Model: ./saved_models/AGCRN/AGCRN-didi-2024-12-11-13-15-17.pt
--------- Test ---------
Test on 20240911
All Steps RMSE = 2.57888, MAE = 1.48027, MAPE = 19.25350
Step 1 RMSE = 1.71131, MAE = 1.00589, MAPE = 12.88740
Step 2 RMSE = 1.99874, MAE = 1.17544, MAPE = 14.92149
Step 3 RMSE = 2.19478, MAE = 1.27729, MAPE = 16.36214
Step 4 RMSE = 2.35071, MAE = 1.35868, MAPE = 17.44963
Step 5 RMSE = 2.47803, MAE = 1.43073, MAPE = 18.47491
Step 6 RMSE = 2.58765, MAE = 1.49287, MAPE = 19.35234
Step 7 RMSE = 2.68554, MAE = 1.55121, MAPE = 20.16535
Step 8 RMSE = 2.77263, MAE = 1.60430, MAPE = 20.96086
Step 9 RMSE = 2.84650, MAE = 1.65125, MAPE = 21.69061
Step 10 RMSE = 2.91847, MAE = 1.69588, MAPE = 22.31640
Step 11 RMSE = 2.98478, MAE = 1.73999, MAPE = 22.92684
Step 12 RMSE = 3.04560, MAE = 1.77975, MAPE = 23.53405
Inference time: 1.88 s
--------- Test ---------
Test on 20240912
All Steps RMSE = 2.69908, MAE = 1.55913, MAPE = 20.99853
Step 1 RMSE = 1.78621, MAE = 1.05704, MAPE = 14.14337
Step 2 RMSE = 2.09220, MAE = 1.23738, MAPE = 16.33280
Step 3 RMSE = 2.30102, MAE = 1.34855, MAPE = 17.90837
Step 4 RMSE = 2.46513, MAE = 1.43601, MAPE = 19.07395
Step 5 RMSE = 2.59873, MAE = 1.51274, MAPE = 20.18545
Step 6 RMSE = 2.70994, MAE = 1.57455, MAPE = 21.09007
Step 7 RMSE = 2.80938, MAE = 1.63273, MAPE = 21.90868
Step 8 RMSE = 2.89725, MAE = 1.68690, MAPE = 22.75947
Step 9 RMSE = 2.97589, MAE = 1.73666, MAPE = 23.56989
Step 10 RMSE = 3.05347, MAE = 1.78332, MAPE = 24.28556
Step 11 RMSE = 3.12238, MAE = 1.82967, MAPE = 25.00031
Step 12 RMSE = 3.18875, MAE = 1.87396, MAPE = 25.72452
Inference time: 1.92 s
--------- Test ---------
Test on 20240913
All Steps RMSE = 2.60581, MAE = 1.50669, MAPE = 19.17996
Step 1 RMSE = 1.71940, MAE = 1.02261, MAPE = 12.87261
Step 2 RMSE = 2.01246, MAE = 1.19578, MAPE = 14.93449
Step 3 RMSE = 2.21474, MAE = 1.30214, MAPE = 16.37845
Step 4 RMSE = 2.37304, MAE = 1.38583, MAPE = 17.44089
Step 5 RMSE = 2.50428, MAE = 1.45936, MAPE = 18.44173
Step 6 RMSE = 2.61540, MAE = 1.52036, MAPE = 19.28373
Step 7 RMSE = 2.71436, MAE = 1.57815, MAPE = 20.03078
Step 8 RMSE = 2.80153, MAE = 1.63138, MAPE = 20.81331
Step 9 RMSE = 2.87740, MAE = 1.67935, MAPE = 21.54549
Step 10 RMSE = 2.95214, MAE = 1.72485, MAPE = 22.17887
Step 11 RMSE = 3.01980, MAE = 1.76957, MAPE = 22.80390
Step 12 RMSE = 3.08192, MAE = 1.81089, MAPE = 23.43525
Inference time: 1.93 s
--------- Test ---------
Test on 20240914
All Steps RMSE = 2.82759, MAE = 1.70279, MAPE = 25.69287
Step 1 RMSE = 1.90948, MAE = 1.17911, MAPE = 17.89943
Step 2 RMSE = 2.20704, MAE = 1.36109, MAPE = 20.36685
Step 3 RMSE = 2.41518, MAE = 1.47588, MAPE = 22.15242
Step 4 RMSE = 2.58165, MAE = 1.56880, MAPE = 23.46633
Step 5 RMSE = 2.72188, MAE = 1.65345, MAPE = 24.82123
Step 6 RMSE = 2.83707, MAE = 1.71859, MAPE = 25.86255
Step 7 RMSE = 2.94216, MAE = 1.78279, MAPE = 26.79152
Step 8 RMSE = 3.03585, MAE = 1.84139, MAPE = 27.79174
Step 9 RMSE = 3.11565, MAE = 1.89435, MAPE = 28.69890
Step 10 RMSE = 3.19091, MAE = 1.93906, MAPE = 29.38805
Step 11 RMSE = 3.26050, MAE = 1.98713, MAPE = 30.13493
Step 12 RMSE = 3.32833, MAE = 2.03179, MAPE = 30.94047
Inference time: 1.91 s
--------- Test ---------
Test on 20240915
All Steps RMSE = 2.27068, MAE = 1.29469, MAPE = 14.99782
Step 1 RMSE = 1.53157, MAE = 0.90990, MAPE = 10.44806
Step 2 RMSE = 1.78651, MAE = 1.05422, MAPE = 11.99022
Step 3 RMSE = 1.95549, MAE = 1.13514, MAPE = 13.01329
Step 4 RMSE = 2.08712, MAE = 1.19797, MAPE = 13.77454
Step 5 RMSE = 2.19476, MAE = 1.25524, MAPE = 14.50110
Step 6 RMSE = 2.28552, MAE = 1.30380, MAPE = 15.12045
Step 7 RMSE = 2.36380, MAE = 1.34891, MAPE = 15.64068
Step 8 RMSE = 2.43332, MAE = 1.39167, MAPE = 16.18564
Step 9 RMSE = 2.49202, MAE = 1.42974, MAPE = 16.67764
Step 10 RMSE = 2.55110, MAE = 1.46671, MAPE = 17.10727
Step 11 RMSE = 2.60832, MAE = 1.50384, MAPE = 17.53443
Step 12 RMSE = 2.66155, MAE = 1.53915, MAPE = 17.98058
Inference time: 1.89 s
--------- Test ---------
Test on 20240916
All Steps RMSE = 2.13070, MAE = 1.21318, MAPE = 12.40775
Step 1 RMSE = 1.48342, MAE = 0.87254, MAPE = 8.88766
Step 2 RMSE = 1.70936, MAE = 1.00541, MAPE = 10.14103
Step 3 RMSE = 1.85417, MAE = 1.07602, MAPE = 10.91147
Step 4 RMSE = 1.96673, MAE = 1.12886, MAPE = 11.49052
Step 5 RMSE = 2.05810, MAE = 1.17518, MAPE = 12.00752
Step 6 RMSE = 2.13889, MAE = 1.21938, MAPE = 12.49040
Step 7 RMSE = 2.21069, MAE = 1.25915, MAPE = 12.91073
Step 8 RMSE = 2.27297, MAE = 1.29531, MAPE = 13.29290
Step 9 RMSE = 2.32812, MAE = 1.32927, MAPE = 13.66289
Step 10 RMSE = 2.38357, MAE = 1.36626, MAPE = 14.03833
Step 11 RMSE = 2.43388, MAE = 1.39852, MAPE = 14.35956
Step 12 RMSE = 2.48212, MAE = 1.43230, MAPE = 14.70005
Inference time: 1.90 s
--------- Test ---------
Test on 20240917
All Steps RMSE = 1.94330, MAE = 1.14050, MAPE = 10.77888
Step 1 RMSE = 1.41953, MAE = 0.84619, MAPE = 8.02937
Step 2 RMSE = 1.61882, MAE = 0.96838, MAPE = 9.11472
Step 3 RMSE = 1.73534, MAE = 1.02817, MAPE = 9.70897
Step 4 RMSE = 1.82296, MAE = 1.07106, MAPE = 10.12840
Step 5 RMSE = 1.89358, MAE = 1.10992, MAPE = 10.50941
Step 6 RMSE = 1.95550, MAE = 1.14673, MAPE = 10.85550
Step 7 RMSE = 2.00737, MAE = 1.17830, MAPE = 11.14355
Step 8 RMSE = 2.05501, MAE = 1.20901, MAPE = 11.43111
Step 9 RMSE = 2.09889, MAE = 1.23771, MAPE = 11.70336
Step 10 RMSE = 2.14194, MAE = 1.26962, MAPE = 11.99764
Step 11 RMSE = 2.18127, MAE = 1.29589, MAPE = 12.22792
Step 12 RMSE = 2.22113, MAE = 1.32505, MAPE = 12.49665
Inference time: 1.89 s
--------- Test ---------
Test on 20240918
All Steps RMSE = 2.38884, MAE = 1.33296, MAPE = 15.26673
Step 1 RMSE = 1.59405, MAE = 0.92157, MAPE = 10.42952
Step 2 RMSE = 1.83892, MAE = 1.06705, MAPE = 11.91018
Step 3 RMSE = 2.00837, MAE = 1.15162, MAPE = 12.92165
Step 4 RMSE = 2.14612, MAE = 1.21727, MAPE = 13.70163
Step 5 RMSE = 2.26430, MAE = 1.27727, MAPE = 14.45995
Step 6 RMSE = 2.36889, MAE = 1.33302, MAPE = 15.15569
Step 7 RMSE = 2.46655, MAE = 1.38482, MAPE = 15.82484
Step 8 RMSE = 2.55692, MAE = 1.43533, MAPE = 16.49650
Step 9 RMSE = 2.64256, MAE = 1.48304, MAPE = 17.15831
Step 10 RMSE = 2.72695, MAE = 1.53113, MAPE = 17.78658
Step 11 RMSE = 2.80365, MAE = 1.57434, MAPE = 18.36751
Step 12 RMSE = 2.87692, MAE = 1.61910, MAPE = 18.98849
Inference time: 1.93 s
--------- Test ---------
Test on 20240919
All Steps RMSE = 2.51584, MAE = 1.41673, MAPE = 17.25728
Step 1 RMSE = 1.71361, MAE = 0.98262, MAPE = 11.78616
Step 2 RMSE = 1.98393, MAE = 1.14404, MAPE = 13.56989
Step 3 RMSE = 2.16584, MAE = 1.23727, MAPE = 14.77671
Step 4 RMSE = 2.30693, MAE = 1.30901, MAPE = 15.68715
Step 5 RMSE = 2.42233, MAE = 1.37225, MAPE = 16.54285
Step 6 RMSE = 2.52069, MAE = 1.42703, MAPE = 17.28174
Step 7 RMSE = 2.60937, MAE = 1.47759, MAPE = 17.95879
Step 8 RMSE = 2.68922, MAE = 1.52586, MAPE = 18.65052
Step 9 RMSE = 2.76006, MAE = 1.56798, MAPE = 19.28785
Step 10 RMSE = 2.83300, MAE = 1.61254, MAPE = 19.92471
Step 11 RMSE = 2.89799, MAE = 1.65291, MAPE = 20.51371
Step 12 RMSE = 2.96034, MAE = 1.69164, MAPE = 21.10741
Inference time: 1.89 s
--------- Test ---------
Test on 20240920
All Steps RMSE = 2.82839, MAE = 1.68531, MAPE = 28.88181
Step 1 RMSE = 1.89739, MAE = 1.14333, MAPE = 20.10685
Step 2 RMSE = 2.18927, MAE = 1.32650, MAPE = 22.66816
Step 3 RMSE = 2.39560, MAE = 1.44241, MAPE = 24.64818
Step 4 RMSE = 2.55814, MAE = 1.53517, MAPE = 26.00709
Step 5 RMSE = 2.69971, MAE = 1.62142, MAPE = 27.52762
Step 6 RMSE = 2.81974, MAE = 1.69192, MAPE = 28.74310
Step 7 RMSE = 2.93220, MAE = 1.76163, MAPE = 29.90303
Step 8 RMSE = 3.03408, MAE = 1.82748, MAPE = 31.15346
Step 9 RMSE = 3.12639, MAE = 1.88822, MAPE = 32.46546
Step 10 RMSE = 3.21313, MAE = 1.94261, MAPE = 33.42788
Step 11 RMSE = 3.29256, MAE = 1.99627, MAPE = 34.44389
Step 12 RMSE = 3.36738, MAE = 2.04672, MAPE = 35.48684
Inference time: 1.94 s
--------- Test ---------
Test on 20240921
All Steps RMSE = 2.25444, MAE = 1.27922, MAPE = 15.06934
Step 1 RMSE = 1.53919, MAE = 0.90054, MAPE = 10.70087
Step 2 RMSE = 1.79478, MAE = 1.04673, MAPE = 12.26480
Step 3 RMSE = 1.96136, MAE = 1.12920, MAPE = 13.27690
Step 4 RMSE = 2.09067, MAE = 1.19271, MAPE = 14.02140
Step 5 RMSE = 2.19387, MAE = 1.24703, MAPE = 14.70762
Step 6 RMSE = 2.28066, MAE = 1.29407, MAPE = 15.25390
Step 7 RMSE = 2.35359, MAE = 1.33609, MAPE = 15.73441
Step 8 RMSE = 2.41659, MAE = 1.37523, MAPE = 16.21804
Step 9 RMSE = 2.46739, MAE = 1.40817, MAPE = 16.60419
Step 10 RMSE = 2.51757, MAE = 1.44172, MAPE = 16.98810
Step 11 RMSE = 2.56321, MAE = 1.47403, MAPE = 17.35176
Step 12 RMSE = 2.60609, MAE = 1.50509, MAPE = 17.71016
Inference time: 1.90 s
--------- Test ---------
Test on 20240922
All Steps RMSE = 2.10258, MAE = 1.21060, MAPE = 13.81607
Step 1 RMSE = 1.47270, MAE = 0.87165, MAPE = 9.82385
Step 2 RMSE = 1.71330, MAE = 1.01051, MAPE = 11.29146
Step 3 RMSE = 1.86570, MAE = 1.08531, MAPE = 12.22769
Step 4 RMSE = 1.98146, MAE = 1.14079, MAPE = 12.91547
Step 5 RMSE = 2.06861, MAE = 1.18679, MAPE = 13.51124
Step 6 RMSE = 2.14046, MAE = 1.22723, MAPE = 14.01890
Step 7 RMSE = 2.19590, MAE = 1.26004, MAPE = 14.41391
Step 8 RMSE = 2.24344, MAE = 1.29240, MAPE = 14.82588
Step 9 RMSE = 2.28004, MAE = 1.32046, MAPE = 15.18527
Step 10 RMSE = 2.31825, MAE = 1.34970, MAPE = 15.53620
Step 11 RMSE = 2.35332, MAE = 1.37695, MAPE = 15.85357
Step 12 RMSE = 2.38996, MAE = 1.40539, MAPE = 16.18945
Inference time: 1.95 s
--------- Test ---------
Test on 20240923
All Steps RMSE = 2.64029, MAE = 1.48306, MAPE = 18.62009
Step 1 RMSE = 1.76147, MAE = 1.01106, MAPE = 12.68722
Step 2 RMSE = 2.04096, MAE = 1.17707, MAPE = 14.54369
Step 3 RMSE = 2.23387, MAE = 1.27638, MAPE = 15.82240
Step 4 RMSE = 2.38704, MAE = 1.35435, MAPE = 16.78325
Step 5 RMSE = 2.51561, MAE = 1.42498, MAPE = 17.72467
Step 6 RMSE = 2.62681, MAE = 1.48589, MAPE = 18.53807
Step 7 RMSE = 2.73062, MAE = 1.54483, MAPE = 19.31567
Step 8 RMSE = 2.82630, MAE = 1.60126, MAPE = 20.12776
Step 9 RMSE = 2.91557, MAE = 1.65443, MAPE = 20.90579
Step 10 RMSE = 3.00274, MAE = 1.70631, MAPE = 21.60648
Step 11 RMSE = 3.08431, MAE = 1.75615, MAPE = 22.32355
Step 12 RMSE = 3.16139, MAE = 1.80401, MAPE = 23.06238
Inference time: 1.88 s
--------- Test ---------
Test on 20240924
All Steps RMSE = 2.51980, MAE = 1.44812, MAPE = 17.58623
Step 1 RMSE = 1.67715, MAE = 0.98696, MAPE = 11.85113
Step 2 RMSE = 1.95376, MAE = 1.15276, MAPE = 13.67178
Step 3 RMSE = 2.14117, MAE = 1.25080, MAPE = 14.93326
Step 4 RMSE = 2.28846, MAE = 1.32673, MAPE = 15.88317
Step 5 RMSE = 2.41079, MAE = 1.39481, MAPE = 16.79783
Step 6 RMSE = 2.51671, MAE = 1.45452, MAPE = 17.58884
Step 7 RMSE = 2.61501, MAE = 1.51183, MAPE = 18.33683
Step 8 RMSE = 2.70326, MAE = 1.56557, MAPE = 19.08427
Step 9 RMSE = 2.78126, MAE = 1.61425, MAPE = 19.78780
Step 10 RMSE = 2.85903, MAE = 1.66210, MAPE = 20.43694
Step 11 RMSE = 2.92817, MAE = 1.70691, MAPE = 21.02673
Step 12 RMSE = 2.99429, MAE = 1.75020, MAPE = 21.63614
Inference time: 1.93 s
--------- Test ---------
Test on 20240925
All Steps RMSE = 2.58940, MAE = 1.47657, MAPE = 18.74273
Step 1 RMSE = 1.70429, MAE = 0.99845, MAPE = 12.54522
Step 2 RMSE = 1.99202, MAE = 1.16739, MAPE = 14.50955
Step 3 RMSE = 2.19243, MAE = 1.27147, MAPE = 15.91880
Step 4 RMSE = 2.35202, MAE = 1.35461, MAPE = 16.98873
Step 5 RMSE = 2.48416, MAE = 1.42767, MAPE = 17.98750
Step 6 RMSE = 2.59663, MAE = 1.48906, MAPE = 18.83780
Step 7 RMSE = 2.69681, MAE = 1.54651, MAPE = 19.60066
Step 8 RMSE = 2.78469, MAE = 1.59913, MAPE = 20.36321
Step 9 RMSE = 2.86172, MAE = 1.64766, MAPE = 21.07468
Step 10 RMSE = 2.93815, MAE = 1.69443, MAPE = 21.72782
Step 11 RMSE = 3.00727, MAE = 1.73964, MAPE = 22.35688
Step 12 RMSE = 3.07274, MAE = 1.78278, MAPE = 23.00190
Inference time: 1.90 s
--------- Test ---------
Test on 20240926
All Steps RMSE = 2.44009, MAE = 1.39952, MAPE = 17.10466
Step 1 RMSE = 1.61966, MAE = 0.95804, MAPE = 11.63123
Step 2 RMSE = 1.89264, MAE = 1.11875, MAPE = 13.42438
Step 3 RMSE = 2.07696, MAE = 1.21399, MAPE = 14.64473
Step 4 RMSE = 2.22330, MAE = 1.28793, MAPE = 15.55761
Step 5 RMSE = 2.34350, MAE = 1.35302, MAPE = 16.41234
Step 6 RMSE = 2.44642, MAE = 1.40910, MAPE = 17.15113
Step 7 RMSE = 2.53746, MAE = 1.46162, MAPE = 17.81250
Step 8 RMSE = 2.61926, MAE = 1.51192, MAPE = 18.51054
Step 9 RMSE = 2.68987, MAE = 1.55651, MAPE = 19.15717
Step 10 RMSE = 2.76194, MAE = 1.59992, MAPE = 19.74378
Step 11 RMSE = 2.82761, MAE = 1.64170, MAPE = 20.31906
Step 12 RMSE = 2.88976, MAE = 1.68179, MAPE = 20.89136
Inference time: 1.90 s
--------- Test ---------
Test on 20240927
All Steps RMSE = 2.52394, MAE = 1.44385, MAPE = 18.43209
Step 1 RMSE = 1.68079, MAE = 0.98951, MAPE = 12.59667
Step 2 RMSE = 1.96175, MAE = 1.15501, MAPE = 14.52148
Step 3 RMSE = 2.15353, MAE = 1.25345, MAPE = 15.81656
Step 4 RMSE = 2.30582, MAE = 1.33214, MAPE = 16.80460
Step 5 RMSE = 2.43180, MAE = 1.40103, MAPE = 17.75475
Step 6 RMSE = 2.53837, MAE = 1.45856, MAPE = 18.55899
Step 7 RMSE = 2.63131, MAE = 1.51156, MAPE = 19.26553
Step 8 RMSE = 2.71239, MAE = 1.56086, MAPE = 19.97513
Step 9 RMSE = 2.78150, MAE = 1.60363, MAPE = 20.60754
Step 10 RMSE = 2.84970, MAE = 1.64603, MAPE = 21.17410
Step 11 RMSE = 2.91280, MAE = 1.68764, MAPE = 21.75969
Step 12 RMSE = 2.97250, MAE = 1.72678, MAPE = 22.35009
Inference time: 1.90 s
--------- Test ---------
Test on 20240928
All Steps RMSE = 1.96568, MAE = 1.16104, MAPE = 12.77272
Step 1 RMSE = 1.38607, MAE = 0.84214, MAPE = 9.30154
Step 2 RMSE = 1.61620, MAE = 0.97663, MAPE = 10.67561
Step 3 RMSE = 1.75463, MAE = 1.04594, MAPE = 11.47998
Step 4 RMSE = 1.85886, MAE = 1.09730, MAPE = 12.07671
Step 5 RMSE = 1.93603, MAE = 1.14021, MAPE = 12.56262
Step 6 RMSE = 1.99936, MAE = 1.17720, MAPE = 12.98531
Step 7 RMSE = 2.04920, MAE = 1.20805, MAPE = 13.30670
Step 8 RMSE = 2.09270, MAE = 1.23735, MAPE = 13.63579
Step 9 RMSE = 2.12600, MAE = 1.26277, MAPE = 13.91752
Step 10 RMSE = 2.16203, MAE = 1.28930, MAPE = 14.18684
Step 11 RMSE = 2.19456, MAE = 1.31417, MAPE = 14.43274
Step 12 RMSE = 2.22820, MAE = 1.34138, MAPE = 14.71137
Inference time: 1.89 s
AVG RMSE: 2.434740364551544 MAE: 1.4019017815589905 MAPE: 17.603281885385513
