Loss: HuberLoss

2024-12-11 18:43:41.482761 Epoch 1  	Train Loss = 3.64237 Val Loss = 1.34155
2024-12-11 19:45:34.792144 Epoch 2  	Train Loss = 1.70774 Val Loss = 1.31393
2024-12-11 20:39:02.633646 Epoch 3  	Train Loss = 1.65669 Val Loss = 1.28981
2024-12-11 21:32:46.967839 Epoch 4  	Train Loss = 1.60207 Val Loss = 1.26760
2024-12-11 22:23:42.128244 Epoch 5  	Train Loss = 1.55019 Val Loss = 1.25323
2024-12-11 23:06:26.501094 Epoch 6  	Train Loss = 1.52045 Val Loss = 1.24151
2024-12-11 23:46:00.209815 Epoch 7  	Train Loss = 1.47857 Val Loss = 1.22458
2024-12-12 00:27:15.386391 Epoch 8  	Train Loss = 1.44478 Val Loss = 1.21403
2024-12-12 01:15:51.936167 Epoch 9  	Train Loss = 1.42385 Val Loss = 1.20979
2024-12-12 02:03:59.726859 Epoch 10  	Train Loss = 1.39627 Val Loss = 1.20105
2024-12-12 02:53:02.890716 Epoch 11  	Train Loss = 1.37300 Val Loss = 1.19918
2024-12-12 03:43:40.605667 Epoch 12  	Train Loss = 1.35498 Val Loss = 1.18758
2024-12-12 04:32:34.377882 Epoch 13  	Train Loss = 1.33987 Val Loss = 1.18008
2024-12-12 05:23:19.284026 Epoch 14  	Train Loss = 1.32456 Val Loss = 1.17464
2024-12-12 06:12:09.054976 Epoch 15  	Train Loss = 1.31257 Val Loss = 1.16867
2024-12-12 07:10:25.217879 Epoch 16  	Train Loss = 1.29626 Val Loss = 1.16254
2024-12-12 08:12:39.752860 Epoch 17  	Train Loss = 1.27854 Val Loss = 1.15617
2024-12-12 09:17:34.510756 Epoch 18  	Train Loss = 1.26964 Val Loss = 1.15179
2024-12-12 10:16:19.602755 Epoch 19  	Train Loss = 1.25919 Val Loss = 1.14716
2024-12-12 11:21:05.297914 Epoch 20  	Train Loss = 1.24620 Val Loss = 1.14309
Early stopping at epoch: 20
Best at epoch 20:
Train Loss = 1.24620
Train RMSE = 2.81640, MAE = 1.59771, MAPE = 20.17475
Val Loss = 1.14309
Val RMSE = 2.76072, MAE = 1.62567, MAPE = 19.81679
Saved Model: ./saved_models/STID/STID-didi-2024-12-11-17-33-09.pt
--------- Test ---------
Test on 20240911
All Steps RMSE = 2.67115, MAE = 1.54468, MAPE = 20.38120
Step 1 RMSE = 2.05019, MAE = 1.19240, MAPE = 14.51189
Step 2 RMSE = 2.28709, MAE = 1.39853, MAPE = 16.39930
Step 3 RMSE = 2.32000, MAE = 1.33494, MAPE = 17.14765
Step 4 RMSE = 2.45668, MAE = 1.41353, MAPE = 18.67872
Step 5 RMSE = 2.63395, MAE = 1.51881, MAPE = 19.61082
Step 6 RMSE = 2.67811, MAE = 1.55901, MAPE = 21.03731
Step 7 RMSE = 2.71796, MAE = 1.53750, MAPE = 20.39120
Step 8 RMSE = 2.81280, MAE = 1.63182, MAPE = 22.19905
Step 9 RMSE = 2.89470, MAE = 1.68767, MAPE = 23.03755
Step 10 RMSE = 2.96308, MAE = 1.72574, MAPE = 23.67496
Step 11 RMSE = 2.98914, MAE = 1.74597, MAPE = 22.86250
Step 12 RMSE = 3.04389, MAE = 1.79027, MAPE = 25.02343
Inference time: 2.61 s
--------- Test ---------
Test on 20240912
All Steps RMSE = 2.74976, MAE = 1.58935, MAPE = 20.92831
Step 1 RMSE = 2.10138, MAE = 1.21771, MAPE = 15.14342
Step 2 RMSE = 2.36265, MAE = 1.44141, MAPE = 17.16544
Step 3 RMSE = 2.38358, MAE = 1.36787, MAPE = 17.58688
Step 4 RMSE = 2.52745, MAE = 1.45476, MAPE = 18.82401
Step 5 RMSE = 2.70478, MAE = 1.55903, MAPE = 20.69319
Step 6 RMSE = 2.76077, MAE = 1.60082, MAPE = 21.68249
Step 7 RMSE = 2.80993, MAE = 1.60542, MAPE = 20.93238
Step 8 RMSE = 2.89188, MAE = 1.68242, MAPE = 22.41731
Step 9 RMSE = 2.96636, MAE = 1.71246, MAPE = 23.35075
Step 10 RMSE = 3.04171, MAE = 1.75782, MAPE = 24.38066
Step 11 RMSE = 3.08347, MAE = 1.80156, MAPE = 24.03488
Step 12 RMSE = 3.14817, MAE = 1.87087, MAPE = 24.92902
Inference time: 2.74 s
--------- Test ---------
Test on 20240913
All Steps RMSE = 2.66160, MAE = 1.54387, MAPE = 19.88918
Step 1 RMSE = 2.06207, MAE = 1.21664, MAPE = 14.52596
Step 2 RMSE = 2.26074, MAE = 1.33618, MAPE = 16.20708
Step 3 RMSE = 2.31730, MAE = 1.33411, MAPE = 16.81489
Step 4 RMSE = 2.46218, MAE = 1.42098, MAPE = 18.08046
Step 5 RMSE = 2.64527, MAE = 1.55570, MAPE = 19.26035
Step 6 RMSE = 2.67106, MAE = 1.57181, MAPE = 20.94345
Step 7 RMSE = 2.70965, MAE = 1.53751, MAPE = 20.31445
Step 8 RMSE = 2.79888, MAE = 1.62243, MAPE = 21.81631
Step 9 RMSE = 2.87421, MAE = 1.66132, MAPE = 21.65817
Step 10 RMSE = 2.94433, MAE = 1.74271, MAPE = 22.26246
Step 11 RMSE = 2.98402, MAE = 1.75056, MAPE = 22.51421
Step 12 RMSE = 3.01188, MAE = 1.77650, MAPE = 24.27243
Inference time: 2.78 s
--------- Test ---------
Test on 20240914
All Steps RMSE = 2.82992, MAE = 1.68120, MAPE = 24.15004
Step 1 RMSE = 2.14022, MAE = 1.25929, MAPE = 17.55980
Step 2 RMSE = 2.47697, MAE = 1.58871, MAPE = 20.00205
Step 3 RMSE = 2.43687, MAE = 1.42079, MAPE = 20.14534
Step 4 RMSE = 2.58579, MAE = 1.51046, MAPE = 22.31989
Step 5 RMSE = 2.81260, MAE = 1.69601, MAPE = 23.34569
Step 6 RMSE = 2.83569, MAE = 1.70830, MAPE = 25.14831
Step 7 RMSE = 2.88254, MAE = 1.69249, MAPE = 24.45969
Step 8 RMSE = 2.97124, MAE = 1.75624, MAPE = 26.10691
Step 9 RMSE = 3.06770, MAE = 1.81777, MAPE = 26.25926
Step 10 RMSE = 3.11146, MAE = 1.83514, MAPE = 28.03082
Step 11 RMSE = 3.17574, MAE = 1.91549, MAPE = 27.73778
Step 12 RMSE = 3.23954, MAE = 1.97369, MAPE = 28.68479
Inference time: 2.63 s
--------- Test ---------
Test on 20240915
All Steps RMSE = 2.36611, MAE = 1.37164, MAPE = 15.99690
Step 1 RMSE = 1.83375, MAE = 1.06546, MAPE = 12.36047
Step 2 RMSE = 2.13751, MAE = 1.38742, MAPE = 14.25561
Step 3 RMSE = 2.08865, MAE = 1.20287, MAPE = 13.86951
Step 4 RMSE = 2.20811, MAE = 1.29031, MAPE = 15.72762
Step 5 RMSE = 2.39382, MAE = 1.42507, MAPE = 15.52315
Step 6 RMSE = 2.36709, MAE = 1.35752, MAPE = 16.10653
Step 7 RMSE = 2.37782, MAE = 1.33792, MAPE = 15.83944
Step 8 RMSE = 2.44813, MAE = 1.41203, MAPE = 17.58375
Step 9 RMSE = 2.51287, MAE = 1.42618, MAPE = 16.91963
Step 10 RMSE = 2.61766, MAE = 1.50633, MAPE = 17.18608
Step 11 RMSE = 2.61558, MAE = 1.50391, MAPE = 17.42668
Step 12 RMSE = 2.65008, MAE = 1.54466, MAPE = 19.16445
Inference time: 2.57 s
--------- Test ---------
Test on 20240916
All Steps RMSE = 2.26038, MAE = 1.27890, MAPE = 13.21442
Step 1 RMSE = 1.78611, MAE = 1.01425, MAPE = 10.04496
Step 2 RMSE = 2.03006, MAE = 1.25553, MAPE = 11.67545
Step 3 RMSE = 2.00288, MAE = 1.14697, MAPE = 12.04873
Step 4 RMSE = 2.10800, MAE = 1.18048, MAPE = 11.98015
Step 5 RMSE = 2.21894, MAE = 1.23441, MAPE = 12.42495
Step 6 RMSE = 2.29438, MAE = 1.31070, MAPE = 14.04040
Step 7 RMSE = 2.26087, MAE = 1.22777, MAPE = 12.57041
Step 8 RMSE = 2.40677, MAE = 1.40796, MAPE = 15.41002
Step 9 RMSE = 2.39543, MAE = 1.33935, MAPE = 14.02219
Step 10 RMSE = 2.46129, MAE = 1.37594, MAPE = 14.52961
Step 11 RMSE = 2.49363, MAE = 1.40131, MAPE = 14.02607
Step 12 RMSE = 2.53756, MAE = 1.45213, MAPE = 15.80040
Inference time: 2.58 s
--------- Test ---------
Test on 20240917
All Steps RMSE = 2.19300, MAE = 1.25998, MAPE = 12.56052
Step 1 RMSE = 1.75560, MAE = 1.00068, MAPE = 9.81880
Step 2 RMSE = 1.99244, MAE = 1.23838, MAPE = 11.11277
Step 3 RMSE = 1.98910, MAE = 1.16258, MAPE = 11.69419
Step 4 RMSE = 2.09737, MAE = 1.22382, MAPE = 12.44753
Step 5 RMSE = 2.14939, MAE = 1.19972, MAPE = 11.64099
Step 6 RMSE = 2.22550, MAE = 1.28612, MAPE = 13.34918
Step 7 RMSE = 2.18396, MAE = 1.19946, MAPE = 11.92956
Step 8 RMSE = 2.27413, MAE = 1.29708, MAPE = 13.25499
Step 9 RMSE = 2.34381, MAE = 1.36357, MAPE = 14.01434
Step 10 RMSE = 2.39124, MAE = 1.38797, MAPE = 14.25810
Step 11 RMSE = 2.38202, MAE = 1.34989, MAPE = 13.13103
Step 12 RMSE = 2.42982, MAE = 1.41049, MAPE = 14.07449
Inference time: 2.62 s
--------- Test ---------
Test on 20240918
All Steps RMSE = 2.54932, MAE = 1.43799, MAPE = 17.02480
Step 1 RMSE = 1.92714, MAE = 1.10024, MAPE = 12.02036
Step 2 RMSE = 2.15666, MAE = 1.30335, MAPE = 13.84464
Step 3 RMSE = 2.18249, MAE = 1.23353, MAPE = 14.06690
Step 4 RMSE = 2.30876, MAE = 1.30297, MAPE = 15.34780
Step 5 RMSE = 2.49693, MAE = 1.40391, MAPE = 16.28234
Step 6 RMSE = 2.54109, MAE = 1.44570, MAPE = 17.58025
Step 7 RMSE = 2.58541, MAE = 1.42243, MAPE = 16.80457
Step 8 RMSE = 2.69406, MAE = 1.52086, MAPE = 18.52050
Step 9 RMSE = 2.77661, MAE = 1.58094, MAPE = 19.25087
Step 10 RMSE = 2.85171, MAE = 1.61792, MAPE = 19.93714
Step 11 RMSE = 2.88932, MAE = 1.63291, MAPE = 19.30001
Step 12 RMSE = 2.95058, MAE = 1.69111, MAPE = 21.34271
Inference time: 2.56 s
--------- Test ---------
Test on 20240919
All Steps RMSE = 2.63760, MAE = 1.50061, MAPE = 18.26469
Step 1 RMSE = 2.03676, MAE = 1.15973, MAPE = 13.36835
Step 2 RMSE = 2.28329, MAE = 1.37966, MAPE = 15.30323
Step 3 RMSE = 2.29980, MAE = 1.29814, MAPE = 15.41477
Step 4 RMSE = 2.42999, MAE = 1.37561, MAPE = 16.44413
Step 5 RMSE = 2.58857, MAE = 1.46797, MAPE = 18.02865
Step 6 RMSE = 2.64301, MAE = 1.50911, MAPE = 18.88895
Step 7 RMSE = 2.68817, MAE = 1.51129, MAPE = 18.22185
Step 8 RMSE = 2.76819, MAE = 1.58356, MAPE = 19.48850
Step 9 RMSE = 2.83789, MAE = 1.60843, MAPE = 20.21196
Step 10 RMSE = 2.91095, MAE = 1.65289, MAPE = 21.15032
Step 11 RMSE = 2.95339, MAE = 1.69698, MAPE = 20.91713
Step 12 RMSE = 3.01700, MAE = 1.76393, MAPE = 21.73899
Inference time: 2.58 s
--------- Test ---------
Test on 20240920
All Steps RMSE = 2.89789, MAE = 1.71474, MAPE = 26.75397
Step 1 RMSE = 2.19778, MAE = 1.31668, MAPE = 18.44891
Step 2 RMSE = 2.41998, MAE = 1.46323, MAPE = 21.02659
Step 3 RMSE = 2.47915, MAE = 1.45112, MAPE = 21.52642
Step 4 RMSE = 2.63892, MAE = 1.54999, MAPE = 23.45506
Step 5 RMSE = 2.87045, MAE = 1.72609, MAPE = 25.69118
Step 6 RMSE = 2.89209, MAE = 1.74415, MAPE = 28.61512
Step 7 RMSE = 2.95769, MAE = 1.71781, MAPE = 27.45498
Step 8 RMSE = 3.05663, MAE = 1.81394, MAPE = 29.67880
Step 9 RMSE = 3.15356, MAE = 1.86325, MAPE = 29.53873
Step 10 RMSE = 3.23176, MAE = 1.94743, MAPE = 30.62412
Step 11 RMSE = 3.29384, MAE = 1.97746, MAPE = 30.99638
Step 12 RMSE = 3.32324, MAE = 2.00578, MAPE = 33.99144
Inference time: 2.56 s
--------- Test ---------
Test on 20240921
All Steps RMSE = 2.32903, MAE = 1.34968, MAPE = 15.34688
Step 1 RMSE = 1.83569, MAE = 1.05359, MAPE = 11.88949
Step 2 RMSE = 2.12819, MAE = 1.35685, MAPE = 14.00642
Step 3 RMSE = 2.06314, MAE = 1.16824, MAPE = 13.31324
Step 4 RMSE = 2.18157, MAE = 1.23569, MAPE = 14.55218
Step 5 RMSE = 2.33267, MAE = 1.37311, MAPE = 15.08375
Step 6 RMSE = 2.35857, MAE = 1.38590, MAPE = 16.13355
Step 7 RMSE = 2.35534, MAE = 1.34180, MAPE = 15.27749
Step 8 RMSE = 2.41976, MAE = 1.38334, MAPE = 16.16847
Step 9 RMSE = 2.48913, MAE = 1.42393, MAPE = 16.15862
Step 10 RMSE = 2.51081, MAE = 1.43252, MAPE = 17.10759
Step 11 RMSE = 2.55338, MAE = 1.49823, MAPE = 16.96955
Step 12 RMSE = 2.59829, MAE = 1.54300, MAPE = 17.50247
Inference time: 2.57 s
--------- Test ---------
Test on 20240922
All Steps RMSE = 2.23212, MAE = 1.30186, MAPE = 14.41006
Step 1 RMSE = 1.77961, MAE = 1.03086, MAPE = 11.38231
Step 2 RMSE = 2.07266, MAE = 1.34714, MAPE = 13.21019
Step 3 RMSE = 2.01363, MAE = 1.15927, MAPE = 12.73945
Step 4 RMSE = 2.12081, MAE = 1.24325, MAPE = 14.47033
Step 5 RMSE = 2.26624, MAE = 1.35626, MAPE = 14.01208
Step 6 RMSE = 2.24059, MAE = 1.29152, MAPE = 14.56868
Step 7 RMSE = 2.22980, MAE = 1.25828, MAPE = 14.13695
Step 8 RMSE = 2.29587, MAE = 1.33241, MAPE = 15.74992
Step 9 RMSE = 2.34589, MAE = 1.34145, MAPE = 15.06506
Step 10 RMSE = 2.43220, MAE = 1.41003, MAPE = 15.20656
Step 11 RMSE = 2.42647, MAE = 1.40460, MAPE = 15.37630
Step 12 RMSE = 2.46310, MAE = 1.44718, MAPE = 17.00312
Inference time: 2.60 s
--------- Test ---------
Test on 20240923
All Steps RMSE = 2.75051, MAE = 1.57797, MAPE = 20.21023
Step 1 RMSE = 2.07086, MAE = 1.19213, MAPE = 14.18481
Step 2 RMSE = 2.36252, MAE = 1.48050, MAPE = 16.36484
Step 3 RMSE = 2.35936, MAE = 1.36419, MAPE = 17.43273
Step 4 RMSE = 2.50214, MAE = 1.41920, MAPE = 17.50155
Step 5 RMSE = 2.69857, MAE = 1.53544, MAPE = 19.08236
Step 6 RMSE = 2.76884, MAE = 1.60195, MAPE = 21.24852
Step 7 RMSE = 2.79426, MAE = 1.55234, MAPE = 19.75748
Step 8 RMSE = 2.93649, MAE = 1.73094, MAPE = 23.65842
Step 9 RMSE = 2.95250, MAE = 1.68121, MAPE = 22.07194
Step 10 RMSE = 3.06114, MAE = 1.74546, MAPE = 23.22934
Step 11 RMSE = 3.10928, MAE = 1.79539, MAPE = 22.67486
Step 12 RMSE = 3.15455, MAE = 1.83686, MAPE = 25.31593
Inference time: 2.63 s
--------- Test ---------
Test on 20240924
All Steps RMSE = 2.63879, MAE = 1.53446, MAPE = 18.96496
Step 1 RMSE = 2.01831, MAE = 1.16307, MAPE = 13.83909
Step 2 RMSE = 2.29904, MAE = 1.44971, MAPE = 15.60823
Step 3 RMSE = 2.31883, MAE = 1.36305, MAPE = 16.78244
Step 4 RMSE = 2.45609, MAE = 1.43989, MAPE = 17.97822
Step 5 RMSE = 2.59164, MAE = 1.48672, MAPE = 17.82558
Step 6 RMSE = 2.65614, MAE = 1.55099, MAPE = 19.86333
Step 7 RMSE = 2.67363, MAE = 1.50532, MAPE = 18.71218
Step 8 RMSE = 2.75920, MAE = 1.59693, MAPE = 20.31725
Step 9 RMSE = 2.84699, MAE = 1.66737, MAPE = 21.48091
Step 10 RMSE = 2.93114, MAE = 1.71688, MAPE = 22.16929
Step 11 RMSE = 2.93951, MAE = 1.70966, MAPE = 20.92100
Step 12 RMSE = 2.98649, MAE = 1.76403, MAPE = 22.08203
Inference time: 2.68 s
--------- Test ---------
Test on 20240925
All Steps RMSE = 2.65771, MAE = 1.53323, MAPE = 20.11486
Step 1 RMSE = 2.03714, MAE = 1.18333, MAPE = 14.37458
Step 2 RMSE = 2.27382, MAE = 1.39090, MAPE = 16.32376
Step 3 RMSE = 2.30518, MAE = 1.32522, MAPE = 16.92594
Step 4 RMSE = 2.43964, MAE = 1.40288, MAPE = 18.47045
Step 5 RMSE = 2.61945, MAE = 1.50655, MAPE = 19.39050
Step 6 RMSE = 2.66164, MAE = 1.54700, MAPE = 20.82470
Step 7 RMSE = 2.70255, MAE = 1.52362, MAPE = 20.06306
Step 8 RMSE = 2.79943, MAE = 1.62012, MAPE = 21.86799
Step 9 RMSE = 2.88089, MAE = 1.67606, MAPE = 22.67559
Step 10 RMSE = 2.95091, MAE = 1.71384, MAPE = 23.31243
Step 11 RMSE = 2.97964, MAE = 1.73116, MAPE = 22.48321
Step 12 RMSE = 3.03363, MAE = 1.77805, MAPE = 24.66591
Inference time: 2.57 s
--------- Test ---------
Test on 20240926
All Steps RMSE = 2.57901, MAE = 1.48160, MAPE = 18.17489
Step 1 RMSE = 1.98007, MAE = 1.14304, MAPE = 13.32079
Step 2 RMSE = 2.22822, MAE = 1.35959, MAPE = 15.21787
Step 3 RMSE = 2.24111, MAE = 1.28052, MAPE = 15.38833
Step 4 RMSE = 2.37335, MAE = 1.35905, MAPE = 16.43086
Step 5 RMSE = 2.53727, MAE = 1.45368, MAPE = 17.98369
Step 6 RMSE = 2.58836, MAE = 1.49352, MAPE = 18.87883
Step 7 RMSE = 2.63018, MAE = 1.49203, MAPE = 18.09698
Step 8 RMSE = 2.70940, MAE = 1.56412, MAPE = 19.36879
Step 9 RMSE = 2.77868, MAE = 1.59004, MAPE = 20.11763
Step 10 RMSE = 2.84899, MAE = 1.63198, MAPE = 21.01983
Step 11 RMSE = 2.88785, MAE = 1.67302, MAPE = 20.72883
Step 12 RMSE = 2.94972, MAE = 1.73867, MAPE = 21.54634
Inference time: 2.58 s
--------- Test ---------
Test on 20240927
All Steps RMSE = 2.58131, MAE = 1.50193, MAPE = 19.39030
Step 1 RMSE = 1.99880, MAE = 1.18570, MAPE = 14.13633
Step 2 RMSE = 2.19042, MAE = 1.30335, MAPE = 15.77799
Step 3 RMSE = 2.24598, MAE = 1.29906, MAPE = 16.36563
Step 4 RMSE = 2.38379, MAE = 1.38222, MAPE = 17.60480
Step 5 RMSE = 2.56643, MAE = 1.51450, MAPE = 18.77168
Step 6 RMSE = 2.58892, MAE = 1.53032, MAPE = 20.48056
Step 7 RMSE = 2.62359, MAE = 1.49216, MAPE = 19.77820
Step 8 RMSE = 2.71277, MAE = 1.57539, MAPE = 21.27784
Step 9 RMSE = 2.78735, MAE = 1.61342, MAPE = 21.10118
Step 10 RMSE = 2.85738, MAE = 1.69373, MAPE = 21.69967
Step 11 RMSE = 2.89786, MAE = 1.70301, MAPE = 21.94544
Step 12 RMSE = 2.92829, MAE = 1.73025, MAPE = 23.74478
Inference time: 2.65 s
--------- Test ---------
Test on 20240928
All Steps RMSE = 2.07090, MAE = 1.23361, MAPE = 13.84324
Step 1 RMSE = 1.65916, MAE = 0.97835, MAPE = 10.92622
Step 2 RMSE = 1.93939, MAE = 1.26870, MAPE = 12.88556
Step 3 RMSE = 1.85173, MAE = 1.07801, MAPE = 12.13759
Step 4 RMSE = 1.95052, MAE = 1.13622, MAPE = 13.27472
Step 5 RMSE = 2.08251, MAE = 1.25833, MAPE = 13.62321
Step 6 RMSE = 2.10425, MAE = 1.27165, MAPE = 14.74055
Step 7 RMSE = 2.07643, MAE = 1.21788, MAPE = 13.63572
Step 8 RMSE = 2.13553, MAE = 1.25260, MAPE = 14.46490
Step 9 RMSE = 2.19452, MAE = 1.28739, MAPE = 14.36215
Step 10 RMSE = 2.21034, MAE = 1.29450, MAPE = 15.27309
Step 11 RMSE = 2.25595, MAE = 1.35835, MAPE = 15.11401
Step 12 RMSE = 2.29971, MAE = 1.40128, MAPE = 15.68104
Inference time: 2.52 s
AVG RMSE: 2.536449842982822 MAE: 1.4687390062544081 MAPE: 18.312191135353512
