Loss: HuberLoss

2024-12-19 19:58:38.695871 Epoch 1  	Train Loss = 8.58151 Val Loss = 3.36597
2024-12-19 21:07:19.782461 Epoch 2  	Train Loss = 3.28232 Val Loss = 3.26863
2024-12-19 22:11:59.636471 Epoch 3  	Train Loss = 3.12672 Val Loss = 3.21231
2024-12-19 23:09:33.578453 Epoch 4  	Train Loss = 3.00128 Val Loss = 3.17419
2024-12-20 00:04:17.757160 Epoch 5  	Train Loss = 2.90172 Val Loss = 3.17190
2024-12-20 01:05:55.051674 Epoch 6  	Train Loss = 2.81584 Val Loss = 3.11311
2024-12-20 02:08:14.619281 Epoch 7  	Train Loss = 2.76055 Val Loss = 3.12948
2024-12-20 03:08:07.045000 Epoch 8  	Train Loss = 2.74367 Val Loss = 3.13784
2024-12-20 04:10:13.104907 Epoch 9  	Train Loss = 2.73283 Val Loss = 3.14408
2024-12-20 05:11:48.776485 Epoch 10  	Train Loss = 2.74256 Val Loss = 3.10064
2024-12-20 06:12:09.987622 Epoch 11  	Train Loss = 2.67894 Val Loss = 3.11040
2024-12-20 07:18:04.256773 Epoch 12  	Train Loss = 2.67240 Val Loss = 3.11286
2024-12-20 08:23:11.830846 Epoch 13  	Train Loss = 2.68695 Val Loss = 3.13394
2024-12-20 09:26:43.692967 Epoch 14  	Train Loss = 2.67277 Val Loss = 3.13318
2024-12-20 10:32:11.032886 Epoch 15  	Train Loss = 2.68369 Val Loss = 3.14984
2024-12-20 11:39:13.949918 Epoch 16  	Train Loss = 2.66020 Val Loss = 3.15757
2024-12-20 12:43:21.529336 Epoch 17  	Train Loss = 2.67662 Val Loss = 3.13637
2024-12-20 13:51:14.533796 Epoch 18  	Train Loss = 2.66963 Val Loss = 3.13009
2024-12-20 14:58:27.000422 Epoch 19  	Train Loss = 2.67030 Val Loss = 3.12295
2024-12-20 16:10:44.341550 Epoch 20  	Train Loss = 2.67971 Val Loss = 3.12638
Early stopping at epoch: 20
Best at epoch 10:
Train Loss = 2.74256
Train RMSE = 12.77803, MAE = 2.57864, MAPE = 48.98224
Val Loss = 3.10064
Val RMSE = 12.02386, MAE = 2.85116, MAPE = 67.34594
Saved Model: ./saved_models/STID/STID-didi-2024-12-19-18-52-55.pt
--------- Test ---------
Test on 20240911
All Steps RMSE = 14.27732, MAE = 2.82338, MAPE = 59.83905
Step 1 RMSE = 12.17811, MAE = 2.07614, MAPE = 38.35440
Step 2 RMSE = 13.34667, MAE = 3.50803, MAPE = 102.83408
Step 3 RMSE = 13.37757, MAE = 2.51209, MAPE = 52.55437
Step 4 RMSE = 13.77067, MAE = 3.13351, MAPE = 86.31775
Step 5 RMSE = 13.97252, MAE = 2.41835, MAPE = 53.85564
Step 6 RMSE = 14.36138, MAE = 2.70247, MAPE = 48.56978
Step 7 RMSE = 14.51562, MAE = 2.55659, MAPE = 46.39933
Step 8 RMSE = 14.96276, MAE = 2.77177, MAPE = 57.08803
Step 9 RMSE = 14.77518, MAE = 2.85777, MAPE = 48.71284
Step 10 RMSE = 15.05302, MAE = 2.88787, MAPE = 58.82801
Step 11 RMSE = 15.43744, MAE = 3.43431, MAPE = 78.15959
Step 12 RMSE = 15.22476, MAE = 3.02175, MAPE = 46.39418
Inference time: 2.38 s
--------- Test ---------
Test on 20240912
All Steps RMSE = 13.57022, MAE = 2.77118, MAPE = 48.87877
Step 1 RMSE = 10.92347, MAE = 2.03640, MAPE = 30.70807
Step 2 RMSE = 12.03674, MAE = 2.14188, MAPE = 29.46340
Step 3 RMSE = 12.36907, MAE = 2.63222, MAPE = 49.86264
Step 4 RMSE = 12.85737, MAE = 3.25634, MAPE = 82.53301
Step 5 RMSE = 13.24012, MAE = 2.73731, MAPE = 60.07062
Step 6 RMSE = 13.64191, MAE = 2.80159, MAPE = 47.85269
Step 7 RMSE = 13.98116, MAE = 2.79125, MAPE = 45.21286
Step 8 RMSE = 14.46261, MAE = 2.82698, MAPE = 47.73768
Step 9 RMSE = 14.33828, MAE = 3.09483, MAPE = 49.32518
Step 10 RMSE = 14.62442, MAE = 3.02692, MAPE = 52.22810
Step 11 RMSE = 14.93284, MAE = 3.04903, MAPE = 48.06648
Step 12 RMSE = 14.79212, MAE = 2.85941, MAPE = 43.48482
Inference time: 2.41 s
--------- Test ---------
Test on 20240913
All Steps RMSE = 13.96673, MAE = 2.69873, MAPE = 50.02610
Step 1 RMSE = 11.66265, MAE = 1.90487, MAPE = 29.78480
Step 2 RMSE = 12.69059, MAE = 2.65510, MAPE = 63.18114
Step 3 RMSE = 12.97811, MAE = 2.56928, MAPE = 50.48615
Step 4 RMSE = 13.32529, MAE = 2.81520, MAPE = 65.61767
Step 5 RMSE = 13.66784, MAE = 2.36535, MAPE = 35.65835
Step 6 RMSE = 14.08440, MAE = 2.62618, MAPE = 41.48374
Step 7 RMSE = 14.43989, MAE = 3.53947, MAPE = 84.46132
Step 8 RMSE = 14.80627, MAE = 2.52145, MAPE = 33.00613
Step 9 RMSE = 14.50056, MAE = 2.83246, MAPE = 44.94064
Step 10 RMSE = 14.88044, MAE = 2.78283, MAPE = 47.86861
Step 11 RMSE = 15.15640, MAE = 2.79817, MAPE = 43.19734
Step 12 RMSE = 14.94811, MAE = 2.97433, MAPE = 60.62734
Inference time: 2.45 s
--------- Test ---------
Test on 20240914
All Steps RMSE = 20.09206, MAE = 3.87746, MAPE = 73.56657
Step 1 RMSE = 17.50159, MAE = 3.24917, MAPE = 71.46832
Step 2 RMSE = 18.77257, MAE = 3.53157, MAPE = 72.92578
Step 3 RMSE = 19.17982, MAE = 4.27117, MAPE = 99.29741
Step 4 RMSE = 19.50100, MAE = 4.11730, MAPE = 98.97973
Step 5 RMSE = 19.76633, MAE = 3.35677, MAPE = 57.44379
Step 6 RMSE = 20.45874, MAE = 4.44585, MAPE = 93.65886
Step 7 RMSE = 20.46679, MAE = 3.63742, MAPE = 56.22541
Step 8 RMSE = 21.02115, MAE = 3.50155, MAPE = 48.63852
Step 9 RMSE = 20.62897, MAE = 4.23780, MAPE = 79.33357
Step 10 RMSE = 21.02394, MAE = 4.12233, MAPE = 69.59273
Step 11 RMSE = 21.35172, MAE = 4.08405, MAPE = 70.48545
Step 12 RMSE = 21.06934, MAE = 3.97455, MAPE = 64.74872
Inference time: 2.40 s
--------- Test ---------
Test on 20240915
All Steps RMSE = 12.17726, MAE = 2.66804, MAPE = 67.49356
Step 1 RMSE = 10.85985, MAE = 2.20923, MAPE = 46.66495
Step 2 RMSE = 11.28584, MAE = 1.75479, MAPE = 37.60005
Step 3 RMSE = 11.71570, MAE = 3.18915, MAPE = 91.82162
Step 4 RMSE = 11.70461, MAE = 2.30918, MAPE = 63.98605
Step 5 RMSE = 11.89375, MAE = 1.95346, MAPE = 41.05719
Step 6 RMSE = 12.29738, MAE = 2.61256, MAPE = 54.67617
Step 7 RMSE = 12.32307, MAE = 2.55203, MAPE = 53.00058
Step 8 RMSE = 12.88625, MAE = 4.20839, MAPE = 161.26668
Step 9 RMSE = 12.45362, MAE = 2.21373, MAPE = 42.75050
Step 10 RMSE = 12.59046, MAE = 2.52034, MAPE = 74.88776
Step 11 RMSE = 12.90960, MAE = 2.96888, MAPE = 69.52226
Step 12 RMSE = 12.99986, MAE = 3.52471, MAPE = 72.68962
Inference time: 2.36 s
--------- Test ---------
Test on 20240916
All Steps RMSE = 6.95900, MAE = 1.75089, MAPE = 45.54791
Step 1 RMSE = 5.89767, MAE = 1.31292, MAPE = 24.64113
Step 2 RMSE = 6.26924, MAE = 1.15488, MAPE = 19.76167
Step 3 RMSE = 6.43753, MAE = 1.41277, MAPE = 35.34608
Step 4 RMSE = 6.58278, MAE = 1.50186, MAPE = 46.04843
Step 5 RMSE = 6.76481, MAE = 1.50265, MAPE = 33.58046
Step 6 RMSE = 7.06192, MAE = 1.85104, MAPE = 40.89706
Step 7 RMSE = 7.27244, MAE = 2.31733, MAPE = 56.29121
Step 8 RMSE = 7.42037, MAE = 2.84513, MAPE = 117.38133
Step 9 RMSE = 7.26069, MAE = 1.59393, MAPE = 35.20632
Step 10 RMSE = 7.26136, MAE = 1.54613, MAPE = 34.47854
Step 11 RMSE = 7.58146, MAE = 2.18233, MAPE = 54.22423
Step 12 RMSE = 7.46752, MAE = 1.78970, MAPE = 48.71909
Inference time: 2.41 s
--------- Test ---------
Test on 20240917
All Steps RMSE = 8.22900, MAE = 1.78892, MAPE = 52.64641
Step 1 RMSE = 7.36248, MAE = 1.39536, MAPE = 32.30394
Step 2 RMSE = 7.71002, MAE = 1.04632, MAPE = 18.92929
Step 3 RMSE = 8.01060, MAE = 2.24599, MAPE = 73.77084
Step 4 RMSE = 7.94668, MAE = 1.42782, MAPE = 43.88105
Step 5 RMSE = 8.03293, MAE = 1.57668, MAPE = 64.84878
Step 6 RMSE = 8.62012, MAE = 2.84518, MAPE = 80.39739
Step 7 RMSE = 8.31194, MAE = 1.79694, MAPE = 43.09231
Step 8 RMSE = 8.35952, MAE = 1.55243, MAPE = 49.68832
Step 9 RMSE = 8.60255, MAE = 2.40621, MAPE = 63.56078
Step 10 RMSE = 8.44510, MAE = 1.75973, MAPE = 63.05340
Step 11 RMSE = 8.68884, MAE = 1.84832, MAPE = 45.45417
Step 12 RMSE = 8.54410, MAE = 1.56602, MAPE = 52.77715
Inference time: 2.50 s
--------- Test ---------
Test on 20240918
All Steps RMSE = 10.14355, MAE = 2.23239, MAPE = 52.23353
Step 1 RMSE = 8.32565, MAE = 1.58071, MAPE = 29.78740
Step 2 RMSE = 9.22035, MAE = 2.77837, MAPE = 86.64279
Step 3 RMSE = 9.23374, MAE = 1.96841, MAPE = 45.12187
Step 4 RMSE = 9.59545, MAE = 2.48077, MAPE = 77.03587
Step 5 RMSE = 9.83095, MAE = 1.94241, MAPE = 54.57406
Step 6 RMSE = 10.16743, MAE = 2.14496, MAPE = 43.49758
Step 7 RMSE = 10.33418, MAE = 1.99525, MAPE = 41.84505
Step 8 RMSE = 10.61579, MAE = 2.17527, MAPE = 51.27499
Step 9 RMSE = 10.73755, MAE = 2.26263, MAPE = 41.04134
Step 10 RMSE = 10.82862, MAE = 2.31194, MAPE = 55.46545
Step 11 RMSE = 11.23859, MAE = 2.77154, MAPE = 65.07864
Step 12 RMSE = 11.16483, MAE = 2.37638, MAPE = 35.43741
Inference time: 2.51 s
--------- Test ---------
Test on 20240919
All Steps RMSE = 11.67594, MAE = 2.20430, MAPE = 44.17199
Step 1 RMSE = 10.09873, MAE = 1.62962, MAPE = 27.64229
Step 2 RMSE = 10.77786, MAE = 1.67749, MAPE = 25.97808
Step 3 RMSE = 10.97351, MAE = 2.12487, MAPE = 45.28132
Step 4 RMSE = 11.31426, MAE = 2.65515, MAPE = 75.05131
Step 5 RMSE = 11.47381, MAE = 2.16688, MAPE = 55.14361
Step 6 RMSE = 11.70508, MAE = 2.25115, MAPE = 43.55630
Step 7 RMSE = 11.91183, MAE = 2.20930, MAPE = 40.69272
Step 8 RMSE = 12.14074, MAE = 2.20613, MAPE = 42.54388
Step 9 RMSE = 12.23065, MAE = 2.48687, MAPE = 44.27795
Step 10 RMSE = 12.24923, MAE = 2.38339, MAPE = 46.98687
Step 11 RMSE = 12.51025, MAE = 2.41144, MAPE = 42.63021
Step 12 RMSE = 12.46065, MAE = 2.24933, MAPE = 40.27982
Inference time: 2.55 s
--------- Test ---------
Test on 20240920
All Steps RMSE = 25.23446, MAE = 4.29198, MAPE = 77.55281
Step 1 RMSE = 21.44039, MAE = 3.00088, MAPE = 46.01198
Step 2 RMSE = 23.32587, MAE = 4.11729, MAPE = 87.23755
Step 3 RMSE = 23.71132, MAE = 4.05506, MAPE = 80.04039
Step 4 RMSE = 24.40529, MAE = 4.39215, MAPE = 93.45988
Step 5 RMSE = 24.84880, MAE = 3.82447, MAPE = 60.82078
Step 6 RMSE = 25.66665, MAE = 4.24565, MAPE = 72.83924
Step 7 RMSE = 25.95484, MAE = 5.74092, MAPE = 142.17854
Step 8 RMSE = 26.70456, MAE = 4.07855, MAPE = 56.67462
Step 9 RMSE = 25.75661, MAE = 4.60052, MAPE = 78.49888
Step 10 RMSE = 26.75740, MAE = 4.47898, MAPE = 76.21402
Step 11 RMSE = 27.01832, MAE = 4.46644, MAPE = 71.21282
Step 12 RMSE = 26.59532, MAE = 4.50278, MAPE = 65.44725
Inference time: 2.48 s
--------- Test ---------
Test on 20240921
All Steps RMSE = 9.27256, MAE = 2.02978, MAPE = 43.57233
Step 1 RMSE = 7.95340, MAE = 1.68494, MAPE = 36.71836
Step 2 RMSE = 8.55800, MAE = 1.87436, MAPE = 42.96441
Step 3 RMSE = 8.81875, MAE = 2.31210, MAPE = 57.01853
Step 4 RMSE = 8.94615, MAE = 2.24922, MAPE = 67.30425
Step 5 RMSE = 9.08844, MAE = 1.91979, MAPE = 53.94120
Step 6 RMSE = 9.47164, MAE = 2.28484, MAPE = 42.19082
Step 7 RMSE = 9.43057, MAE = 1.87644, MAPE = 36.09772
Step 8 RMSE = 9.64437, MAE = 1.77534, MAPE = 27.25093
Step 9 RMSE = 9.61950, MAE = 2.13863, MAPE = 39.04653
Step 10 RMSE = 9.69620, MAE = 2.16328, MAPE = 50.72411
Step 11 RMSE = 9.99229, MAE = 2.11873, MAPE = 38.03625
Step 12 RMSE = 9.83893, MAE = 1.95965, MAPE = 31.57459
Inference time: 2.48 s
--------- Test ---------
Test on 20240922
All Steps RMSE = 9.68274, MAE = 2.30761, MAPE = 60.94472
Step 1 RMSE = 8.16138, MAE = 1.90093, MAPE = 39.31769
Step 2 RMSE = 8.64724, MAE = 1.52160, MAPE = 35.30954
Step 3 RMSE = 9.08774, MAE = 2.75847, MAPE = 79.39640
Step 4 RMSE = 9.09784, MAE = 1.98908, MAPE = 58.27087
Step 5 RMSE = 9.32534, MAE = 1.72084, MAPE = 42.61495
Step 6 RMSE = 9.75734, MAE = 2.25714, MAPE = 49.87823
Step 7 RMSE = 9.82474, MAE = 2.17892, MAPE = 46.11042
Step 8 RMSE = 10.37606, MAE = 3.67193, MAPE = 148.28033
Step 9 RMSE = 10.06842, MAE = 1.92423, MAPE = 41.73871
Step 10 RMSE = 10.21735, MAE = 2.19669, MAPE = 71.46400
Step 11 RMSE = 10.55776, MAE = 2.54877, MAPE = 60.15304
Step 12 RMSE = 10.71145, MAE = 3.02281, MAPE = 58.80321
Inference time: 2.52 s
--------- Test ---------
Test on 20240923
All Steps RMSE = 12.27073, MAE = 2.91452, MAPE = 61.76291
Step 1 RMSE = 10.03155, MAE = 2.21913, MAPE = 41.88232
Step 2 RMSE = 10.89051, MAE = 2.00231, MAPE = 32.90947
Step 3 RMSE = 11.14407, MAE = 2.37273, MAPE = 50.37844
Step 4 RMSE = 11.51425, MAE = 2.48733, MAPE = 58.73044
Step 5 RMSE = 11.91676, MAE = 2.53027, MAPE = 37.11945
Step 6 RMSE = 12.36273, MAE = 3.10661, MAPE = 59.53601
Step 7 RMSE = 12.78553, MAE = 3.92561, MAPE = 96.53682
Step 8 RMSE = 13.16237, MAE = 4.56203, MAPE = 153.96663
Step 9 RMSE = 12.83864, MAE = 2.73998, MAPE = 44.89676
Step 10 RMSE = 13.09907, MAE = 2.57164, MAPE = 36.63040
Step 11 RMSE = 13.56268, MAE = 3.68500, MAPE = 87.36646
Step 12 RMSE = 13.37625, MAE = 2.77158, MAPE = 41.19969
Inference time: 2.50 s
--------- Test ---------
Test on 20240924
All Steps RMSE = 11.12067, MAE = 2.67768, MAPE = 62.98395
Step 1 RMSE = 9.38806, MAE = 2.04792, MAPE = 41.22316
Step 2 RMSE = 10.05552, MAE = 1.71154, MAPE = 25.12617
Step 3 RMSE = 10.49597, MAE = 3.13382, MAPE = 87.77260
Step 4 RMSE = 10.55196, MAE = 2.24505, MAPE = 52.27438
Step 5 RMSE = 10.79130, MAE = 2.40910, MAPE = 71.68310
Step 6 RMSE = 11.48792, MAE = 3.90096, MAPE = 98.66872
Step 7 RMSE = 11.31445, MAE = 2.71615, MAPE = 53.70227
Step 8 RMSE = 11.52091, MAE = 2.50004, MAPE = 59.15354
Step 9 RMSE = 11.78222, MAE = 3.44583, MAPE = 78.67903
Step 10 RMSE = 11.72320, MAE = 2.74652, MAPE = 72.75319
Step 11 RMSE = 12.05802, MAE = 2.83117, MAPE = 57.60279
Step 12 RMSE = 11.93536, MAE = 2.44413, MAPE = 57.16983
Inference time: 2.50 s
--------- Test ---------
Test on 20240925
All Steps RMSE = 16.03077, MAE = 2.95025, MAPE = 65.25922
Step 1 RMSE = 13.64711, MAE = 2.21195, MAPE = 45.97935
Step 2 RMSE = 14.91850, MAE = 3.75280, MAPE = 115.23509
Step 3 RMSE = 14.94660, MAE = 2.63962, MAPE = 58.62786
Step 4 RMSE = 15.36535, MAE = 3.26673, MAPE = 91.14497
Step 5 RMSE = 15.65795, MAE = 2.39519, MAPE = 48.91764
Step 6 RMSE = 16.23297, MAE = 2.85667, MAPE = 54.15437
Step 7 RMSE = 16.36154, MAE = 2.60860, MAPE = 47.37436
Step 8 RMSE = 16.86073, MAE = 2.83427, MAPE = 58.60549
Step 9 RMSE = 16.52855, MAE = 3.01167, MAPE = 55.95258
Step 10 RMSE = 16.98198, MAE = 2.94241, MAPE = 58.36855
Step 11 RMSE = 17.33863, MAE = 3.63859, MAPE = 89.10116
Step 12 RMSE = 17.10729, MAE = 3.24454, MAPE = 59.64894
Inference time: 2.42 s
--------- Test ---------
Test on 20240926
All Steps RMSE = 11.88979, MAE = 2.30835, MAPE = 44.78310
Step 1 RMSE = 9.88144, MAE = 1.69649, MAPE = 27.92635
Step 2 RMSE = 10.76124, MAE = 1.75798, MAPE = 26.12433
Step 3 RMSE = 11.04677, MAE = 2.20971, MAPE = 45.30609
Step 4 RMSE = 11.41982, MAE = 2.75886, MAPE = 75.88580
Step 5 RMSE = 11.65966, MAE = 2.28826, MAPE = 56.77228
Step 6 RMSE = 12.02429, MAE = 2.35463, MAPE = 44.23203
Step 7 RMSE = 12.17798, MAE = 2.31373, MAPE = 41.21473
Step 8 RMSE = 12.53186, MAE = 2.32589, MAPE = 43.32931
Step 9 RMSE = 12.44086, MAE = 2.58655, MAPE = 44.08142
Step 10 RMSE = 12.64556, MAE = 2.50803, MAPE = 47.89986
Step 11 RMSE = 12.91295, MAE = 2.52730, MAPE = 43.03378
Step 12 RMSE = 12.77508, MAE = 2.37280, MAPE = 41.59177
Inference time: 2.59 s
--------- Test ---------
Test on 20240927
All Steps RMSE = 14.86453, MAE = 2.63816, MAPE = 51.48931
Step 1 RMSE = 12.09733, MAE = 1.84369, MAPE = 30.31788
Step 2 RMSE = 13.47352, MAE = 2.60169, MAPE = 64.24748
Step 3 RMSE = 13.78960, MAE = 2.52636, MAPE = 52.71676
Step 4 RMSE = 14.25614, MAE = 2.75493, MAPE = 66.97250
Step 5 RMSE = 14.56752, MAE = 2.29540, MAPE = 36.71550
Step 6 RMSE = 15.20631, MAE = 2.57499, MAPE = 43.19299
Step 7 RMSE = 15.39000, MAE = 3.54335, MAPE = 90.17464
Step 8 RMSE = 15.86304, MAE = 2.44367, MAPE = 34.15180
Step 9 RMSE = 15.30679, MAE = 2.78216, MAPE = 47.37694
Step 10 RMSE = 15.92897, MAE = 2.71179, MAPE = 49.74721
Step 11 RMSE = 16.12365, MAE = 2.72686, MAPE = 44.92647
Step 12 RMSE = 15.81918, MAE = 2.85294, MAPE = 57.33118
Inference time: 2.50 s
--------- Test ---------
Test on 20240928
All Steps RMSE = 10.42088, MAE = 1.94603, MAPE = 45.18720
Step 1 RMSE = 9.29833, MAE = 1.68789, MAPE = 41.48246
Step 2 RMSE = 9.88580, MAE = 1.83776, MAPE = 45.98550
Step 3 RMSE = 10.10840, MAE = 2.32308, MAPE = 62.73471
Step 4 RMSE = 10.25135, MAE = 2.16903, MAPE = 67.92364
Step 5 RMSE = 10.26176, MAE = 1.72897, MAPE = 47.83961
Step 6 RMSE = 10.58832, MAE = 2.30556, MAPE = 50.28474
Step 7 RMSE = 10.50119, MAE = 1.73990, MAPE = 35.09534
Step 8 RMSE = 10.70256, MAE = 1.62903, MAPE = 26.90169
Step 9 RMSE = 10.70607, MAE = 2.07775, MAPE = 44.05505
Step 10 RMSE = 10.75478, MAE = 1.99936, MAPE = 47.98256
Step 11 RMSE = 11.01722, MAE = 2.01460, MAPE = 40.65236
Step 12 RMSE = 10.85250, MAE = 1.83941, MAPE = 31.30892
Inference time: 2.55 s
AVG RMSE: 12.882121668921577 MAE: 2.604424430264367 MAPE: 55.99663654963175
