Loss: HuberLoss

2024-12-23 14:33:34.326077 Epoch 1  	Train Loss = 0.97693 Val Loss = 0.92314
2024-12-23 16:08:24.654064 Epoch 2  	Train Loss = 0.88488 Val Loss = 0.91694
2024-12-23 17:42:09.981743 Epoch 3  	Train Loss = 0.87764 Val Loss = 0.90881
2024-12-23 19:11:40.735868 Epoch 4  	Train Loss = 0.86916 Val Loss = 0.89883
2024-12-23 20:44:29.791798 Epoch 5  	Train Loss = 0.85845 Val Loss = 0.88734
2024-12-23 22:14:16.844324 Epoch 6  	Train Loss = 0.84735 Val Loss = 0.87588
2024-12-23 23:36:19.717833 Epoch 7  	Train Loss = 0.83804 Val Loss = 0.87352
2024-12-24 00:58:17.508540 Epoch 8  	Train Loss = 0.83164 Val Loss = 0.86684
2024-12-24 02:25:49.021523 Epoch 9  	Train Loss = 0.82596 Val Loss = 0.85853
2024-12-24 03:48:45.429348 Epoch 10  	Train Loss = 0.82386 Val Loss = 0.85636
2024-12-24 05:18:11.236021 Epoch 11  	Train Loss = 0.81658 Val Loss = 0.85412
2024-12-24 06:46:15.841470 Epoch 12  	Train Loss = 0.81227 Val Loss = 0.84954
2024-12-24 08:15:11.664532 Epoch 13  	Train Loss = 0.80828 Val Loss = 0.84552
2024-12-24 09:46:53.495362 Epoch 14  	Train Loss = 0.80431 Val Loss = 0.84326
2024-12-24 11:17:37.239460 Epoch 15  	Train Loss = 0.80248 Val Loss = 0.83976
2024-12-24 12:47:54.747414 Epoch 16  	Train Loss = 0.79929 Val Loss = 0.83953
2024-12-24 14:24:15.262394 Epoch 17  	Train Loss = 0.79610 Val Loss = 0.83711
2024-12-24 15:53:01.318352 Epoch 18  	Train Loss = 0.79567 Val Loss = 0.84316
2024-12-24 17:29:35.420565 Epoch 19  	Train Loss = 0.79415 Val Loss = 0.83376
2024-12-24 19:05:01.565420 Epoch 20  	Train Loss = 0.79252 Val Loss = 0.83871
Early stopping at epoch: 20
Best at epoch 19:
Train Loss = 0.79415
Train RMSE = 2.14085, MAE = 1.16487, MAPE = 15.29870
Val Loss = 0.83376
Val RMSE = 2.28515, MAE = 1.26463, MAPE = 15.35778
Saved Model: ./saved_models/PatchSTG/PatchSTG-didi-2024-12-23-12-59-48.pt
--------- Test ---------
Test on 20240911
All Steps RMSE = 2.21330, MAE = 1.19747, MAPE = 15.76652
Step 1 RMSE = 1.23053, MAE = 0.64968, MAPE = 7.18607
Step 2 RMSE = 1.72068, MAE = 0.96753, MAPE = 11.33351
Step 3 RMSE = 1.95982, MAE = 1.08198, MAPE = 13.26250
Step 4 RMSE = 2.11184, MAE = 1.15406, MAPE = 14.61536
Step 5 RMSE = 2.21342, MAE = 1.20799, MAPE = 15.73860
Step 6 RMSE = 2.28928, MAE = 1.24956, MAPE = 16.55866
Step 7 RMSE = 2.34678, MAE = 1.28273, MAPE = 17.23543
Step 8 RMSE = 2.39199, MAE = 1.30989, MAPE = 17.82328
Step 9 RMSE = 2.43199, MAE = 1.33433, MAPE = 18.26954
Step 10 RMSE = 2.46605, MAE = 1.35660, MAPE = 18.73122
Step 11 RMSE = 2.49857, MAE = 1.37753, MAPE = 19.04288
Step 12 RMSE = 2.52999, MAE = 1.39776, MAPE = 19.40121
Inference time: 10.10 s
--------- Test ---------
Test on 20240912
All Steps RMSE = 2.27335, MAE = 1.23804, MAPE = 16.99873
Step 1 RMSE = 1.24673, MAE = 0.66132, MAPE = 7.50937
Step 2 RMSE = 1.75863, MAE = 0.99064, MAPE = 11.98175
Step 3 RMSE = 2.01005, MAE = 1.11364, MAPE = 14.13470
Step 4 RMSE = 2.16629, MAE = 1.19091, MAPE = 15.64811
Step 5 RMSE = 2.27120, MAE = 1.24886, MAPE = 16.95266
Step 6 RMSE = 2.35036, MAE = 1.29376, MAPE = 17.88267
Step 7 RMSE = 2.41114, MAE = 1.32954, MAPE = 18.64830
Step 8 RMSE = 2.46015, MAE = 1.35860, MAPE = 19.31191
Step 9 RMSE = 2.50270, MAE = 1.38347, MAPE = 19.81132
Step 10 RMSE = 2.53827, MAE = 1.40716, MAPE = 20.31474
Step 11 RMSE = 2.57124, MAE = 1.42893, MAPE = 20.68852
Step 12 RMSE = 2.60214, MAE = 1.44968, MAPE = 21.10077
Inference time: 10.10 s
--------- Test ---------
Test on 20240913
All Steps RMSE = 2.21520, MAE = 1.20377, MAPE = 16.09628
Step 1 RMSE = 1.21821, MAE = 0.64782, MAPE = 7.32047
Step 2 RMSE = 1.71607, MAE = 0.96853, MAPE = 11.62148
Step 3 RMSE = 1.95933, MAE = 1.08633, MAPE = 13.66349
Step 4 RMSE = 2.11369, MAE = 1.16015, MAPE = 15.04701
Step 5 RMSE = 2.21590, MAE = 1.21464, MAPE = 16.16331
Step 6 RMSE = 2.29355, MAE = 1.25749, MAPE = 16.98685
Step 7 RMSE = 2.35147, MAE = 1.29132, MAPE = 17.61577
Step 8 RMSE = 2.39749, MAE = 1.31891, MAPE = 18.16017
Step 9 RMSE = 2.43598, MAE = 1.34258, MAPE = 18.55375
Step 10 RMSE = 2.46929, MAE = 1.36501, MAPE = 18.99534
Step 11 RMSE = 2.50157, MAE = 1.38584, MAPE = 19.33568
Step 12 RMSE = 2.53236, MAE = 1.40661, MAPE = 19.69201
Inference time: 10.37 s
--------- Test ---------
Test on 20240914
All Steps RMSE = 2.48776, MAE = 1.37997, MAPE = 23.20343
Step 1 RMSE = 1.23537, MAE = 0.67459, MAPE = 8.67593
Step 2 RMSE = 1.78632, MAE = 1.02895, MAPE = 14.33773
Step 3 RMSE = 2.07548, MAE = 1.17993, MAPE = 17.54437
Step 4 RMSE = 2.27418, MAE = 1.28496, MAPE = 20.08959
Step 5 RMSE = 2.42481, MAE = 1.36981, MAPE = 22.44538
Step 6 RMSE = 2.54791, MAE = 1.43966, MAPE = 24.34398
Step 7 RMSE = 2.64722, MAE = 1.49729, MAPE = 25.93113
Step 8 RMSE = 2.73369, MAE = 1.54588, MAPE = 27.29040
Step 9 RMSE = 2.79954, MAE = 1.58376, MAPE = 28.23176
Step 10 RMSE = 2.85798, MAE = 1.61972, MAPE = 29.15662
Step 11 RMSE = 2.91010, MAE = 1.65216, MAPE = 29.84805
Step 12 RMSE = 2.95712, MAE = 1.68293, MAPE = 30.54616
Inference time: 10.01 s
--------- Test ---------
Test on 20240915
All Steps RMSE = 1.98604, MAE = 1.07796, MAPE = 13.53837
Step 1 RMSE = 1.07757, MAE = 0.60266, MAPE = 6.51316
Step 2 RMSE = 1.52231, MAE = 0.88015, MAPE = 9.93173
Step 3 RMSE = 1.73238, MAE = 0.97317, MAPE = 11.42012
Step 4 RMSE = 1.87040, MAE = 1.03362, MAPE = 12.49508
Step 5 RMSE = 1.96969, MAE = 1.08095, MAPE = 13.40904
Step 6 RMSE = 2.04443, MAE = 1.11830, MAPE = 14.10149
Step 7 RMSE = 2.10379, MAE = 1.14910, MAPE = 14.69831
Step 8 RMSE = 2.15356, MAE = 1.17590, MAPE = 15.21192
Step 9 RMSE = 2.19511, MAE = 1.19943, MAPE = 15.63162
Step 10 RMSE = 2.23269, MAE = 1.22167, MAPE = 16.02402
Step 11 RMSE = 2.26691, MAE = 1.24044, MAPE = 16.34064
Step 12 RMSE = 2.29974, MAE = 1.26012, MAPE = 16.68323
Inference time: 10.39 s
--------- Test ---------
Test on 20240916
All Steps RMSE = 2.00028, MAE = 1.07882, MAPE = 10.98620
Step 1 RMSE = 1.17912, MAE = 0.61583, MAPE = 5.84992
Step 2 RMSE = 1.58155, MAE = 0.88758, MAPE = 8.61099
Step 3 RMSE = 1.76457, MAE = 0.96947, MAPE = 9.59684
Step 4 RMSE = 1.88246, MAE = 1.02118, MAPE = 10.26697
Step 5 RMSE = 1.96688, MAE = 1.06515, MAPE = 10.86397
Step 6 RMSE = 2.03449, MAE = 1.10205, MAPE = 11.32328
Step 7 RMSE = 2.09518, MAE = 1.13996, MAPE = 11.76169
Step 8 RMSE = 2.14893, MAE = 1.17228, MAPE = 12.12580
Step 9 RMSE = 2.19960, MAE = 1.20247, MAPE = 12.43505
Step 10 RMSE = 2.24164, MAE = 1.23061, MAPE = 12.75336
Step 11 RMSE = 2.28257, MAE = 1.25767, MAPE = 12.99990
Step 12 RMSE = 2.31854, MAE = 1.28161, MAPE = 13.24678
Inference time: 10.14 s
--------- Test ---------
Test on 20240917
All Steps RMSE = 1.99953, MAE = 1.07641, MAPE = 10.69598
Step 1 RMSE = 1.19090, MAE = 0.62071, MAPE = 5.75123
Step 2 RMSE = 1.59050, MAE = 0.89120, MAPE = 8.44106
Step 3 RMSE = 1.76924, MAE = 0.97010, MAPE = 9.37473
Step 4 RMSE = 1.88510, MAE = 1.01946, MAPE = 9.99357
Step 5 RMSE = 1.97187, MAE = 1.06277, MAPE = 10.57228
Step 6 RMSE = 2.03863, MAE = 1.09871, MAPE = 11.01749
Step 7 RMSE = 2.09869, MAE = 1.13549, MAPE = 11.44091
Step 8 RMSE = 2.15038, MAE = 1.16773, MAPE = 11.79559
Step 9 RMSE = 2.19632, MAE = 1.19752, MAPE = 12.08404
Step 10 RMSE = 2.23447, MAE = 1.22623, MAPE = 12.40088
Step 11 RMSE = 2.27039, MAE = 1.25168, MAPE = 12.62426
Step 12 RMSE = 2.30248, MAE = 1.27527, MAPE = 12.85559
Inference time: 10.20 s
--------- Test ---------
Test on 20240918
All Steps RMSE = 2.08800, MAE = 1.12297, MAPE = 12.72052
Step 1 RMSE = 1.18753, MAE = 0.62535, MAPE = 6.32858
Step 2 RMSE = 1.61829, MAE = 0.91245, MAPE = 9.55660
Step 3 RMSE = 1.82131, MAE = 1.00512, MAPE = 10.83932
Step 4 RMSE = 1.95548, MAE = 1.06475, MAPE = 11.73137
Step 5 RMSE = 2.05005, MAE = 1.11311, MAPE = 12.50654
Step 6 RMSE = 2.12991, MAE = 1.15445, MAPE = 13.10093
Step 7 RMSE = 2.19470, MAE = 1.19094, MAPE = 13.63303
Step 8 RMSE = 2.25157, MAE = 1.22376, MAPE = 14.14741
Step 9 RMSE = 2.30476, MAE = 1.25470, MAPE = 14.58673
Step 10 RMSE = 2.35074, MAE = 1.28412, MAPE = 15.05210
Step 11 RMSE = 2.39524, MAE = 1.31052, MAPE = 15.38606
Step 12 RMSE = 2.43846, MAE = 1.33644, MAPE = 15.77772
Inference time: 10.22 s
--------- Test ---------
Test on 20240919
All Steps RMSE = 2.18464, MAE = 1.16877, MAPE = 14.10817
Step 1 RMSE = 1.27823, MAE = 0.65303, MAPE = 6.86796
Step 2 RMSE = 1.74641, MAE = 0.96219, MAPE = 10.60992
Step 3 RMSE = 1.97003, MAE = 1.06630, MAPE = 12.20758
Step 4 RMSE = 2.10258, MAE = 1.12902, MAPE = 13.27911
Step 5 RMSE = 2.18852, MAE = 1.17597, MAPE = 14.16053
Step 6 RMSE = 2.25113, MAE = 1.21280, MAPE = 14.77890
Step 7 RMSE = 2.30002, MAE = 1.24357, MAPE = 15.29204
Step 8 RMSE = 2.34235, MAE = 1.27056, MAPE = 15.74534
Step 9 RMSE = 2.38235, MAE = 1.29499, MAPE = 16.10160
Step 10 RMSE = 2.41595, MAE = 1.31794, MAPE = 16.46478
Step 11 RMSE = 2.44813, MAE = 1.33927, MAPE = 16.73318
Step 12 RMSE = 2.47922, MAE = 1.35961, MAPE = 17.05721
Inference time: 10.12 s
--------- Test ---------
Test on 20240920
All Steps RMSE = 2.40133, MAE = 1.33749, MAPE = 22.46384
Step 1 RMSE = 1.27223, MAE = 0.68000, MAPE = 8.86804
Step 2 RMSE = 1.79971, MAE = 1.02884, MAPE = 14.47964
Step 3 RMSE = 2.07182, MAE = 1.17009, MAPE = 17.51019
Step 4 RMSE = 2.24857, MAE = 1.26339, MAPE = 19.79803
Step 5 RMSE = 2.37277, MAE = 1.33626, MAPE = 21.85125
Step 6 RMSE = 2.46823, MAE = 1.39377, MAPE = 23.40137
Step 7 RMSE = 2.54650, MAE = 1.44218, MAPE = 24.75564
Step 8 RMSE = 2.61312, MAE = 1.48308, MAPE = 26.04058
Step 9 RMSE = 2.66818, MAE = 1.51770, MAPE = 26.94507
Step 10 RMSE = 2.71562, MAE = 1.54924, MAPE = 27.87378
Step 11 RMSE = 2.75974, MAE = 1.57865, MAPE = 28.65765
Step 12 RMSE = 2.80099, MAE = 1.60673, MAPE = 29.38478
Inference time: 10.13 s
--------- Test ---------
Test on 20240921
All Steps RMSE = 2.01105, MAE = 1.07870, MAPE = 12.95395
Step 1 RMSE = 1.12847, MAE = 0.60754, MAPE = 6.45387
Step 2 RMSE = 1.59050, MAE = 0.89507, MAPE = 9.93106
Step 3 RMSE = 1.80662, MAE = 0.99084, MAPE = 11.38578
Step 4 RMSE = 1.93956, MAE = 1.04946, MAPE = 12.35199
Step 5 RMSE = 2.02673, MAE = 1.09180, MAPE = 13.11279
Step 6 RMSE = 2.08673, MAE = 1.12399, MAPE = 13.66004
Step 7 RMSE = 2.13166, MAE = 1.15011, MAPE = 14.08498
Step 8 RMSE = 2.16848, MAE = 1.17220, MAPE = 14.43689
Step 9 RMSE = 2.19980, MAE = 1.19080, MAPE = 14.68746
Step 10 RMSE = 2.22457, MAE = 1.20850, MAPE = 14.94988
Step 11 RMSE = 2.24798, MAE = 1.22416, MAPE = 15.09551
Step 12 RMSE = 2.27008, MAE = 1.23991, MAPE = 15.29713
Inference time: 10.49 s
--------- Test ---------
Test on 20240922
All Steps RMSE = 1.92314, MAE = 1.03814, MAPE = 12.20480
Step 1 RMSE = 1.11418, MAE = 0.60459, MAPE = 6.24355
Step 2 RMSE = 1.54542, MAE = 0.87830, MAPE = 9.44229
Step 3 RMSE = 1.73886, MAE = 0.96295, MAPE = 10.72680
Step 4 RMSE = 1.85924, MAE = 1.01431, MAPE = 11.58895
Step 5 RMSE = 1.93822, MAE = 1.05152, MAPE = 12.29253
Step 6 RMSE = 1.99287, MAE = 1.07926, MAPE = 12.78959
Step 7 RMSE = 2.03345, MAE = 1.10142, MAPE = 13.20013
Step 8 RMSE = 2.06691, MAE = 1.12090, MAPE = 13.53939
Step 9 RMSE = 2.09393, MAE = 1.13809, MAPE = 13.81480
Step 10 RMSE = 2.11864, MAE = 1.15441, MAPE = 14.06949
Step 11 RMSE = 2.14118, MAE = 1.16835, MAPE = 14.25991
Step 12 RMSE = 2.16299, MAE = 1.18361, MAPE = 14.49008
Inference time: 10.10 s
--------- Test ---------
Test on 20240923
All Steps RMSE = 2.21159, MAE = 1.18921, MAPE = 15.09156
Step 1 RMSE = 1.24340, MAE = 0.65266, MAPE = 7.10522
Step 2 RMSE = 1.72228, MAE = 0.96463, MAPE = 10.99941
Step 3 RMSE = 1.95714, MAE = 1.07355, MAPE = 12.73172
Step 4 RMSE = 2.10565, MAE = 1.14232, MAPE = 13.94742
Step 5 RMSE = 2.20378, MAE = 1.19386, MAPE = 14.96491
Step 6 RMSE = 2.27990, MAE = 1.23482, MAPE = 15.70888
Step 7 RMSE = 2.33801, MAE = 1.26953, MAPE = 16.34853
Step 8 RMSE = 2.38538, MAE = 1.29821, MAPE = 16.92715
Step 9 RMSE = 2.42904, MAE = 1.32414, MAPE = 17.39695
Step 10 RMSE = 2.46623, MAE = 1.34897, MAPE = 17.91207
Step 11 RMSE = 2.50329, MAE = 1.37249, MAPE = 18.30785
Step 12 RMSE = 2.54106, MAE = 1.39537, MAPE = 18.74861
Inference time: 10.46 s
--------- Test ---------
Test on 20240924
All Steps RMSE = 2.16474, MAE = 1.16687, MAPE = 14.27816
Step 1 RMSE = 1.24624, MAE = 0.64750, MAPE = 6.88651
Step 2 RMSE = 1.71282, MAE = 0.95565, MAPE = 10.66891
Step 3 RMSE = 1.93580, MAE = 1.06131, MAPE = 12.30352
Step 4 RMSE = 2.07279, MAE = 1.12617, MAPE = 13.40128
Step 5 RMSE = 2.16222, MAE = 1.17427, MAPE = 14.29434
Step 6 RMSE = 2.23000, MAE = 1.21253, MAPE = 14.95132
Step 7 RMSE = 2.28303, MAE = 1.24382, MAPE = 15.48151
Step 8 RMSE = 2.32749, MAE = 1.27063, MAPE = 15.95131
Step 9 RMSE = 2.36767, MAE = 1.29464, MAPE = 16.31285
Step 10 RMSE = 2.40255, MAE = 1.31733, MAPE = 16.72112
Step 11 RMSE = 2.43709, MAE = 1.33873, MAPE = 17.01805
Step 12 RMSE = 2.47134, MAE = 1.35987, MAPE = 17.34713
Inference time: 10.16 s
--------- Test ---------
Test on 20240925
All Steps RMSE = 2.18123, MAE = 1.18239, MAPE = 15.57759
Step 1 RMSE = 1.22232, MAE = 0.64649, MAPE = 7.13624
Step 2 RMSE = 1.70037, MAE = 0.95864, MAPE = 11.22228
Step 3 RMSE = 1.93295, MAE = 1.06990, MAPE = 13.11480
Step 4 RMSE = 2.08089, MAE = 1.13988, MAPE = 14.45165
Step 5 RMSE = 2.17900, MAE = 1.19211, MAPE = 15.56965
Step 6 RMSE = 2.25377, MAE = 1.23278, MAPE = 16.38340
Step 7 RMSE = 2.31122, MAE = 1.26570, MAPE = 17.04112
Step 8 RMSE = 2.35618, MAE = 1.29224, MAPE = 17.60598
Step 9 RMSE = 2.39519, MAE = 1.31591, MAPE = 18.02972
Step 10 RMSE = 2.42960, MAE = 1.33812, MAPE = 18.47818
Step 11 RMSE = 2.46224, MAE = 1.35856, MAPE = 18.77797
Step 12 RMSE = 2.49360, MAE = 1.37830, MAPE = 19.11995
Inference time: 10.44 s
--------- Test ---------
Test on 20240926
All Steps RMSE = 2.11668, MAE = 1.14550, MAPE = 14.20367
Step 1 RMSE = 1.19248, MAE = 0.63311, MAPE = 6.82496
Step 2 RMSE = 1.66969, MAE = 0.93818, MAPE = 10.61474
Step 3 RMSE = 1.89763, MAE = 1.04445, MAPE = 12.26431
Step 4 RMSE = 2.03779, MAE = 1.11012, MAPE = 13.38112
Step 5 RMSE = 2.12857, MAE = 1.15820, MAPE = 14.29627
Step 6 RMSE = 2.19255, MAE = 1.19485, MAPE = 14.92926
Step 7 RMSE = 2.24015, MAE = 1.22390, MAPE = 15.44028
Step 8 RMSE = 2.27847, MAE = 1.24782, MAPE = 15.88270
Step 9 RMSE = 2.31366, MAE = 1.26919, MAPE = 16.22647
Step 10 RMSE = 2.34361, MAE = 1.28982, MAPE = 16.58656
Step 11 RMSE = 2.37327, MAE = 1.30880, MAPE = 16.84247
Step 12 RMSE = 2.40307, MAE = 1.32755, MAPE = 17.15483
Inference time: 10.17 s
--------- Test ---------
Test on 20240927
All Steps RMSE = 2.12826, MAE = 1.16681, MAPE = 15.47049
Step 1 RMSE = 1.18516, MAE = 0.63755, MAPE = 7.16729
Step 2 RMSE = 1.66527, MAE = 0.94801, MAPE = 11.30290
Step 3 RMSE = 1.89351, MAE = 1.05760, MAPE = 13.18283
Step 4 RMSE = 2.03513, MAE = 1.12589, MAPE = 14.47025
Step 5 RMSE = 2.12970, MAE = 1.17703, MAPE = 15.53241
Step 6 RMSE = 2.20009, MAE = 1.21655, MAPE = 16.29663
Step 7 RMSE = 2.25435, MAE = 1.24859, MAPE = 16.89867
Step 8 RMSE = 2.29794, MAE = 1.27489, MAPE = 17.43272
Step 9 RMSE = 2.33533, MAE = 1.29749, MAPE = 17.79564
Step 10 RMSE = 2.36691, MAE = 1.31911, MAPE = 18.20066
Step 11 RMSE = 2.39878, MAE = 1.33957, MAPE = 18.51270
Step 12 RMSE = 2.42901, MAE = 1.35944, MAPE = 18.85330
Inference time: 10.25 s
--------- Test ---------
Test on 20240928
All Steps RMSE = 1.78721, MAE = 0.99599, MAPE = 11.81367
Step 1 RMSE = 1.05028, MAE = 0.58787, MAPE = 6.21293
Step 2 RMSE = 1.46628, MAE = 0.85539, MAPE = 9.45382
Step 3 RMSE = 1.64185, MAE = 0.93510, MAPE = 10.69998
Step 4 RMSE = 1.74476, MAE = 0.97996, MAPE = 11.47021
Step 5 RMSE = 1.81140, MAE = 1.01201, MAPE = 12.07234
Step 6 RMSE = 1.85568, MAE = 1.03557, MAPE = 12.47754
Step 7 RMSE = 1.88737, MAE = 1.05480, MAPE = 12.77487
Step 8 RMSE = 1.91302, MAE = 1.07121, MAPE = 13.02228
Step 9 RMSE = 1.93350, MAE = 1.08469, MAPE = 13.18073
Step 10 RMSE = 1.95207, MAE = 1.09837, MAPE = 13.35733
Step 11 RMSE = 1.97072, MAE = 1.11150, MAPE = 13.44314
Step 12 RMSE = 1.98928, MAE = 1.12538, MAPE = 13.59904
Inference time: 10.21 s
AVG RMSE: 2.1318512161572776 MAE: 1.158071733183331 MAPE: 14.898441690537664
