Loss: HuberLoss

2024-11-18 18:19:15.808527 Epoch 1  	Train Loss = 25.03618 Val Loss = 24.14643
2024-11-18 19:22:05.181026 Epoch 2  	Train Loss = 24.31416 Val Loss = 24.13815
2024-11-18 20:19:57.404677 Epoch 3  	Train Loss = 24.31761 Val Loss = 24.13957
2024-11-18 21:13:40.496059 Epoch 4  	Train Loss = 24.31192 Val Loss = 24.12060
2024-11-18 22:12:09.098554 Epoch 5  	Train Loss = 24.31146 Val Loss = 24.10483
2024-11-18 22:59:06.572809 Epoch 6  	Train Loss = 24.28720 Val Loss = 24.08621
2024-11-18 23:38:54.344697 Epoch 7  	Train Loss = 24.26584 Val Loss = 24.08537
2024-11-19 00:14:29.079406 Epoch 8  	Train Loss = 24.26142 Val Loss = 24.07548
2024-11-19 00:57:02.426719 Epoch 9  	Train Loss = 24.27704 Val Loss = 24.05694
2024-11-19 01:44:20.807453 Epoch 10  	Train Loss = 24.21346 Val Loss = 24.05055
2024-11-19 02:32:16.781634 Epoch 11  	Train Loss = 24.23639 Val Loss = 24.02300
2024-11-19 03:20:15.785826 Epoch 12  	Train Loss = 24.21272 Val Loss = 24.01642
2024-11-19 04:10:05.393122 Epoch 13  	Train Loss = 24.18731 Val Loss = 24.00097
2024-11-19 05:03:30.997426 Epoch 14  	Train Loss = 24.18056 Val Loss = 23.99668
2024-11-19 05:58:59.138702 Epoch 15  	Train Loss = 24.18180 Val Loss = 23.98286
2024-11-19 06:47:25.415835 Epoch 16  	Train Loss = 24.16445 Val Loss = 23.96345
2024-11-19 07:43:43.503556 Epoch 17  	Train Loss = 24.14383 Val Loss = 23.96040
2024-11-19 08:40:42.185288 Epoch 18  	Train Loss = 24.15407 Val Loss = 23.94381
2024-11-19 09:42:15.182166 Epoch 19  	Train Loss = 24.11915 Val Loss = 23.92674
2024-11-19 10:42:15.446091 Epoch 20  	Train Loss = 24.10698 Val Loss = 23.92033
Early stopping at epoch: 20
Best at epoch 20:
Train Loss = 24.10698
Train RMSE = 31.99967, MAE = 25.70684, MAPE = 304.39775
Val Loss = 23.92033
Val RMSE = 32.42127, MAE = 26.46576, MAPE = 295.57095
Saved Model: ./saved_models/AR/AR-didi-2024-11-18-17-16-06.pt
--------- Test ---------
Test on 20240911
All Steps RMSE = 29.96511, MAE = 24.41335, MAPE = 276.89047
Step 1 RMSE = 30.15859, MAE = 24.57047, MAPE = 285.06203
Step 2 RMSE = 30.12382, MAE = 24.54211, MAPE = 283.28054
Step 3 RMSE = 30.08803, MAE = 24.51086, MAPE = 281.44548
Step 4 RMSE = 30.05207, MAE = 24.48048, MAPE = 279.83460
Step 5 RMSE = 30.01530, MAE = 24.45074, MAPE = 278.33719
Step 6 RMSE = 29.97907, MAE = 24.42174, MAPE = 277.04368
Step 7 RMSE = 29.94387, MAE = 24.39443, MAPE = 275.84605
Step 8 RMSE = 29.90977, MAE = 24.36837, MAPE = 274.67778
Step 9 RMSE = 29.87627, MAE = 24.34241, MAPE = 273.53551
Step 10 RMSE = 29.84230, MAE = 24.31665, MAPE = 272.34445
Step 11 RMSE = 29.81008, MAE = 24.29232, MAPE = 271.16826
Step 12 RMSE = 29.77898, MAE = 24.26928, MAPE = 270.10684
Inference time: 1.23 s
--------- Test ---------
Test on 20240912
All Steps RMSE = 30.32551, MAE = 24.65988, MAPE = 291.53588
Step 1 RMSE = 30.53066, MAE = 24.82666, MAPE = 299.80338
Step 2 RMSE = 30.49390, MAE = 24.79557, MAPE = 298.14980
Step 3 RMSE = 30.45425, MAE = 24.76131, MAPE = 296.41285
Step 4 RMSE = 30.41431, MAE = 24.72749, MAPE = 294.71955
Step 5 RMSE = 30.37509, MAE = 24.69587, MAPE = 293.14029
Step 6 RMSE = 30.33775, MAE = 24.66664, MAPE = 291.72950
Step 7 RMSE = 30.30193, MAE = 24.63933, MAPE = 290.48378
Step 8 RMSE = 30.26727, MAE = 24.61262, MAPE = 289.28463
Step 9 RMSE = 30.23308, MAE = 24.58681, MAPE = 288.04190
Step 10 RMSE = 30.19919, MAE = 24.56157, MAPE = 286.84840
Step 11 RMSE = 30.16500, MAE = 24.53571, MAPE = 285.55238
Step 12 RMSE = 30.13039, MAE = 24.50953, MAPE = 284.26228
Inference time: 1.27 s
--------- Test ---------
Test on 20240913
All Steps RMSE = 29.91353, MAE = 24.32687, MAPE = 278.84104
Step 1 RMSE = 30.10326, MAE = 24.48004, MAPE = 285.98170
Step 2 RMSE = 30.06875, MAE = 24.45129, MAPE = 284.52804
Step 3 RMSE = 30.03254, MAE = 24.42006, MAPE = 283.00769
Step 4 RMSE = 29.99619, MAE = 24.38997, MAPE = 281.52316
Step 5 RMSE = 29.96068, MAE = 24.36133, MAPE = 280.19829
Step 6 RMSE = 29.92665, MAE = 24.33460, MAPE = 279.01950
Step 7 RMSE = 29.89347, MAE = 24.30894, MAPE = 277.89097
Step 8 RMSE = 29.86084, MAE = 24.28461, MAPE = 276.82440
Step 9 RMSE = 29.82773, MAE = 24.25975, MAPE = 275.79956
Step 10 RMSE = 29.79476, MAE = 24.23439, MAPE = 274.78690
Step 11 RMSE = 29.76284, MAE = 24.21033, MAPE = 273.77255
Step 12 RMSE = 29.73189, MAE = 24.18668, MAPE = 272.76223
Inference time: 1.43 s
--------- Test ---------
Test on 20240914
All Steps RMSE = 30.94167, MAE = 25.12088, MAPE = 336.70359
Step 1 RMSE = 31.16124, MAE = 25.30646, MAPE = 346.10076
Step 2 RMSE = 31.11743, MAE = 25.26890, MAPE = 343.66987
Step 3 RMSE = 31.07370, MAE = 25.22964, MAPE = 341.43224
Step 4 RMSE = 31.03171, MAE = 25.19191, MAPE = 339.70039
Step 5 RMSE = 30.99180, MAE = 25.15804, MAPE = 338.18071
Step 6 RMSE = 30.95410, MAE = 25.12695, MAPE = 336.67974
Step 7 RMSE = 30.91772, MAE = 25.09790, MAPE = 335.41782
Step 8 RMSE = 30.88254, MAE = 25.07065, MAPE = 334.27169
Step 9 RMSE = 30.84675, MAE = 25.04293, MAPE = 333.11317
Step 10 RMSE = 30.81025, MAE = 25.01471, MAPE = 331.88062
Step 11 RMSE = 30.77330, MAE = 24.98576, MAPE = 330.62124
Step 12 RMSE = 30.73602, MAE = 24.95650, MAPE = 329.38051
Inference time: 1.34 s
--------- Test ---------
Test on 20240915
All Steps RMSE = 29.27914, MAE = 23.94578, MAPE = 257.20501
Step 1 RMSE = 29.40863, MAE = 24.05408, MAPE = 261.73508
Step 2 RMSE = 29.38399, MAE = 24.03328, MAPE = 260.65328
Step 3 RMSE = 29.35692, MAE = 24.00994, MAPE = 259.59387
Step 4 RMSE = 29.33147, MAE = 23.98770, MAPE = 258.70826
Step 5 RMSE = 29.30810, MAE = 23.96805, MAPE = 257.96289
Step 6 RMSE = 29.28659, MAE = 23.95064, MAPE = 257.30579
Step 7 RMSE = 29.26576, MAE = 23.93402, MAPE = 256.67436
Step 8 RMSE = 29.24521, MAE = 23.91729, MAPE = 256.04291
Step 9 RMSE = 29.22446, MAE = 23.90033, MAPE = 255.42128
Step 10 RMSE = 29.20204, MAE = 23.88267, MAPE = 254.77734
Step 11 RMSE = 29.17889, MAE = 23.86466, MAPE = 254.11568
Step 12 RMSE = 29.15579, MAE = 23.84620, MAPE = 253.46467
Inference time: 1.24 s
--------- Test ---------
Test on 20240916
All Steps RMSE = 28.51308, MAE = 23.33466, MAPE = 222.70527
Step 1 RMSE = 28.61860, MAE = 23.42294, MAPE = 225.14389
Step 2 RMSE = 28.60456, MAE = 23.41002, MAPE = 224.71068
Step 3 RMSE = 28.58522, MAE = 23.39222, MAPE = 224.13826
Step 4 RMSE = 28.56423, MAE = 23.37431, MAPE = 223.61240
Step 5 RMSE = 28.54254, MAE = 23.35640, MAPE = 223.12946
Step 6 RMSE = 28.52161, MAE = 23.33985, MAPE = 222.70255
Step 7 RMSE = 28.50131, MAE = 23.32395, MAPE = 222.33522
Step 8 RMSE = 28.48291, MAE = 23.30910, MAPE = 222.00606
Step 9 RMSE = 28.46477, MAE = 23.29464, MAPE = 221.65043
Step 10 RMSE = 28.44506, MAE = 23.27986, MAPE = 221.31939
Step 11 RMSE = 28.42402, MAE = 23.26433, MAPE = 221.00348
Step 12 RMSE = 28.40113, MAE = 23.24756, MAPE = 220.71233
Inference time: 1.28 s
--------- Test ---------
Test on 20240917
All Steps RMSE = 28.54101, MAE = 23.29943, MAPE = 218.86704
Step 1 RMSE = 28.62067, MAE = 23.36946, MAPE = 220.56170
Step 2 RMSE = 28.61232, MAE = 23.36107, MAPE = 220.35129
Step 3 RMSE = 28.59926, MAE = 23.34777, MAPE = 219.93473
Step 4 RMSE = 28.58415, MAE = 23.33311, MAPE = 219.51804
Step 5 RMSE = 28.56804, MAE = 23.31920, MAPE = 219.17758
Step 6 RMSE = 28.55142, MAE = 23.30520, MAPE = 218.87922
Step 7 RMSE = 28.53543, MAE = 23.29217, MAPE = 218.62268
Step 8 RMSE = 28.51958, MAE = 23.27958, MAPE = 218.39750
Step 9 RMSE = 28.50293, MAE = 23.26707, MAPE = 218.14311
Step 10 RMSE = 28.48436, MAE = 23.25314, MAPE = 217.84878
Step 11 RMSE = 28.46562, MAE = 23.23931, MAPE = 217.59672
Step 12 RMSE = 28.44759, MAE = 23.22608, MAPE = 217.36681
Inference time: 1.26 s
--------- Test ---------
Test on 20240918
All Steps RMSE = 29.30890, MAE = 24.06360, MAPE = 250.80805
Step 1 RMSE = 29.51115, MAE = 24.21955, MAPE = 257.77209
Step 2 RMSE = 29.48140, MAE = 24.19604, MAPE = 256.57599
Step 3 RMSE = 29.44514, MAE = 24.16677, MAPE = 255.16341
Step 4 RMSE = 29.40653, MAE = 24.13688, MAPE = 253.75490
Step 5 RMSE = 29.36694, MAE = 24.10691, MAPE = 252.38297
Step 6 RMSE = 29.32722, MAE = 24.07706, MAPE = 251.10781
Step 7 RMSE = 29.28799, MAE = 24.04683, MAPE = 249.92146
Step 8 RMSE = 29.25006, MAE = 24.01728, MAPE = 248.80242
Step 9 RMSE = 29.21275, MAE = 23.98958, MAPE = 247.68085
Step 10 RMSE = 29.17492, MAE = 23.96193, MAPE = 246.57278
Step 11 RMSE = 29.13754, MAE = 23.93524, MAPE = 245.50138
Step 12 RMSE = 29.10145, MAE = 23.90895, MAPE = 244.45550
Inference time: 1.25 s
--------- Test ---------
Test on 20240919
All Steps RMSE = 29.81314, MAE = 24.38198, MAPE = 261.95362
Step 1 RMSE = 29.99165, MAE = 24.52212, MAPE = 269.09673
Step 2 RMSE = 29.96456, MAE = 24.50001, MAPE = 267.69662
Step 3 RMSE = 29.93277, MAE = 24.47299, MAPE = 266.22677
Step 4 RMSE = 29.89913, MAE = 24.44580, MAPE = 264.76841
Step 5 RMSE = 29.86395, MAE = 24.41860, MAPE = 263.44173
Step 6 RMSE = 29.82790, MAE = 24.39165, MAPE = 262.22427
Step 7 RMSE = 29.79327, MAE = 24.36527, MAPE = 261.10981
Step 8 RMSE = 29.76019, MAE = 24.34027, MAPE = 259.99265
Step 9 RMSE = 29.72823, MAE = 24.31654, MAPE = 258.88193
Step 10 RMSE = 29.69662, MAE = 24.29315, MAPE = 257.77574
Step 11 RMSE = 29.66438, MAE = 24.26999, MAPE = 256.63407
Step 12 RMSE = 29.63227, MAE = 24.24708, MAPE = 255.59983
Inference time: 1.33 s
--------- Test ---------
Test on 20240920
All Steps RMSE = 30.68571, MAE = 24.87398, MAPE = 340.39392
Step 1 RMSE = 30.93653, MAE = 25.07101, MAPE = 355.62615
Step 2 RMSE = 30.89147, MAE = 25.03489, MAPE = 352.62194
Step 3 RMSE = 30.84470, MAE = 24.99560, MAPE = 349.66104
Step 4 RMSE = 30.79793, MAE = 24.95722, MAPE = 347.04394
Step 5 RMSE = 30.75062, MAE = 24.92037, MAPE = 344.37807
Step 6 RMSE = 30.70413, MAE = 24.88498, MAPE = 341.56740
Step 7 RMSE = 30.65885, MAE = 24.85079, MAPE = 338.71734
Step 8 RMSE = 30.61406, MAE = 24.81744, MAPE = 335.98132
Step 9 RMSE = 30.57001, MAE = 24.78513, MAPE = 333.38928
Step 10 RMSE = 30.52697, MAE = 24.75399, MAPE = 330.89962
Step 11 RMSE = 30.48462, MAE = 24.72292, MAPE = 328.52128
Step 12 RMSE = 30.44407, MAE = 24.69284, MAPE = 326.31102
Inference time: 1.37 s
--------- Test ---------
Test on 20240921
All Steps RMSE = 29.60894, MAE = 24.24756, MAPE = 255.94518
Step 1 RMSE = 29.72152, MAE = 24.34130, MAPE = 259.63850
Step 2 RMSE = 29.70067, MAE = 24.32310, MAPE = 258.72958
Step 3 RMSE = 29.67877, MAE = 24.30277, MAPE = 257.85301
Step 4 RMSE = 29.65741, MAE = 24.28329, MAPE = 257.10289
Step 5 RMSE = 29.63644, MAE = 24.26557, MAPE = 256.43747
Step 6 RMSE = 29.61561, MAE = 24.24991, MAPE = 255.92346
Step 7 RMSE = 29.59557, MAE = 24.23530, MAPE = 255.44429
Step 8 RMSE = 29.57689, MAE = 24.22141, MAPE = 254.91893
Step 9 RMSE = 29.55879, MAE = 24.20775, MAPE = 254.46250
Step 10 RMSE = 29.54000, MAE = 24.19391, MAPE = 254.04637
Step 11 RMSE = 29.52161, MAE = 24.18029, MAPE = 253.59545
Step 12 RMSE = 29.50297, MAE = 24.16636, MAPE = 253.18925
Inference time: 1.42 s
--------- Test ---------
Test on 20240922
All Steps RMSE = 29.33068, MAE = 24.01571, MAPE = 247.57054
Step 1 RMSE = 29.41434, MAE = 24.08786, MAPE = 250.51064
Step 2 RMSE = 29.40040, MAE = 24.07549, MAPE = 249.95172
Step 3 RMSE = 29.38426, MAE = 24.06020, MAPE = 249.29769
Step 4 RMSE = 29.36946, MAE = 24.04627, MAPE = 248.68155
Step 5 RMSE = 29.35538, MAE = 24.03340, MAPE = 248.14498
Step 6 RMSE = 29.34173, MAE = 24.02161, MAPE = 247.69852
Step 7 RMSE = 29.32693, MAE = 24.00985, MAPE = 247.24879
Step 8 RMSE = 29.31109, MAE = 23.99758, MAPE = 246.78235
Step 9 RMSE = 29.29391, MAE = 23.98453, MAPE = 246.29185
Step 10 RMSE = 29.27567, MAE = 23.97076, MAPE = 245.81833
Step 11 RMSE = 29.25666, MAE = 23.95700, MAPE = 245.39089
Step 12 RMSE = 29.23774, MAE = 23.94414, MAPE = 245.03400
Inference time: 1.47 s
--------- Test ---------
Test on 20240923
All Steps RMSE = 30.12069, MAE = 24.59809, MAPE = 276.87340
Step 1 RMSE = 30.34059, MAE = 24.77501, MAPE = 285.26573
Step 2 RMSE = 30.30421, MAE = 24.74504, MAPE = 283.78973
Step 3 RMSE = 30.26563, MAE = 24.71173, MAPE = 282.16758
Step 4 RMSE = 30.22458, MAE = 24.67821, MAPE = 280.54881
Step 5 RMSE = 30.18204, MAE = 24.64450, MAPE = 278.99089
Step 6 RMSE = 30.14014, MAE = 24.61205, MAPE = 277.53031
Step 7 RMSE = 30.09930, MAE = 24.58043, MAPE = 276.05963
Step 8 RMSE = 30.05833, MAE = 24.54836, MAPE = 274.54400
Step 9 RMSE = 30.01795, MAE = 24.51686, MAPE = 273.00715
Step 10 RMSE = 29.97696, MAE = 24.48533, MAPE = 271.52023
Step 11 RMSE = 29.93659, MAE = 24.45441, MAPE = 270.17887
Step 12 RMSE = 29.89809, MAE = 24.42501, MAPE = 268.86926
Inference time: 1.39 s
--------- Test ---------
Test on 20240924
All Steps RMSE = 29.77760, MAE = 24.27922, MAPE = 265.42432
Step 1 RMSE = 29.96400, MAE = 24.42870, MAPE = 271.85953
Step 2 RMSE = 29.93587, MAE = 24.40466, MAPE = 270.57045
Step 3 RMSE = 29.90351, MAE = 24.37632, MAPE = 269.15193
Step 4 RMSE = 29.86851, MAE = 24.34687, MAPE = 267.84430
Step 5 RMSE = 29.83135, MAE = 24.31766, MAPE = 266.67824
Step 6 RMSE = 29.79456, MAE = 24.28933, MAPE = 265.62023
Step 7 RMSE = 29.75908, MAE = 24.26291, MAPE = 264.64045
Step 8 RMSE = 29.72404, MAE = 24.23705, MAPE = 263.70487
Step 9 RMSE = 29.68878, MAE = 24.21051, MAPE = 262.74066
Step 10 RMSE = 29.65356, MAE = 24.18425, MAPE = 261.74724
Step 11 RMSE = 29.61926, MAE = 24.15840, MAPE = 260.74550
Step 12 RMSE = 29.58592, MAE = 24.13429, MAPE = 259.77955
Inference time: 1.38 s
--------- Test ---------
Test on 20240925
All Steps RMSE = 29.94600, MAE = 24.43926, MAPE = 276.70393
Step 1 RMSE = 30.14329, MAE = 24.60043, MAPE = 284.72354
Step 2 RMSE = 30.10909, MAE = 24.57222, MAPE = 283.13916
Step 3 RMSE = 30.07207, MAE = 24.54055, MAPE = 281.44183
Step 4 RMSE = 30.03426, MAE = 24.50854, MAPE = 279.78189
Step 5 RMSE = 29.99616, MAE = 24.47702, MAPE = 278.28782
Step 6 RMSE = 29.95975, MAE = 24.44745, MAPE = 276.88448
Step 7 RMSE = 29.92415, MAE = 24.41925, MAPE = 275.56007
Step 8 RMSE = 29.88960, MAE = 24.39225, MAPE = 274.37689
Step 9 RMSE = 29.85537, MAE = 24.36591, MAPE = 273.21482
Step 10 RMSE = 29.82148, MAE = 24.34008, MAPE = 272.03224
Step 11 RMSE = 29.78806, MAE = 24.31546, MAPE = 270.99826
Step 12 RMSE = 29.75634, MAE = 24.29196, MAPE = 270.01357
Inference time: 1.32 s
--------- Test ---------
Test on 20240926
All Steps RMSE = 29.71369, MAE = 24.20887, MAPE = 268.97504
Step 1 RMSE = 29.88936, MAE = 24.35151, MAPE = 275.36087
Step 2 RMSE = 29.85992, MAE = 24.32654, MAPE = 274.09132
Step 3 RMSE = 29.82817, MAE = 24.29818, MAPE = 272.62635
Step 4 RMSE = 29.79579, MAE = 24.26998, MAPE = 271.29378
Step 5 RMSE = 29.76258, MAE = 24.24296, MAPE = 270.17696
Step 6 RMSE = 29.72980, MAE = 24.21702, MAPE = 269.14990
Step 7 RMSE = 29.69781, MAE = 24.19267, MAPE = 268.18483
Step 8 RMSE = 29.66541, MAE = 24.16902, MAPE = 267.22109
Step 9 RMSE = 29.63211, MAE = 24.14510, MAPE = 266.30666
Step 10 RMSE = 29.59865, MAE = 24.12083, MAPE = 265.39409
Step 11 RMSE = 29.56647, MAE = 24.09763, MAPE = 264.44342
Step 12 RMSE = 29.53576, MAE = 24.07498, MAPE = 263.46052
Inference time: 1.40 s
--------- Test ---------
Test on 20240927
All Steps RMSE = 29.80227, MAE = 24.29775, MAPE = 277.53067
Step 1 RMSE = 29.97989, MAE = 24.44062, MAPE = 284.62911
Step 2 RMSE = 29.94873, MAE = 24.41431, MAPE = 283.04696
Step 3 RMSE = 29.91459, MAE = 24.38528, MAPE = 281.52339
Step 4 RMSE = 29.87991, MAE = 24.35633, MAPE = 280.14860
Step 5 RMSE = 29.84595, MAE = 24.32930, MAPE = 278.87073
Step 6 RMSE = 29.81370, MAE = 24.30421, MAPE = 277.75488
Step 7 RMSE = 29.78333, MAE = 24.28061, MAPE = 276.76287
Step 8 RMSE = 29.75310, MAE = 24.25831, MAPE = 275.74582
Step 9 RMSE = 29.72182, MAE = 24.23516, MAPE = 274.67563
Step 10 RMSE = 29.69128, MAE = 24.21234, MAPE = 273.53921
Step 11 RMSE = 29.66119, MAE = 24.18988, MAPE = 272.39008
Step 12 RMSE = 29.63129, MAE = 24.16730, MAPE = 271.28410
Inference time: 1.38 s
--------- Test ---------
Test on 20240928
All Steps RMSE = 28.86407, MAE = 23.64322, MAPE = 248.40856
Step 1 RMSE = 28.93105, MAE = 23.69863, MAPE = 250.97926
Step 2 RMSE = 28.92031, MAE = 23.68899, MAPE = 250.34060
Step 3 RMSE = 28.90725, MAE = 23.67690, MAPE = 249.67384
Step 4 RMSE = 28.89466, MAE = 23.66616, MAPE = 249.14877
Step 5 RMSE = 28.88257, MAE = 23.65666, MAPE = 248.74215
Step 6 RMSE = 28.87129, MAE = 23.64820, MAPE = 248.38383
Step 7 RMSE = 28.86017, MAE = 23.63964, MAPE = 248.02446
Step 8 RMSE = 28.84844, MAE = 23.63040, MAPE = 247.69311
Step 9 RMSE = 28.83593, MAE = 23.62074, MAPE = 247.43090
Step 10 RMSE = 28.82149, MAE = 23.60990, MAPE = 247.18220
Step 11 RMSE = 28.80569, MAE = 23.59784, MAPE = 246.85929
Step 12 RMSE = 28.78934, MAE = 23.58490, MAPE = 246.44029
Inference time: 1.28 s
AVG RMSE: 29.69170676337348 MAE: 24.230561680263943 MAPE: 269.62975131140814
