Loss: HuberLoss

2024-11-19 15:43:30.414344 Epoch 1  	Train Loss = 6.48568 Val Loss = 5.88075
2024-11-19 16:49:29.002560 Epoch 2  	Train Loss = 5.85297 Val Loss = 5.87468
2024-11-19 17:53:40.341035 Epoch 3  	Train Loss = 5.84438 Val Loss = 5.86380
2024-11-19 19:00:11.049742 Epoch 4  	Train Loss = 5.82977 Val Loss = 5.84959
2024-11-19 20:05:43.539520 Epoch 5  	Train Loss = 5.82014 Val Loss = 5.84399
2024-11-19 21:03:36.658402 Epoch 6  	Train Loss = 5.80373 Val Loss = 5.83157
2024-11-19 21:59:50.639369 Epoch 7  	Train Loss = 5.79804 Val Loss = 5.81736
2024-11-19 22:49:37.765711 Epoch 8  	Train Loss = 5.78569 Val Loss = 5.81154
2024-11-19 23:31:00.617660 Epoch 9  	Train Loss = 5.76996 Val Loss = 5.80090
2024-11-20 00:12:18.888919 Epoch 10  	Train Loss = 5.76440 Val Loss = 5.78393
2024-11-20 00:58:23.080122 Epoch 11  	Train Loss = 5.75132 Val Loss = 5.77503
2024-11-20 01:48:40.148557 Epoch 12  	Train Loss = 5.74321 Val Loss = 5.75938
2024-11-20 02:39:42.570678 Epoch 13  	Train Loss = 5.71648 Val Loss = 5.75325
2024-11-20 03:34:34.327480 Epoch 14  	Train Loss = 5.70943 Val Loss = 5.73702
2024-11-20 04:27:38.481085 Epoch 15  	Train Loss = 5.71270 Val Loss = 5.72545
2024-11-20 05:19:10.473500 Epoch 16  	Train Loss = 5.70699 Val Loss = 5.71982
2024-11-20 06:11:35.072252 Epoch 17  	Train Loss = 5.68077 Val Loss = 5.70818
2024-11-20 07:04:47.494108 Epoch 18  	Train Loss = 5.67144 Val Loss = 5.69344
2024-11-20 07:58:47.964077 Epoch 19  	Train Loss = 5.65543 Val Loss = 5.68725
2024-11-20 08:56:40.272134 Epoch 20  	Train Loss = 5.65180 Val Loss = 5.67273
Early stopping at epoch: 20
Best at epoch 20:
Train Loss = 5.65180
Train RMSE = 10.40613, MAE = 7.03625, MAPE = 78.49842
Val Loss = 5.67273
Val RMSE = 9.50386, MAE = 7.03330, MAPE = 76.60601
Saved Model: ./saved_models/AR/AR-didi-2024-11-19-14-38-06.pt
--------- Test ---------
Test on 20240911
All Steps RMSE = 8.48360, MAE = 6.19649, MAPE = 69.07675
Step 1 RMSE = 8.21928, MAE = 6.02608, MAPE = 67.13563
Step 2 RMSE = 8.25988, MAE = 6.05010, MAPE = 67.44683
Step 3 RMSE = 8.31043, MAE = 6.08317, MAPE = 67.79525
Step 4 RMSE = 8.36010, MAE = 6.11730, MAPE = 68.13643
Step 5 RMSE = 8.41196, MAE = 6.15099, MAPE = 68.50417
Step 6 RMSE = 8.46211, MAE = 6.18380, MAPE = 68.90109
Step 7 RMSE = 8.51225, MAE = 6.21567, MAPE = 69.24029
Step 8 RMSE = 8.55951, MAE = 6.24650, MAPE = 69.61076
Step 9 RMSE = 8.60529, MAE = 6.27699, MAPE = 70.00025
Step 10 RMSE = 8.65022, MAE = 6.30755, MAPE = 70.38487
Step 11 RMSE = 8.69577, MAE = 6.33681, MAPE = 70.74181
Step 12 RMSE = 8.73706, MAE = 6.36311, MAPE = 71.02181
Inference time: 1.34 s
--------- Test ---------
Test on 20240912
All Steps RMSE = 8.67042, MAE = 6.32740, MAPE = 73.45350
Step 1 RMSE = 8.39874, MAE = 6.15130, MAPE = 71.32241
Step 2 RMSE = 8.44427, MAE = 6.17578, MAPE = 71.65576
Step 3 RMSE = 8.49452, MAE = 6.20885, MAPE = 72.05657
Step 4 RMSE = 8.54382, MAE = 6.24443, MAPE = 72.43276
Step 5 RMSE = 8.59367, MAE = 6.27905, MAPE = 72.87326
Step 6 RMSE = 8.64424, MAE = 6.31276, MAPE = 73.29210
Step 7 RMSE = 8.69346, MAE = 6.34496, MAPE = 73.65501
Step 8 RMSE = 8.74238, MAE = 6.37718, MAPE = 74.00805
Step 9 RMSE = 8.79279, MAE = 6.41014, MAPE = 74.40240
Step 10 RMSE = 8.84332, MAE = 6.44257, MAPE = 74.85880
Step 11 RMSE = 8.89256, MAE = 6.47499, MAPE = 75.24448
Step 12 RMSE = 8.94105, MAE = 6.50668, MAPE = 75.64070
Inference time: 1.21 s
--------- Test ---------
Test on 20240913
All Steps RMSE = 8.47269, MAE = 6.19397, MAPE = 69.61717
Step 1 RMSE = 8.22093, MAE = 6.03145, MAPE = 67.78616
Step 2 RMSE = 8.25887, MAE = 6.05224, MAPE = 68.03979
Step 3 RMSE = 8.30442, MAE = 6.08247, MAPE = 68.36631
Step 4 RMSE = 8.35206, MAE = 6.11592, MAPE = 68.71691
Step 5 RMSE = 8.40129, MAE = 6.14831, MAPE = 69.06076
Step 6 RMSE = 8.44952, MAE = 6.17907, MAPE = 69.38507
Step 7 RMSE = 8.49643, MAE = 6.20991, MAPE = 69.73161
Step 8 RMSE = 8.54343, MAE = 6.24159, MAPE = 70.10286
Step 9 RMSE = 8.59013, MAE = 6.27273, MAPE = 70.50072
Step 10 RMSE = 8.63648, MAE = 6.30315, MAPE = 70.88737
Step 11 RMSE = 8.67954, MAE = 6.33186, MAPE = 71.23688
Step 12 RMSE = 8.72093, MAE = 6.35872, MAPE = 71.59469
Inference time: 1.21 s
--------- Test ---------
Test on 20240914
All Steps RMSE = 8.83814, MAE = 6.51276, MAPE = 84.64813
Step 1 RMSE = 8.55488, MAE = 6.32472, MAPE = 82.24795
Step 2 RMSE = 8.60242, MAE = 6.35370, MAPE = 82.70855
Step 3 RMSE = 8.65299, MAE = 6.38870, MAPE = 83.07420
Step 4 RMSE = 8.70265, MAE = 6.42339, MAPE = 83.43734
Step 5 RMSE = 8.75416, MAE = 6.45863, MAPE = 83.85270
Step 6 RMSE = 8.80571, MAE = 6.49365, MAPE = 84.27204
Step 7 RMSE = 8.85881, MAE = 6.52924, MAPE = 84.71375
Step 8 RMSE = 8.91342, MAE = 6.56486, MAPE = 85.24127
Step 9 RMSE = 8.96862, MAE = 6.60083, MAPE = 85.84037
Step 10 RMSE = 9.02272, MAE = 6.63735, MAPE = 86.34074
Step 11 RMSE = 9.07448, MAE = 6.67235, MAPE = 86.79367
Step 12 RMSE = 9.12465, MAE = 6.70592, MAPE = 87.25466
Inference time: 1.35 s
--------- Test ---------
Test on 20240915
All Steps RMSE = 7.74644, MAE = 5.74819, MAPE = 60.45839
Step 1 RMSE = 7.57059, MAE = 5.63723, MAPE = 59.29711
Step 2 RMSE = 7.59264, MAE = 5.64767, MAPE = 59.45406
Step 3 RMSE = 7.62283, MAE = 5.66757, MAPE = 59.64284
Step 4 RMSE = 7.65376, MAE = 5.68928, MAPE = 59.85108
Step 5 RMSE = 7.68619, MAE = 5.71108, MAPE = 60.07481
Step 6 RMSE = 7.72046, MAE = 5.73249, MAPE = 60.27886
Step 7 RMSE = 7.75532, MAE = 5.75475, MAPE = 60.50201
Step 8 RMSE = 7.79254, MAE = 5.77854, MAPE = 60.74809
Step 9 RMSE = 7.83050, MAE = 5.80321, MAPE = 61.01525
Step 10 RMSE = 7.86872, MAE = 5.82843, MAPE = 61.28675
Step 11 RMSE = 7.90752, MAE = 5.85269, MAPE = 61.53867
Step 12 RMSE = 7.94498, MAE = 5.87540, MAPE = 61.81064
Inference time: 1.24 s
--------- Test ---------
Test on 20240916
All Steps RMSE = 7.60249, MAE = 5.53978, MAPE = 51.81243
Step 1 RMSE = 7.44473, MAE = 5.44401, MAPE = 50.92597
Step 2 RMSE = 7.46203, MAE = 5.44978, MAPE = 51.02434
Step 3 RMSE = 7.49057, MAE = 5.46695, MAPE = 51.17638
Step 4 RMSE = 7.51905, MAE = 5.48722, MAPE = 51.34360
Step 5 RMSE = 7.54753, MAE = 5.50707, MAPE = 51.50141
Step 6 RMSE = 7.57523, MAE = 5.52612, MAPE = 51.66740
Step 7 RMSE = 7.60556, MAE = 5.54548, MAPE = 51.85756
Step 8 RMSE = 7.63851, MAE = 5.56579, MAPE = 52.04644
Step 9 RMSE = 7.67336, MAE = 5.58652, MAPE = 52.24252
Step 10 RMSE = 7.71374, MAE = 5.60903, MAPE = 52.43182
Step 11 RMSE = 7.75583, MAE = 5.63314, MAPE = 52.64713
Step 12 RMSE = 7.79410, MAE = 5.65648, MAPE = 52.88398
Inference time: 1.35 s
--------- Test ---------
Test on 20240917
All Steps RMSE = 7.52180, MAE = 5.48500, MAPE = 50.22947
Step 1 RMSE = 7.39779, MAE = 5.40564, MAPE = 49.51034
Step 2 RMSE = 7.40429, MAE = 5.40792, MAPE = 49.56029
Step 3 RMSE = 7.42505, MAE = 5.42231, MAPE = 49.68104
Step 4 RMSE = 7.44600, MAE = 5.43872, MAPE = 49.81534
Step 5 RMSE = 7.47033, MAE = 5.45563, MAPE = 49.97146
Step 6 RMSE = 7.49674, MAE = 5.47248, MAPE = 50.09966
Step 7 RMSE = 7.52691, MAE = 5.49037, MAPE = 50.24540
Step 8 RMSE = 7.55796, MAE = 5.50895, MAPE = 50.40603
Step 9 RMSE = 7.58825, MAE = 5.52707, MAPE = 50.60033
Step 10 RMSE = 7.61828, MAE = 5.54557, MAPE = 50.78249
Step 11 RMSE = 7.64771, MAE = 5.56421, MAPE = 50.95819
Step 12 RMSE = 7.67543, MAE = 5.58103, MAPE = 51.12217
Inference time: 1.27 s
--------- Test ---------
Test on 20240918
All Steps RMSE = 8.12361, MAE = 5.94332, MAPE = 60.99683
Step 1 RMSE = 7.82165, MAE = 5.76294, MAPE = 58.85305
Step 2 RMSE = 7.86644, MAE = 5.78685, MAPE = 59.20164
Step 3 RMSE = 7.92225, MAE = 5.82046, MAPE = 59.58132
Step 4 RMSE = 7.98104, MAE = 5.85677, MAPE = 59.98119
Step 5 RMSE = 8.04043, MAE = 5.89351, MAPE = 60.38272
Step 6 RMSE = 8.09710, MAE = 5.92850, MAPE = 60.79082
Step 7 RMSE = 8.15365, MAE = 5.96220, MAPE = 61.17674
Step 8 RMSE = 8.20956, MAE = 5.99607, MAPE = 61.56397
Step 9 RMSE = 8.26358, MAE = 6.03006, MAPE = 61.99129
Step 10 RMSE = 8.31647, MAE = 6.06320, MAPE = 62.41624
Step 11 RMSE = 8.36781, MAE = 6.09483, MAPE = 62.82118
Step 12 RMSE = 8.41646, MAE = 6.12443, MAPE = 63.20211
Inference time: 1.28 s
--------- Test ---------
Test on 20240919
All Steps RMSE = 8.45541, MAE = 6.12420, MAPE = 65.10688
Step 1 RMSE = 8.19896, MAE = 5.96229, MAPE = 63.18174
Step 2 RMSE = 8.23774, MAE = 5.98335, MAPE = 63.47950
Step 3 RMSE = 8.28662, MAE = 6.01397, MAPE = 63.88940
Step 4 RMSE = 8.33508, MAE = 6.04696, MAPE = 64.23821
Step 5 RMSE = 8.38272, MAE = 6.07892, MAPE = 64.58393
Step 6 RMSE = 8.42997, MAE = 6.10994, MAPE = 64.91084
Step 7 RMSE = 8.47682, MAE = 6.14066, MAPE = 65.25269
Step 8 RMSE = 8.52257, MAE = 6.17038, MAPE = 65.60162
Step 9 RMSE = 8.57058, MAE = 6.20070, MAPE = 65.95987
Step 10 RMSE = 8.61921, MAE = 6.23110, MAPE = 66.34526
Step 11 RMSE = 8.66841, MAE = 6.26120, MAPE = 66.74134
Step 12 RMSE = 8.71716, MAE = 6.29097, MAPE = 67.09961
Inference time: 1.27 s
--------- Test ---------
Test on 20240920
All Steps RMSE = 8.93261, MAE = 6.53661, MAPE = 86.46222
Step 1 RMSE = 8.59079, MAE = 6.31510, MAPE = 83.44169
Step 2 RMSE = 8.65014, MAE = 6.34962, MAPE = 83.91590
Step 3 RMSE = 8.71532, MAE = 6.39212, MAPE = 84.47735
Step 4 RMSE = 8.77739, MAE = 6.43495, MAPE = 84.95813
Step 5 RMSE = 8.84091, MAE = 6.47748, MAPE = 85.45625
Step 6 RMSE = 8.90551, MAE = 6.51998, MAPE = 86.01471
Step 7 RMSE = 8.96715, MAE = 6.56087, MAPE = 86.68890
Step 8 RMSE = 9.02917, MAE = 6.60164, MAPE = 87.35617
Step 9 RMSE = 9.08920, MAE = 6.64158, MAPE = 87.96133
Step 10 RMSE = 9.14589, MAE = 6.67943, MAPE = 88.53368
Step 11 RMSE = 9.19848, MAE = 6.71486, MAPE = 89.05537
Step 12 RMSE = 9.25165, MAE = 6.75162, MAPE = 89.68587
Inference time: 1.35 s
--------- Test ---------
Test on 20240921
All Steps RMSE = 7.86934, MAE = 5.80079, MAPE = 59.68929
Step 1 RMSE = 7.72378, MAE = 5.71006, MAPE = 58.93884
Step 2 RMSE = 7.74099, MAE = 5.71683, MAPE = 59.05679
Step 3 RMSE = 7.76809, MAE = 5.73317, MAPE = 59.21762
Step 4 RMSE = 7.79401, MAE = 5.75119, MAPE = 59.33394
Step 5 RMSE = 7.82390, MAE = 5.77045, MAPE = 59.45983
Step 6 RMSE = 7.85337, MAE = 5.78941, MAPE = 59.60110
Step 7 RMSE = 7.88368, MAE = 5.80873, MAPE = 59.74772
Step 8 RMSE = 7.91194, MAE = 5.82822, MAPE = 59.88805
Step 9 RMSE = 7.93897, MAE = 5.84672, MAPE = 60.01220
Step 10 RMSE = 7.96595, MAE = 5.86558, MAPE = 60.15736
Step 11 RMSE = 7.99560, MAE = 5.88475, MAPE = 60.33402
Step 12 RMSE = 8.02463, MAE = 5.90441, MAPE = 60.52420
Inference time: 1.40 s
--------- Test ---------
Test on 20240922
All Steps RMSE = 7.62745, MAE = 5.64635, MAPE = 56.62449
Step 1 RMSE = 7.50898, MAE = 5.56825, MAPE = 55.98251
Step 2 RMSE = 7.51678, MAE = 5.57142, MAPE = 56.05392
Step 3 RMSE = 7.53164, MAE = 5.58397, MAPE = 56.16558
Step 4 RMSE = 7.55018, MAE = 5.59947, MAPE = 56.26553
Step 5 RMSE = 7.57266, MAE = 5.61634, MAPE = 56.38253
Step 6 RMSE = 7.60041, MAE = 5.63409, MAPE = 56.52481
Step 7 RMSE = 7.63114, MAE = 5.65175, MAPE = 56.66192
Step 8 RMSE = 7.66397, MAE = 5.66940, MAPE = 56.79833
Step 9 RMSE = 7.69506, MAE = 5.68778, MAPE = 56.93713
Step 10 RMSE = 7.72338, MAE = 5.70635, MAPE = 57.09268
Step 11 RMSE = 7.75085, MAE = 5.72471, MAPE = 57.24589
Step 12 RMSE = 7.77785, MAE = 5.74268, MAPE = 57.38287
Inference time: 1.29 s
--------- Test ---------
Test on 20240923
All Steps RMSE = 8.58225, MAE = 6.24960, MAPE = 68.88081
Step 1 RMSE = 8.26417, MAE = 6.04904, MAPE = 66.42061
Step 2 RMSE = 8.31153, MAE = 6.07642, MAPE = 66.77305
Step 3 RMSE = 8.36943, MAE = 6.11348, MAPE = 67.19069
Step 4 RMSE = 8.42875, MAE = 6.15264, MAPE = 67.65319
Step 5 RMSE = 8.49229, MAE = 6.19331, MAPE = 68.12460
Step 6 RMSE = 8.55421, MAE = 6.23261, MAPE = 68.57635
Step 7 RMSE = 8.61286, MAE = 6.27036, MAPE = 69.02809
Step 8 RMSE = 8.67061, MAE = 6.30788, MAPE = 69.53154
Step 9 RMSE = 8.72828, MAE = 6.34543, MAPE = 70.06106
Step 10 RMSE = 8.78528, MAE = 6.38235, MAPE = 70.57316
Step 11 RMSE = 8.84312, MAE = 6.41899, MAPE = 71.08181
Step 12 RMSE = 8.89784, MAE = 6.45265, MAPE = 71.55501
Inference time: 1.37 s
--------- Test ---------
Test on 20240924
All Steps RMSE = 8.40785, MAE = 6.11972, MAPE = 65.69351
Step 1 RMSE = 8.13804, MAE = 5.94775, MAPE = 63.62566
Step 2 RMSE = 8.17774, MAE = 5.97037, MAPE = 63.95067
Step 3 RMSE = 8.22668, MAE = 6.00192, MAPE = 64.30596
Step 4 RMSE = 8.27704, MAE = 6.03609, MAPE = 64.68525
Step 5 RMSE = 8.32983, MAE = 6.07094, MAPE = 65.07828
Step 6 RMSE = 8.38331, MAE = 6.10558, MAPE = 65.49333
Step 7 RMSE = 8.43527, MAE = 6.13960, MAPE = 65.89312
Step 8 RMSE = 8.48491, MAE = 6.17174, MAPE = 66.27594
Step 9 RMSE = 8.53424, MAE = 6.20342, MAPE = 66.68313
Step 10 RMSE = 8.58312, MAE = 6.23419, MAPE = 67.07608
Step 11 RMSE = 8.62988, MAE = 6.26371, MAPE = 67.45532
Step 12 RMSE = 8.67306, MAE = 6.29140, MAPE = 67.79932
Inference time: 1.31 s
--------- Test ---------
Test on 20240925
All Steps RMSE = 8.44945, MAE = 6.18828, MAPE = 68.94708
Step 1 RMSE = 8.18094, MAE = 6.01820, MAPE = 67.10043
Step 2 RMSE = 8.22311, MAE = 6.04190, MAPE = 67.46677
Step 3 RMSE = 8.27214, MAE = 6.07420, MAPE = 67.76742
Step 4 RMSE = 8.32311, MAE = 6.10856, MAPE = 68.05891
Step 5 RMSE = 8.37613, MAE = 6.14299, MAPE = 68.42148
Step 6 RMSE = 8.42888, MAE = 6.17638, MAPE = 68.78150
Step 7 RMSE = 8.47705, MAE = 6.20707, MAPE = 69.10945
Step 8 RMSE = 8.52523, MAE = 6.23761, MAPE = 69.41612
Step 9 RMSE = 8.57309, MAE = 6.26875, MAPE = 69.74490
Step 10 RMSE = 8.62009, MAE = 6.29922, MAPE = 70.13764
Step 11 RMSE = 8.66532, MAE = 6.32882, MAPE = 70.51657
Step 12 RMSE = 8.70809, MAE = 6.35580, MAPE = 70.84318
Inference time: 1.35 s
--------- Test ---------
Test on 20240926
All Steps RMSE = 8.28871, MAE = 6.05991, MAPE = 65.87009
Step 1 RMSE = 8.03813, MAE = 5.90420, MAPE = 64.10722
Step 2 RMSE = 8.07266, MAE = 5.92273, MAPE = 64.36606
Step 3 RMSE = 8.11788, MAE = 5.95151, MAPE = 64.66406
Step 4 RMSE = 8.16464, MAE = 5.98341, MAPE = 65.00693
Step 5 RMSE = 8.21368, MAE = 6.01542, MAPE = 65.32320
Step 6 RMSE = 8.26425, MAE = 6.04593, MAPE = 65.63197
Step 7 RMSE = 8.31272, MAE = 6.07581, MAPE = 65.98243
Step 8 RMSE = 8.36100, MAE = 6.10594, MAPE = 66.37018
Step 9 RMSE = 8.40850, MAE = 6.13592, MAPE = 66.74057
Step 10 RMSE = 8.45531, MAE = 6.16589, MAPE = 67.08591
Step 11 RMSE = 8.49847, MAE = 6.19321, MAPE = 67.40851
Step 12 RMSE = 8.53833, MAE = 6.21889, MAPE = 67.75351
Inference time: 1.19 s
--------- Test ---------
Test on 20240927
All Steps RMSE = 8.29933, MAE = 6.11250, MAPE = 68.52283
Step 1 RMSE = 8.05736, MAE = 5.95905, MAPE = 66.78320
Step 2 RMSE = 8.09263, MAE = 5.97897, MAPE = 67.10325
Step 3 RMSE = 8.13642, MAE = 6.00678, MAPE = 67.41980
Step 4 RMSE = 8.18228, MAE = 6.03686, MAPE = 67.69943
Step 5 RMSE = 8.22873, MAE = 6.06749, MAPE = 67.97935
Step 6 RMSE = 8.27548, MAE = 6.09760, MAPE = 68.26481
Step 7 RMSE = 8.31991, MAE = 6.12696, MAPE = 68.62215
Step 8 RMSE = 8.36397, MAE = 6.15629, MAPE = 69.01426
Step 9 RMSE = 8.40980, MAE = 6.18542, MAPE = 69.33957
Step 10 RMSE = 8.45721, MAE = 6.21568, MAPE = 69.67164
Step 11 RMSE = 8.50270, MAE = 6.24489, MAPE = 70.01786
Step 12 RMSE = 8.54790, MAE = 6.27399, MAPE = 70.35751
Inference time: 1.28 s
--------- Test ---------
Test on 20240928
All Steps RMSE = 7.35002, MAE = 5.50467, MAPE = 56.01401
Step 1 RMSE = 7.25555, MAE = 5.44116, MAPE = 55.56098
Step 2 RMSE = 7.25643, MAE = 5.44018, MAPE = 55.59371
Step 3 RMSE = 7.26888, MAE = 5.44877, MAPE = 55.64676
Step 4 RMSE = 7.28391, MAE = 5.46079, MAPE = 55.67985
Step 5 RMSE = 7.30338, MAE = 5.47500, MAPE = 55.75777
Step 6 RMSE = 7.32524, MAE = 5.48954, MAPE = 55.86269
Step 7 RMSE = 7.34858, MAE = 5.50469, MAPE = 55.98993
Step 8 RMSE = 7.37335, MAE = 5.52146, MAPE = 56.14483
Step 9 RMSE = 7.40078, MAE = 5.53972, MAPE = 56.26546
Step 10 RMSE = 7.42946, MAE = 5.55885, MAPE = 56.40082
Step 11 RMSE = 7.46023, MAE = 5.57858, MAPE = 56.55549
Step 12 RMSE = 7.48946, MAE = 5.59722, MAPE = 56.70993
Inference time: 1.16 s
AVG RMSE: 8.206755770577324 MAE: 6.016086048550076 MAPE: 65.6724386745029
