Loss: HuberLoss

2024-11-13 17:35:20.302186 Epoch 1  	Train Loss = 1.92037 Val Loss = 1.38378
2024-11-13 18:42:20.910898 Epoch 2  	Train Loss = 1.36669 Val Loss = 1.31694
2024-11-13 19:40:25.778920 Epoch 3  	Train Loss = 1.33797 Val Loss = 1.29607
2024-11-13 20:35:44.023446 Epoch 4  	Train Loss = 1.32407 Val Loss = 1.27865
2024-11-13 21:29:25.310335 Epoch 5  	Train Loss = 1.30397 Val Loss = 1.26219
2024-11-13 22:20:36.008967 Epoch 6  	Train Loss = 1.28807 Val Loss = 1.24645
2024-11-13 23:06:15.088482 Epoch 7  	Train Loss = 1.27596 Val Loss = 1.23531
2024-11-13 23:49:01.361260 Epoch 8  	Train Loss = 1.26178 Val Loss = 1.22102
2024-11-14 00:33:39.948684 Epoch 9  	Train Loss = 1.24856 Val Loss = 1.20736
2024-11-14 01:23:18.989807 Epoch 10  	Train Loss = 1.23928 Val Loss = 1.19337
Early stopping at epoch: 10
Best at epoch 10:
Train Loss = 1.23928
Train RMSE = 2.92741, MAE = 1.70553, MAPE = 20.85595
Val Loss = 1.19337
Val RMSE = 2.83680, MAE = 1.74537, MAPE = 19.43932
Saved Model: ./saved_models/STAEFormer/STAEFormer-didi-2024-11-13-16-31-29.pt
--------- Test ---------
All Steps RMSE = 2.63275, MAE = 1.55422, MAPE = 19.73265
Step 1 RMSE = 1.99376, MAE = 1.19688, MAPE = 15.16937
Step 2 RMSE = 2.14441, MAE = 1.27925, MAPE = 15.93620
Step 3 RMSE = 2.28501, MAE = 1.36805, MAPE = 17.17766
Step 4 RMSE = 2.43957, MAE = 1.46870, MAPE = 17.77203
Step 5 RMSE = 2.54193, MAE = 1.50676, MAPE = 19.07204
Step 6 RMSE = 2.63788, MAE = 1.54243, MAPE = 19.33044
Step 7 RMSE = 2.73989, MAE = 1.62956, MAPE = 20.97025
Step 8 RMSE = 2.80485, MAE = 1.67587, MAPE = 21.81155
Step 9 RMSE = 2.87649, MAE = 1.70004, MAPE = 21.99140
Step 10 RMSE = 2.89020, MAE = 1.71559, MAPE = 21.46730
Step 11 RMSE = 2.97195, MAE = 1.76943, MAPE = 22.94448
Step 12 RMSE = 3.02922, MAE = 1.79815, MAPE = 23.14897
Inference time: 2.52 s
--------- Test ---------
All Steps RMSE = 2.75574, MAE = 1.65019, MAPE = 20.69789
Step 1 RMSE = 2.08660, MAE = 1.29149, MAPE = 16.07468
Step 2 RMSE = 2.27458, MAE = 1.40160, MAPE = 16.89309
Step 3 RMSE = 2.45455, MAE = 1.49965, MAPE = 18.43271
Step 4 RMSE = 2.58038, MAE = 1.54517, MAPE = 19.11343
Step 5 RMSE = 2.67659, MAE = 1.63216, MAPE = 19.79477
Step 6 RMSE = 2.78129, MAE = 1.65487, MAPE = 20.65179
Step 7 RMSE = 2.85099, MAE = 1.71126, MAPE = 21.84193
Step 8 RMSE = 2.87544, MAE = 1.72892, MAPE = 21.61056
Step 9 RMSE = 3.00009, MAE = 1.79014, MAPE = 23.20473
Step 10 RMSE = 3.02795, MAE = 1.81864, MAPE = 22.98755
Step 11 RMSE = 3.08140, MAE = 1.84415, MAPE = 23.52726
Step 12 RMSE = 3.15570, MAE = 1.88423, MAPE = 24.24220
Inference time: 2.54 s
--------- Test ---------
All Steps RMSE = 2.65331, MAE = 1.57986, MAPE = 19.21818
Step 1 RMSE = 2.00932, MAE = 1.23165, MAPE = 14.82105
Step 2 RMSE = 2.18563, MAE = 1.32026, MAPE = 15.84646
Step 3 RMSE = 2.32487, MAE = 1.37859, MAPE = 16.90396
Step 4 RMSE = 2.48559, MAE = 1.50779, MAPE = 17.70299
Step 5 RMSE = 2.56431, MAE = 1.54449, MAPE = 18.53766
Step 6 RMSE = 2.68110, MAE = 1.59312, MAPE = 19.07179
Step 7 RMSE = 2.73018, MAE = 1.64831, MAPE = 19.58198
Step 8 RMSE = 2.78929, MAE = 1.66660, MAPE = 20.39795
Step 9 RMSE = 2.88666, MAE = 1.72647, MAPE = 21.12801
Step 10 RMSE = 2.93054, MAE = 1.76554, MAPE = 21.43290
Step 11 RMSE = 2.98477, MAE = 1.76743, MAPE = 22.49984
Step 12 RMSE = 3.04227, MAE = 1.80806, MAPE = 22.69360
Inference time: 2.53 s
--------- Test ---------
All Steps RMSE = 2.92271, MAE = 1.88763, MAPE = 25.40407
Step 1 RMSE = 2.24947, MAE = 1.52950, MAPE = 20.06724
Step 2 RMSE = 2.39937, MAE = 1.56923, MAPE = 20.89932
Step 3 RMSE = 2.54963, MAE = 1.64652, MAPE = 22.42878
Step 4 RMSE = 2.75140, MAE = 1.76353, MAPE = 25.43515
Step 5 RMSE = 2.81279, MAE = 1.83522, MAPE = 24.91067
Step 6 RMSE = 2.92136, MAE = 1.86908, MAPE = 25.18038
Step 7 RMSE = 2.99387, MAE = 1.92782, MAPE = 26.67431
Step 8 RMSE = 3.09458, MAE = 2.06696, MAPE = 26.35555
Step 9 RMSE = 3.16869, MAE = 2.02391, MAPE = 27.48725
Step 10 RMSE = 3.23879, MAE = 2.13202, MAPE = 27.69862
Step 11 RMSE = 3.29605, MAE = 2.15033, MAPE = 28.57168
Step 12 RMSE = 3.35242, MAE = 2.13738, MAPE = 29.13984
Inference time: 2.53 s
--------- Test ---------
All Steps RMSE = 2.34964, MAE = 1.41656, MAPE = 15.66535
Step 1 RMSE = 1.79350, MAE = 1.11967, MAPE = 12.37713
Step 2 RMSE = 1.95902, MAE = 1.18351, MAPE = 13.85317
Step 3 RMSE = 2.06979, MAE = 1.25379, MAPE = 14.23811
Step 4 RMSE = 2.19031, MAE = 1.31126, MAPE = 14.77255
Step 5 RMSE = 2.26685, MAE = 1.36961, MAPE = 15.35346
Step 6 RMSE = 2.37311, MAE = 1.41731, MAPE = 15.68789
Step 7 RMSE = 2.44998, MAE = 1.53836, MAPE = 16.20841
Step 8 RMSE = 2.47581, MAE = 1.50348, MAPE = 16.43025
Step 9 RMSE = 2.54739, MAE = 1.51479, MAPE = 16.72821
Step 10 RMSE = 2.58424, MAE = 1.56505, MAPE = 17.15713
Step 11 RMSE = 2.63549, MAE = 1.60788, MAPE = 17.42736
Step 12 RMSE = 2.66424, MAE = 1.61404, MAPE = 17.75058
Inference time: 2.53 s
--------- Test ---------
All Steps RMSE = 2.34301, MAE = 1.36471, MAPE = 13.46073
Step 1 RMSE = 1.79259, MAE = 1.09727, MAPE = 10.67578
Step 2 RMSE = 1.97455, MAE = 1.21166, MAPE = 11.53607
Step 3 RMSE = 2.10158, MAE = 1.27390, MAPE = 12.18784
Step 4 RMSE = 2.20379, MAE = 1.28677, MAPE = 12.54776
Step 5 RMSE = 2.24742, MAE = 1.30961, MAPE = 13.16534
Step 6 RMSE = 2.33179, MAE = 1.33698, MAPE = 13.30876
Step 7 RMSE = 2.37975, MAE = 1.36033, MAPE = 13.60067
Step 8 RMSE = 2.44999, MAE = 1.41738, MAPE = 13.93894
Step 9 RMSE = 2.51997, MAE = 1.44446, MAPE = 14.45777
Step 10 RMSE = 2.64161, MAE = 1.56177, MAPE = 15.90772
Step 11 RMSE = 2.60746, MAE = 1.47995, MAPE = 14.84114
Step 12 RMSE = 2.68510, MAE = 1.59650, MAPE = 15.36089
Inference time: 2.53 s
--------- Test ---------
All Steps RMSE = 2.21536, MAE = 1.29406, MAPE = 11.97152
Step 1 RMSE = 1.76086, MAE = 1.08699, MAPE = 9.94446
Step 2 RMSE = 1.89497, MAE = 1.14828, MAPE = 10.50852
Step 3 RMSE = 2.00960, MAE = 1.20692, MAPE = 11.03456
Step 4 RMSE = 2.10542, MAE = 1.23677, MAPE = 11.28796
Step 5 RMSE = 2.15953, MAE = 1.26405, MAPE = 11.79490
Step 6 RMSE = 2.23569, MAE = 1.29200, MAPE = 12.01624
Step 7 RMSE = 2.27221, MAE = 1.34365, MAPE = 12.20145
Step 8 RMSE = 2.32097, MAE = 1.34562, MAPE = 12.60083
Step 9 RMSE = 2.36119, MAE = 1.36150, MAPE = 12.74986
Step 10 RMSE = 2.41701, MAE = 1.39480, MAPE = 13.04951
Step 11 RMSE = 2.43563, MAE = 1.40947, MAPE = 13.09362
Step 12 RMSE = 2.48395, MAE = 1.43865, MAPE = 13.37639
Inference time: 2.53 s
--------- Test ---------
All Steps RMSE = 2.46547, MAE = 1.41113, MAPE = 17.00937
Step 1 RMSE = 1.83221, MAE = 1.08862, MAPE = 13.05351
Step 2 RMSE = 1.96104, MAE = 1.15096, MAPE = 13.55644
Step 3 RMSE = 2.09974, MAE = 1.23228, MAPE = 14.66387
Step 4 RMSE = 2.24908, MAE = 1.32085, MAPE = 15.14858
Step 5 RMSE = 2.34782, MAE = 1.35193, MAPE = 16.18688
Step 6 RMSE = 2.44538, MAE = 1.38640, MAPE = 16.50108
Step 7 RMSE = 2.56016, MAE = 1.48325, MAPE = 18.05392
Step 8 RMSE = 2.63297, MAE = 1.52909, MAPE = 18.85511
Step 9 RMSE = 2.72289, MAE = 1.55363, MAPE = 19.13252
Step 10 RMSE = 2.73787, MAE = 1.55916, MAPE = 18.64182
Step 11 RMSE = 2.83264, MAE = 1.62508, MAPE = 20.06411
Step 12 RMSE = 2.89125, MAE = 1.65225, MAPE = 20.25462
Inference time: 2.53 s
--------- Test ---------
All Steps RMSE = 2.62282, MAE = 1.53215, MAPE = 17.44427
Step 1 RMSE = 2.00637, MAE = 1.21719, MAPE = 13.76978
Step 2 RMSE = 2.17070, MAE = 1.30972, MAPE = 14.39173
Step 3 RMSE = 2.34372, MAE = 1.40554, MAPE = 15.67449
Step 4 RMSE = 2.45327, MAE = 1.43611, MAPE = 16.11547
Step 5 RMSE = 2.53944, MAE = 1.51578, MAPE = 16.73956
Step 6 RMSE = 2.63536, MAE = 1.53395, MAPE = 17.39243
Step 7 RMSE = 2.71218, MAE = 1.59116, MAPE = 18.35535
Step 8 RMSE = 2.72375, MAE = 1.59732, MAPE = 18.12502
Step 9 RMSE = 2.85882, MAE = 1.65775, MAPE = 19.46963
Step 10 RMSE = 2.88560, MAE = 1.68352, MAPE = 19.32500
Step 11 RMSE = 2.93400, MAE = 1.70206, MAPE = 19.72437
Step 12 RMSE = 3.00412, MAE = 1.73572, MAPE = 20.24849
Inference time: 2.50 s
--------- Test ---------
All Steps RMSE = 2.90036, MAE = 1.77042, MAPE = 26.39057
Step 1 RMSE = 2.16423, MAE = 1.35834, MAPE = 19.96209
Step 2 RMSE = 2.35849, MAE = 1.45694, MAPE = 21.36573
Step 3 RMSE = 2.52137, MAE = 1.53644, MAPE = 23.00058
Step 4 RMSE = 2.70285, MAE = 1.67937, MAPE = 24.05644
Step 5 RMSE = 2.78657, MAE = 1.72279, MAPE = 25.28281
Step 6 RMSE = 2.92613, MAE = 1.78528, MAPE = 26.10835
Step 7 RMSE = 2.98604, MAE = 1.84697, MAPE = 26.75627
Step 8 RMSE = 3.05586, MAE = 1.87810, MAPE = 28.28215
Step 9 RMSE = 3.16882, MAE = 1.94317, MAPE = 29.18871
Step 10 RMSE = 3.22031, MAE = 1.99181, MAPE = 29.67146
Step 11 RMSE = 3.28723, MAE = 2.00349, MAPE = 31.39738
Step 12 RMSE = 3.35202, MAE = 2.04234, MAPE = 31.61490
Inference time: 2.53 s
--------- Test ---------
All Steps RMSE = 2.32854, MAE = 1.49423, MAPE = 16.88265
Step 1 RMSE = 1.90069, MAE = 1.28712, MAPE = 14.28887
Step 2 RMSE = 1.99051, MAE = 1.28251, MAPE = 14.51263
Step 3 RMSE = 2.09544, MAE = 1.33652, MAPE = 15.42519
Step 4 RMSE = 2.25105, MAE = 1.42861, MAPE = 17.26935
Step 5 RMSE = 2.28061, MAE = 1.46808, MAPE = 16.75620
Step 6 RMSE = 2.34029, MAE = 1.47687, MAPE = 16.77100
Step 7 RMSE = 2.38957, MAE = 1.52408, MAPE = 17.66781
Step 8 RMSE = 2.46334, MAE = 1.63417, MAPE = 17.44286
Step 9 RMSE = 2.47324, MAE = 1.56749, MAPE = 17.82246
Step 10 RMSE = 2.52573, MAE = 1.65479, MAPE = 17.93494
Step 11 RMSE = 2.54998, MAE = 1.65199, MAPE = 18.29383
Step 12 RMSE = 2.56469, MAE = 1.61850, MAPE = 18.40675
Inference time: 2.54 s
--------- Test ---------
All Steps RMSE = 2.11430, MAE = 1.30267, MAPE = 13.70636
Step 1 RMSE = 1.67009, MAE = 1.05649, MAPE = 10.99268
Step 2 RMSE = 1.81985, MAE = 1.12044, MAPE = 12.31142
Step 3 RMSE = 1.90552, MAE = 1.17501, MAPE = 12.57391
Step 4 RMSE = 1.99236, MAE = 1.21520, MAPE = 12.94518
Step 5 RMSE = 2.05877, MAE = 1.26429, MAPE = 13.43082
Step 6 RMSE = 2.13468, MAE = 1.29907, MAPE = 13.66004
Step 7 RMSE = 2.20303, MAE = 1.40861, MAPE = 14.14138
Step 8 RMSE = 2.21610, MAE = 1.37273, MAPE = 14.27186
Step 9 RMSE = 2.25780, MAE = 1.37493, MAPE = 14.55124
Step 10 RMSE = 2.29075, MAE = 1.41964, MAPE = 14.89987
Step 11 RMSE = 2.33600, MAE = 1.45805, MAPE = 15.18210
Step 12 RMSE = 2.36209, MAE = 1.46758, MAPE = 15.51577
Inference time: 2.53 s
--------- Test ---------
All Steps RMSE = 2.74336, MAE = 1.61634, MAPE = 18.74717
Step 1 RMSE = 2.01754, MAE = 1.24971, MAPE = 14.15761
Step 2 RMSE = 2.22204, MAE = 1.38047, MAPE = 15.23771
Step 3 RMSE = 2.38977, MAE = 1.46984, MAPE = 16.22239
Step 4 RMSE = 2.54448, MAE = 1.50478, MAPE = 17.12016
Step 5 RMSE = 2.59766, MAE = 1.52987, MAPE = 18.05484
Step 6 RMSE = 2.72433, MAE = 1.59002, MAPE = 18.54419
Step 7 RMSE = 2.79191, MAE = 1.61864, MAPE = 19.02394
Step 8 RMSE = 2.89107, MAE = 1.70986, MAPE = 19.74088
Step 9 RMSE = 3.00059, MAE = 1.74916, MAPE = 20.68203
Step 10 RMSE = 3.11821, MAE = 1.84179, MAPE = 22.39470
Step 11 RMSE = 3.12814, MAE = 1.80990, MAPE = 21.60696
Step 12 RMSE = 3.20687, MAE = 1.94199, MAPE = 22.18066
Inference time: 2.52 s
--------- Test ---------
All Steps RMSE = 2.61899, MAE = 1.55554, MAPE = 18.17118
Step 1 RMSE = 1.97502, MAE = 1.23354, MAPE = 14.08532
Step 2 RMSE = 2.13756, MAE = 1.31445, MAPE = 15.02968
Step 3 RMSE = 2.29224, MAE = 1.40170, MAPE = 15.95895
Step 4 RMSE = 2.44252, MAE = 1.46679, MAPE = 16.73002
Step 5 RMSE = 2.51214, MAE = 1.49928, MAPE = 17.62841
Step 6 RMSE = 2.63828, MAE = 1.55952, MAPE = 18.28204
Step 7 RMSE = 2.68388, MAE = 1.61898, MAPE = 18.44928
Step 8 RMSE = 2.76464, MAE = 1.63532, MAPE = 19.43993
Step 9 RMSE = 2.85826, MAE = 1.68264, MAPE = 20.05876
Step 10 RMSE = 2.91858, MAE = 1.71907, MAPE = 20.54409
Step 11 RMSE = 2.95541, MAE = 1.75546, MAPE = 20.72688
Step 12 RMSE = 3.01321, MAE = 1.77978, MAPE = 21.12084
Inference time: 2.53 s
--------- Test ---------
All Steps RMSE = 2.62874, MAE = 1.54462, MAPE = 19.74277
Step 1 RMSE = 1.98603, MAE = 1.19346, MAPE = 15.26852
Step 2 RMSE = 2.13706, MAE = 1.27203, MAPE = 15.97957
Step 3 RMSE = 2.28495, MAE = 1.36296, MAPE = 17.28705
Step 4 RMSE = 2.43866, MAE = 1.45838, MAPE = 17.82256
Step 5 RMSE = 2.53934, MAE = 1.49464, MAPE = 19.07864
Step 6 RMSE = 2.63999, MAE = 1.53204, MAPE = 19.37615
Step 7 RMSE = 2.73893, MAE = 1.62190, MAPE = 21.03675
Step 8 RMSE = 2.80543, MAE = 1.66652, MAPE = 21.85052
Step 9 RMSE = 2.87335, MAE = 1.69006, MAPE = 21.98680
Step 10 RMSE = 2.88504, MAE = 1.70089, MAPE = 21.40068
Step 11 RMSE = 2.96303, MAE = 1.75764, MAPE = 22.84585
Step 12 RMSE = 3.01577, MAE = 1.78495, MAPE = 22.98014
Inference time: 2.51 s
--------- Test ---------
All Steps RMSE = 2.52457, MAE = 1.51305, MAPE = 17.46945
Step 1 RMSE = 1.89525, MAE = 1.18496, MAPE = 13.60993
Step 2 RMSE = 2.05479, MAE = 1.27353, MAPE = 14.18762
Step 3 RMSE = 2.23029, MAE = 1.37411, MAPE = 15.56052
Step 4 RMSE = 2.34726, MAE = 1.41203, MAPE = 16.08597
Step 5 RMSE = 2.43559, MAE = 1.48659, MAPE = 16.63713
Step 6 RMSE = 2.53749, MAE = 1.51349, MAPE = 17.40374
Step 7 RMSE = 2.61677, MAE = 1.57634, MAPE = 18.45281
Step 8 RMSE = 2.63317, MAE = 1.58420, MAPE = 18.21092
Step 9 RMSE = 2.76719, MAE = 1.65162, MAPE = 19.64903
Step 10 RMSE = 2.79574, MAE = 1.67423, MAPE = 19.47123
Step 11 RMSE = 2.84220, MAE = 1.69541, MAPE = 19.90411
Step 12 RMSE = 2.91200, MAE = 1.73007, MAPE = 20.46041
Inference time: 2.52 s
--------- Test ---------
All Steps RMSE = 2.53610, MAE = 1.51001, MAPE = 18.45955
Step 1 RMSE = 1.92398, MAE = 1.18178, MAPE = 14.37180
Step 2 RMSE = 2.08523, MAE = 1.25894, MAPE = 15.23175
Step 3 RMSE = 2.21773, MAE = 1.31801, MAPE = 16.26271
Step 4 RMSE = 2.36714, MAE = 1.43833, MAPE = 16.94313
Step 5 RMSE = 2.44275, MAE = 1.47323, MAPE = 17.75161
Step 6 RMSE = 2.54950, MAE = 1.51423, MAPE = 18.20281
Step 7 RMSE = 2.60137, MAE = 1.57086, MAPE = 18.73398
Step 8 RMSE = 2.66388, MAE = 1.59164, MAPE = 19.60732
Step 9 RMSE = 2.76312, MAE = 1.65182, MAPE = 20.32853
Step 10 RMSE = 2.80668, MAE = 1.68948, MAPE = 20.56718
Step 11 RMSE = 2.86765, MAE = 1.69790, MAPE = 21.69499
Step 12 RMSE = 2.92306, MAE = 1.73387, MAPE = 21.81877
Inference time: 2.52 s
--------- Test ---------
All Steps RMSE = 2.07741, MAE = 1.37391, MAPE = 15.05670
Step 1 RMSE = 1.73505, MAE = 1.20416, MAPE = 13.01944
Step 2 RMSE = 1.79557, MAE = 1.18994, MAPE = 13.07383
Step 3 RMSE = 1.88707, MAE = 1.23966, MAPE = 13.93963
Step 4 RMSE = 2.02154, MAE = 1.32160, MAPE = 15.56197
Step 5 RMSE = 2.03988, MAE = 1.35316, MAPE = 15.04712
Step 6 RMSE = 2.07748, MAE = 1.35395, MAPE = 14.93979
Step 7 RMSE = 2.12596, MAE = 1.39793, MAPE = 15.74256
Step 8 RMSE = 2.19289, MAE = 1.49726, MAPE = 15.44050
Step 9 RMSE = 2.18860, MAE = 1.43094, MAPE = 15.73756
Step 10 RMSE = 2.24683, MAE = 1.51381, MAPE = 15.83895
Step 11 RMSE = 2.26276, MAE = 1.50860, MAPE = 16.14654
Step 12 RMSE = 2.26756, MAE = 1.47586, MAPE = 16.19245
Inference time: 2.53 s
