Loss: HuberLoss

2024-11-14 16:49:47.482830 Epoch 1  	Train Loss = 2.20827 Val Loss = 1.54541
2024-11-14 17:53:05.508484 Epoch 2  	Train Loss = 1.48514 Val Loss = 1.41108
2024-11-14 18:51:20.949219 Epoch 3  	Train Loss = 1.44534 Val Loss = 1.37826
2024-11-14 19:52:25.606583 Epoch 4  	Train Loss = 1.42239 Val Loss = 1.35948
2024-11-14 20:52:19.041546 Epoch 5  	Train Loss = 1.39251 Val Loss = 1.33140
2024-11-14 21:49:11.501463 Epoch 6  	Train Loss = 1.36976 Val Loss = 1.30376
2024-11-14 22:41:30.727574 Epoch 7  	Train Loss = 1.34562 Val Loss = 1.28151
2024-11-14 23:31:59.555310 Epoch 8  	Train Loss = 1.32332 Val Loss = 1.26396
2024-11-15 00:21:13.769214 Epoch 9  	Train Loss = 1.30865 Val Loss = 1.24416
2024-11-15 01:16:33.927605 Epoch 10  	Train Loss = 1.29023 Val Loss = 1.22850
2024-11-15 02:09:20.288822 Epoch 11  	Train Loss = 1.27878 Val Loss = 1.22228
2024-11-15 03:03:06.703369 Epoch 12  	Train Loss = 1.26152 Val Loss = 1.20466
2024-11-15 03:57:10.019511 Epoch 13  	Train Loss = 1.24547 Val Loss = 1.19398
2024-11-15 04:49:06.402293 Epoch 14  	Train Loss = 1.23489 Val Loss = 1.18209
2024-11-15 05:42:49.144763 Epoch 15  	Train Loss = 1.22054 Val Loss = 1.17506
Early stopping at epoch: 15
Best at epoch 15:
Train Loss = 1.22054
Train RMSE = 2.86266, MAE = 1.69823, MAPE = 20.57304
Val Loss = 1.17506
Val RMSE = 2.73999, MAE = 1.62468, MAPE = 18.74463
Saved Model: ./saved_models/STAEFormer/STAEFormer-didi-2024-11-14-15-53-05.pt
--------- Test ---------
All Steps RMSE = 2.70773, MAE = 1.60596, MAPE = 19.71623
Step 1 RMSE = 2.03498, MAE = 1.22932, MAPE = 14.76000
Step 2 RMSE = 2.21350, MAE = 1.32398, MAPE = 16.03050
Step 3 RMSE = 2.46563, MAE = 1.51935, MAPE = 18.38398
Step 4 RMSE = 2.50398, MAE = 1.47680, MAPE = 17.97378
Step 5 RMSE = 2.65391, MAE = 1.59451, MAPE = 19.45483
Step 6 RMSE = 2.63857, MAE = 1.54954, MAPE = 18.62190
Step 7 RMSE = 2.77909, MAE = 1.66120, MAPE = 20.73391
Step 8 RMSE = 2.82410, MAE = 1.64775, MAPE = 20.13317
Step 9 RMSE = 2.99173, MAE = 1.83901, MAPE = 22.90762
Step 10 RMSE = 2.97257, MAE = 1.74620, MAPE = 21.51229
Step 11 RMSE = 3.09253, MAE = 1.85544, MAPE = 23.15603
Step 12 RMSE = 3.08817, MAE = 1.82843, MAPE = 22.92677
Inference time: 2.53 s
--------- Test ---------
All Steps RMSE = 2.71763, MAE = 1.60891, MAPE = 20.90706
Step 1 RMSE = 2.10807, MAE = 1.28987, MAPE = 16.60741
Step 2 RMSE = 2.27323, MAE = 1.36379, MAPE = 17.36435
Step 3 RMSE = 2.43741, MAE = 1.45857, MAPE = 18.76083
Step 4 RMSE = 2.57249, MAE = 1.52369, MAPE = 19.75388
Step 5 RMSE = 2.63395, MAE = 1.55747, MAPE = 19.84039
Step 6 RMSE = 2.74052, MAE = 1.63631, MAPE = 21.39953
Step 7 RMSE = 2.77221, MAE = 1.63464, MAPE = 21.41315
Step 8 RMSE = 2.88944, MAE = 1.70316, MAPE = 22.37711
Step 9 RMSE = 2.90490, MAE = 1.72703, MAPE = 22.65970
Step 10 RMSE = 2.97630, MAE = 1.76359, MAPE = 23.03016
Step 11 RMSE = 3.02348, MAE = 1.81071, MAPE = 23.48788
Step 12 RMSE = 3.08797, MAE = 1.83812, MAPE = 24.19035
Inference time: 2.52 s
--------- Test ---------
All Steps RMSE = 2.67115, MAE = 1.57690, MAPE = 19.09659
Step 1 RMSE = 2.04683, MAE = 1.25054, MAPE = 14.96146
Step 2 RMSE = 2.21132, MAE = 1.32181, MAPE = 15.94752
Step 3 RMSE = 2.37518, MAE = 1.42209, MAPE = 16.85281
Step 4 RMSE = 2.49445, MAE = 1.48147, MAPE = 17.48755
Step 5 RMSE = 2.59929, MAE = 1.58114, MAPE = 18.17507
Step 6 RMSE = 2.65555, MAE = 1.55873, MAPE = 18.83574
Step 7 RMSE = 2.72733, MAE = 1.60687, MAPE = 19.62309
Step 8 RMSE = 2.84252, MAE = 1.66080, MAPE = 20.57263
Step 9 RMSE = 2.86952, MAE = 1.72394, MAPE = 20.83592
Step 10 RMSE = 2.95374, MAE = 1.73561, MAPE = 21.42968
Step 11 RMSE = 3.00887, MAE = 1.77438, MAPE = 22.04176
Step 12 RMSE = 3.05591, MAE = 1.80544, MAPE = 22.39582
Inference time: 2.51 s
--------- Test ---------
All Steps RMSE = 2.91282, MAE = 1.80999, MAPE = 23.29712
Step 1 RMSE = 2.19213, MAE = 1.40111, MAPE = 17.50823
Step 2 RMSE = 2.37953, MAE = 1.49310, MAPE = 18.91441
Step 3 RMSE = 2.58366, MAE = 1.62721, MAPE = 20.70293
Step 4 RMSE = 2.70281, MAE = 1.65821, MAPE = 21.50611
Step 5 RMSE = 2.80238, MAE = 1.72290, MAPE = 22.54945
Step 6 RMSE = 2.89674, MAE = 1.82799, MAPE = 22.97091
Step 7 RMSE = 2.98055, MAE = 1.87099, MAPE = 24.08284
Step 8 RMSE = 3.10876, MAE = 1.97752, MAPE = 24.35548
Step 9 RMSE = 3.14181, MAE = 1.97672, MAPE = 25.97255
Step 10 RMSE = 3.24553, MAE = 2.03652, MAPE = 25.92481
Step 11 RMSE = 3.29718, MAE = 2.02117, MAPE = 27.23519
Step 12 RMSE = 3.36120, MAE = 2.10640, MAPE = 27.84239
Inference time: 2.53 s
--------- Test ---------
All Steps RMSE = 2.36794, MAE = 1.39240, MAPE = 15.92854
Step 1 RMSE = 1.84351, MAE = 1.16362, MAPE = 12.40387
Step 2 RMSE = 1.97520, MAE = 1.18455, MAPE = 13.40859
Step 3 RMSE = 2.12558, MAE = 1.29645, MAPE = 14.46472
Step 4 RMSE = 2.22010, MAE = 1.29193, MAPE = 14.93096
Step 5 RMSE = 2.30153, MAE = 1.33360, MAPE = 15.40462
Step 6 RMSE = 2.36082, MAE = 1.39428, MAPE = 15.54995
Step 7 RMSE = 2.42438, MAE = 1.41514, MAPE = 16.44656
Step 8 RMSE = 2.48913, MAE = 1.48386, MAPE = 16.39584
Step 9 RMSE = 2.56026, MAE = 1.50943, MAPE = 17.96329
Step 10 RMSE = 2.59424, MAE = 1.49756, MAPE = 17.46939
Step 11 RMSE = 2.63540, MAE = 1.54064, MAPE = 17.78834
Step 12 RMSE = 2.71379, MAE = 1.59772, MAPE = 18.91632
Inference time: 2.53 s
--------- Test ---------
All Steps RMSE = 2.29836, MAE = 1.34035, MAPE = 13.39838
Step 1 RMSE = 1.77523, MAE = 1.05592, MAPE = 10.66622
Step 2 RMSE = 1.92920, MAE = 1.15730, MAPE = 11.47719
Step 3 RMSE = 2.07818, MAE = 1.27496, MAPE = 12.23079
Step 4 RMSE = 2.15884, MAE = 1.27511, MAPE = 12.51635
Step 5 RMSE = 2.22165, MAE = 1.28081, MAPE = 12.89029
Step 6 RMSE = 2.27975, MAE = 1.30690, MAPE = 13.27246
Step 7 RMSE = 2.33505, MAE = 1.35678, MAPE = 13.69240
Step 8 RMSE = 2.41197, MAE = 1.36723, MAPE = 13.98055
Step 9 RMSE = 2.47700, MAE = 1.48646, MAPE = 14.65491
Step 10 RMSE = 2.53237, MAE = 1.43368, MAPE = 14.92856
Step 11 RMSE = 2.60143, MAE = 1.56932, MAPE = 15.14704
Step 12 RMSE = 2.61111, MAE = 1.51972, MAPE = 15.32380
Inference time: 2.54 s
--------- Test ---------
All Steps RMSE = 2.17676, MAE = 1.25907, MAPE = 11.78446
Step 1 RMSE = 1.72483, MAE = 1.03536, MAPE = 9.61479
Step 2 RMSE = 1.87007, MAE = 1.11074, MAPE = 10.31687
Step 3 RMSE = 1.98226, MAE = 1.16217, MAPE = 10.92849
Step 4 RMSE = 2.06300, MAE = 1.19497, MAPE = 11.21989
Step 5 RMSE = 2.12518, MAE = 1.22472, MAPE = 11.42120
Step 6 RMSE = 2.18191, MAE = 1.26005, MAPE = 11.98698
Step 7 RMSE = 2.21705, MAE = 1.28249, MAPE = 12.00275
Step 8 RMSE = 2.27619, MAE = 1.30078, MAPE = 12.17879
Step 9 RMSE = 2.31942, MAE = 1.34855, MAPE = 12.67308
Step 10 RMSE = 2.36495, MAE = 1.36835, MAPE = 12.70987
Step 11 RMSE = 2.42249, MAE = 1.38989, MAPE = 13.14374
Step 12 RMSE = 2.44686, MAE = 1.43073, MAPE = 13.21707
Inference time: 2.53 s
--------- Test ---------
All Steps RMSE = 2.54234, MAE = 1.46518, MAPE = 16.98257
Step 1 RMSE = 1.87626, MAE = 1.12262, MAPE = 12.65195
Step 2 RMSE = 2.03266, MAE = 1.20589, MAPE = 13.69925
Step 3 RMSE = 2.28323, MAE = 1.39786, MAPE = 15.75075
Step 4 RMSE = 2.31136, MAE = 1.33255, MAPE = 15.26625
Step 5 RMSE = 2.46246, MAE = 1.45323, MAPE = 16.59248
Step 6 RMSE = 2.44580, MAE = 1.39326, MAPE = 15.83490
Step 7 RMSE = 2.60704, MAE = 1.51477, MAPE = 17.84211
Step 8 RMSE = 2.65304, MAE = 1.48741, MAPE = 17.29871
Step 9 RMSE = 2.83248, MAE = 1.69659, MAPE = 19.91974
Step 10 RMSE = 2.82639, MAE = 1.59180, MAPE = 18.67227
Step 11 RMSE = 2.95292, MAE = 1.70970, MAPE = 20.21418
Step 12 RMSE = 2.95675, MAE = 1.67650, MAPE = 20.04817
Inference time: 2.51 s
--------- Test ---------
All Steps RMSE = 2.59281, MAE = 1.50114, MAPE = 17.64859
Step 1 RMSE = 2.02737, MAE = 1.22502, MAPE = 14.21411
Step 2 RMSE = 2.17811, MAE = 1.28820, MAPE = 14.86203
Step 3 RMSE = 2.32300, MAE = 1.36562, MAPE = 15.88867
Step 4 RMSE = 2.44855, MAE = 1.42369, MAPE = 16.67045
Step 5 RMSE = 2.50328, MAE = 1.45085, MAPE = 16.76890
Step 6 RMSE = 2.60731, MAE = 1.52523, MAPE = 17.99620
Step 7 RMSE = 2.64385, MAE = 1.52600, MAPE = 18.06471
Step 8 RMSE = 2.75498, MAE = 1.58785, MAPE = 18.82043
Step 9 RMSE = 2.76543, MAE = 1.60417, MAPE = 19.04513
Step 10 RMSE = 2.84235, MAE = 1.63606, MAPE = 19.36590
Step 11 RMSE = 2.88610, MAE = 1.67690, MAPE = 19.73505
Step 12 RMSE = 2.95387, MAE = 1.70405, MAPE = 20.35151
Inference time: 2.53 s
--------- Test ---------
All Steps RMSE = 2.91799, MAE = 1.76422, MAPE = 26.16876
Step 1 RMSE = 2.20513, MAE = 1.36624, MAPE = 20.01975
Step 2 RMSE = 2.38165, MAE = 1.44819, MAPE = 21.36815
Step 3 RMSE = 2.57737, MAE = 1.58100, MAPE = 22.86853
Step 4 RMSE = 2.70613, MAE = 1.64499, MAPE = 23.64066
Step 5 RMSE = 2.82182, MAE = 1.75602, MAPE = 24.56913
Step 6 RMSE = 2.89199, MAE = 1.73801, MAPE = 25.70471
Step 7 RMSE = 2.97907, MAE = 1.80319, MAPE = 26.97095
Step 8 RMSE = 3.11391, MAE = 1.86426, MAPE = 28.41522
Step 9 RMSE = 3.14253, MAE = 1.94480, MAPE = 28.74079
Step 10 RMSE = 3.24723, MAE = 1.95984, MAPE = 29.67880
Step 11 RMSE = 3.31556, MAE = 2.01456, MAPE = 30.79403
Step 12 RMSE = 3.37118, MAE = 2.04960, MAPE = 31.25428
Inference time: 2.53 s
--------- Test ---------
All Steps RMSE = 2.29837, MAE = 1.40535, MAPE = 15.47343
Step 1 RMSE = 1.82574, MAE = 1.15450, MAPE = 12.56808
Step 2 RMSE = 1.96492, MAE = 1.21737, MAPE = 13.40245
Step 3 RMSE = 2.09602, MAE = 1.28601, MAPE = 14.19760
Step 4 RMSE = 2.17663, MAE = 1.30270, MAPE = 14.61369
Step 5 RMSE = 2.24283, MAE = 1.34221, MAPE = 15.10270
Step 6 RMSE = 2.31436, MAE = 1.43538, MAPE = 15.47381
Step 7 RMSE = 2.35246, MAE = 1.44664, MAPE = 15.91407
Step 8 RMSE = 2.44450, MAE = 1.53979, MAPE = 16.18410
Step 9 RMSE = 2.45223, MAE = 1.50959, MAPE = 16.85556
Step 10 RMSE = 2.50269, MAE = 1.54792, MAPE = 16.69107
Step 11 RMSE = 2.51817, MAE = 1.50594, MAPE = 17.13610
Step 12 RMSE = 2.55935, MAE = 1.57617, MAPE = 17.54192
Inference time: 2.53 s
--------- Test ---------
All Steps RMSE = 2.12460, MAE = 1.28236, MAPE = 13.91398
Step 1 RMSE = 1.70126, MAE = 1.09047, MAPE = 11.00314
Step 2 RMSE = 1.82864, MAE = 1.11924, MAPE = 11.91444
Step 3 RMSE = 1.93945, MAE = 1.19823, MAPE = 12.63956
Step 4 RMSE = 2.00714, MAE = 1.19552, MAPE = 13.04339
Step 5 RMSE = 2.07533, MAE = 1.23120, MAPE = 13.41854
Step 6 RMSE = 2.11667, MAE = 1.28153, MAPE = 13.57353
Step 7 RMSE = 2.16964, MAE = 1.30138, MAPE = 14.31630
Step 8 RMSE = 2.21278, MAE = 1.35261, MAPE = 14.24532
Step 9 RMSE = 2.28416, MAE = 1.38894, MAPE = 15.64877
Step 10 RMSE = 2.30090, MAE = 1.36942, MAPE = 15.23162
Step 11 RMSE = 2.32744, MAE = 1.39465, MAPE = 15.40132
Step 12 RMSE = 2.41233, MAE = 1.46513, MAPE = 16.53184
Inference time: 2.53 s
--------- Test ---------
All Steps RMSE = 2.67881, MAE = 1.58092, MAPE = 18.77629
Step 1 RMSE = 2.00004, MAE = 1.19458, MAPE = 14.37311
Step 2 RMSE = 2.18093, MAE = 1.31538, MAPE = 15.42200
Step 3 RMSE = 2.37666, MAE = 1.48731, MAPE = 16.81291
Step 4 RMSE = 2.47874, MAE = 1.48531, MAPE = 17.19338
Step 5 RMSE = 2.56976, MAE = 1.50097, MAPE = 17.91762
Step 6 RMSE = 2.64194, MAE = 1.52945, MAPE = 18.41667
Step 7 RMSE = 2.73099, MAE = 1.61043, MAPE = 19.23780
Step 8 RMSE = 2.83632, MAE = 1.63095, MAPE = 19.85695
Step 9 RMSE = 2.89831, MAE = 1.77207, MAPE = 20.70210
Step 10 RMSE = 2.99985, MAE = 1.71652, MAPE = 21.38280
Step 11 RMSE = 3.06792, MAE = 1.88689, MAPE = 21.73335
Step 12 RMSE = 3.10886, MAE = 1.84118, MAPE = 22.26685
Inference time: 2.52 s
--------- Test ---------
All Steps RMSE = 2.57776, MAE = 1.52754, MAPE = 18.13956
Step 1 RMSE = 1.94452, MAE = 1.19212, MAPE = 13.90942
Step 2 RMSE = 2.12937, MAE = 1.29619, MAPE = 15.08042
Step 3 RMSE = 2.29178, MAE = 1.37736, MAPE = 16.33635
Step 4 RMSE = 2.40461, MAE = 1.43113, MAPE = 16.94774
Step 5 RMSE = 2.49178, MAE = 1.47489, MAPE = 17.42616
Step 6 RMSE = 2.56278, MAE = 1.51183, MAPE = 18.25480
Step 7 RMSE = 2.63532, MAE = 1.56924, MAPE = 18.59584
Step 8 RMSE = 2.72470, MAE = 1.60165, MAPE = 19.09908
Step 9 RMSE = 2.77571, MAE = 1.65959, MAPE = 19.84829
Step 10 RMSE = 2.85552, MAE = 1.69913, MAPE = 20.20371
Step 11 RMSE = 2.92985, MAE = 1.72726, MAPE = 20.91095
Step 12 RMSE = 2.96651, MAE = 1.79005, MAPE = 21.06198
Inference time: 2.53 s
--------- Test ---------
All Steps RMSE = 2.70396, MAE = 1.59569, MAPE = 19.66400
Step 1 RMSE = 2.02942, MAE = 1.22337, MAPE = 14.78442
Step 2 RMSE = 2.20564, MAE = 1.31641, MAPE = 16.03852
Step 3 RMSE = 2.46332, MAE = 1.51527, MAPE = 18.40675
Step 4 RMSE = 2.50544, MAE = 1.46678, MAPE = 17.96301
Step 5 RMSE = 2.65478, MAE = 1.58946, MAPE = 19.46075
Step 6 RMSE = 2.63934, MAE = 1.53480, MAPE = 18.57260
Step 7 RMSE = 2.77745, MAE = 1.65031, MAPE = 20.72006
Step 8 RMSE = 2.82235, MAE = 1.63047, MAPE = 20.03089
Step 9 RMSE = 2.99101, MAE = 1.83210, MAPE = 22.89530
Step 10 RMSE = 2.96614, MAE = 1.73198, MAPE = 21.36522
Step 11 RMSE = 3.08529, MAE = 1.84503, MAPE = 23.01457
Step 12 RMSE = 3.07428, MAE = 1.81232, MAPE = 22.71591
Inference time: 2.52 s
--------- Test ---------
All Steps RMSE = 2.49908, MAE = 1.48177, MAPE = 17.70744
Step 1 RMSE = 1.91811, MAE = 1.18930, MAPE = 14.06467
Step 2 RMSE = 2.06430, MAE = 1.25194, MAPE = 14.70564
Step 3 RMSE = 2.21452, MAE = 1.33542, MAPE = 15.82977
Step 4 RMSE = 2.34634, MAE = 1.39811, MAPE = 16.66650
Step 5 RMSE = 2.40543, MAE = 1.42634, MAPE = 16.75596
Step 6 RMSE = 2.51623, MAE = 1.50838, MAPE = 18.10087
Step 7 RMSE = 2.55027, MAE = 1.50752, MAPE = 18.13769
Step 8 RMSE = 2.66930, MAE = 1.57748, MAPE = 18.97669
Step 9 RMSE = 2.68324, MAE = 1.59558, MAPE = 19.23971
Step 10 RMSE = 2.75693, MAE = 1.62751, MAPE = 19.53661
Step 11 RMSE = 2.80003, MAE = 1.66822, MAPE = 19.93861
Step 12 RMSE = 2.86494, MAE = 1.69540, MAPE = 20.53665
Inference time: 2.53 s
--------- Test ---------
All Steps RMSE = 2.55895, MAE = 1.51488, MAPE = 18.35688
Step 1 RMSE = 1.96346, MAE = 1.21102, MAPE = 14.51321
Step 2 RMSE = 2.11608, MAE = 1.27260, MAPE = 15.40243
Step 3 RMSE = 2.26654, MAE = 1.36294, MAPE = 16.15811
Step 4 RMSE = 2.37533, MAE = 1.41432, MAPE = 16.72133
Step 5 RMSE = 2.47583, MAE = 1.51050, MAPE = 17.34688
Step 6 RMSE = 2.53417, MAE = 1.49250, MAPE = 18.04816
Step 7 RMSE = 2.60867, MAE = 1.54107, MAPE = 18.88544
Step 8 RMSE = 2.72604, MAE = 1.59857, MAPE = 19.80660
Step 9 RMSE = 2.74873, MAE = 1.65716, MAPE = 20.06257
Step 10 RMSE = 2.83982, MAE = 1.66920, MAPE = 20.58271
Step 11 RMSE = 2.89371, MAE = 1.70924, MAPE = 21.19545
Step 12 RMSE = 2.94690, MAE = 1.73950, MAPE = 21.55961
Inference time: 2.51 s
--------- Test ---------
All Steps RMSE = 2.02554, MAE = 1.27464, MAPE = 13.59051
Step 1 RMSE = 1.63474, MAE = 1.06146, MAPE = 11.23629
Step 2 RMSE = 1.75745, MAE = 1.11990, MAPE = 12.02885
Step 3 RMSE = 1.85501, MAE = 1.16730, MAPE = 12.54192
Step 4 RMSE = 1.92003, MAE = 1.18427, MAPE = 12.88616
Step 5 RMSE = 1.97135, MAE = 1.21347, MAPE = 13.26759
Step 6 RMSE = 2.04062, MAE = 1.30366, MAPE = 13.62191
Step 7 RMSE = 2.06876, MAE = 1.30932, MAPE = 13.97067
Step 8 RMSE = 2.15254, MAE = 1.39722, MAPE = 14.13326
Step 9 RMSE = 2.15168, MAE = 1.36239, MAPE = 14.72271
Step 10 RMSE = 2.19736, MAE = 1.39799, MAPE = 14.49975
Step 11 RMSE = 2.20299, MAE = 1.35401, MAPE = 14.85224
Step 12 RMSE = 2.25174, MAE = 1.42470, MAPE = 15.32480
Inference time: 2.53 s
