Loss: HuberLoss

2024-11-18 12:58:48.563832 Epoch 1  	Train Loss = 2.02527 Val Loss = 1.98690
2024-11-18 13:58:32.460050 Epoch 2  	Train Loss = 1.98472 Val Loss = 1.98796
2024-11-18 14:57:43.770808 Epoch 3  	Train Loss = 1.98246 Val Loss = 1.98736
2024-11-18 15:56:25.173912 Epoch 4  	Train Loss = 1.98597 Val Loss = 1.98849
2024-11-18 16:57:00.062476 Epoch 5  	Train Loss = 1.98304 Val Loss = 1.98764
2024-11-18 17:59:33.608078 Epoch 6  	Train Loss = 1.98518 Val Loss = 1.98730
2024-11-18 19:01:05.564831 Epoch 7  	Train Loss = 1.98683 Val Loss = 1.98936
2024-11-18 20:02:04.715223 Epoch 8  	Train Loss = 1.98406 Val Loss = 1.98893
2024-11-18 21:00:07.776337 Epoch 9  	Train Loss = 1.97904 Val Loss = 1.98700
2024-11-18 21:57:07.257654 Epoch 10  	Train Loss = 1.98348 Val Loss = 1.98628
2024-11-18 22:46:30.488774 Epoch 11  	Train Loss = 1.98254 Val Loss = 1.98737
2024-11-18 23:27:55.449307 Epoch 12  	Train Loss = 1.98206 Val Loss = 1.98825
2024-11-19 00:06:21.981461 Epoch 13  	Train Loss = 1.98211 Val Loss = 1.98764
2024-11-19 00:52:15.677139 Epoch 14  	Train Loss = 1.98211 Val Loss = 1.98775
2024-11-19 01:42:35.162226 Epoch 15  	Train Loss = 1.98227 Val Loss = 1.98776
2024-11-19 02:32:15.955639 Epoch 16  	Train Loss = 1.98220 Val Loss = 1.98564
2024-11-19 03:20:16.972470 Epoch 17  	Train Loss = 1.98460 Val Loss = 1.98514
2024-11-19 04:10:05.959456 Epoch 18  	Train Loss = 1.98284 Val Loss = 1.98693
2024-11-19 05:03:31.884548 Epoch 19  	Train Loss = 1.98471 Val Loss = 1.98415
2024-11-19 05:58:59.091252 Epoch 20  	Train Loss = 1.97861 Val Loss = 1.98431
Early stopping at epoch: 20
Best at epoch 19:
Train Loss = 1.98471
Train RMSE = 3.51017, MAE = 2.54236, MAPE = 33.39936
Val Loss = 1.98415
Val RMSE = 3.24139, MAE = 2.30640, MAPE = 29.32359
Saved Model: ./saved_models/Linear/Linear-didi-2024-11-18-11-58-28.pt
--------- Test ---------
Test on 20240911
All Steps RMSE = 3.35197, MAE = 2.46149, MAPE = 31.75201
Step 1 RMSE = 3.34914, MAE = 2.46014, MAPE = 31.70180
Step 2 RMSE = 3.34966, MAE = 2.46033, MAPE = 31.70961
Step 3 RMSE = 3.34999, MAE = 2.46047, MAPE = 31.71740
Step 4 RMSE = 3.35059, MAE = 2.46075, MAPE = 31.72783
Step 5 RMSE = 3.35133, MAE = 2.46106, MAPE = 31.73671
Step 6 RMSE = 3.35195, MAE = 2.46134, MAPE = 31.74685
Step 7 RMSE = 3.35266, MAE = 2.46165, MAPE = 31.75850
Step 8 RMSE = 3.35324, MAE = 2.46196, MAPE = 31.76763
Step 9 RMSE = 3.35372, MAE = 2.46224, MAPE = 31.77683
Step 10 RMSE = 3.35395, MAE = 2.46253, MAPE = 31.78532
Step 11 RMSE = 3.35386, MAE = 2.46270, MAPE = 31.79381
Step 12 RMSE = 3.35352, MAE = 2.46271, MAPE = 31.80102
Inference time: 1.24 s
--------- Test ---------
Test on 20240912
All Steps RMSE = 3.42142, MAE = 2.51013, MAPE = 33.43370
Step 1 RMSE = 3.42290, MAE = 2.51043, MAPE = 33.46383
Step 2 RMSE = 3.42309, MAE = 2.51053, MAPE = 33.45928
Step 3 RMSE = 3.42321, MAE = 2.51060, MAPE = 33.45321
Step 4 RMSE = 3.42294, MAE = 2.51057, MAPE = 33.44669
Step 5 RMSE = 3.42246, MAE = 2.51047, MAPE = 33.44269
Step 6 RMSE = 3.42206, MAE = 2.51044, MAPE = 33.43728
Step 7 RMSE = 3.42147, MAE = 2.51029, MAPE = 33.43005
Step 8 RMSE = 3.42079, MAE = 2.51007, MAPE = 33.42496
Step 9 RMSE = 3.42023, MAE = 2.50990, MAPE = 33.42027
Step 10 RMSE = 3.41970, MAE = 2.50964, MAPE = 33.41510
Step 11 RMSE = 3.41927, MAE = 2.50938, MAPE = 33.40912
Step 12 RMSE = 3.41894, MAE = 2.50917, MAPE = 33.40178
Inference time: 1.22 s
--------- Test ---------
Test on 20240913
All Steps RMSE = 3.34358, MAE = 2.45903, MAPE = 31.79660
Step 1 RMSE = 3.34419, MAE = 2.45901, MAPE = 31.77859
Step 2 RMSE = 3.34374, MAE = 2.45885, MAPE = 31.77862
Step 3 RMSE = 3.34332, MAE = 2.45876, MAPE = 31.78031
Step 4 RMSE = 3.34329, MAE = 2.45883, MAPE = 31.78308
Step 5 RMSE = 3.34335, MAE = 2.45894, MAPE = 31.78499
Step 6 RMSE = 3.34344, MAE = 2.45898, MAPE = 31.78779
Step 7 RMSE = 3.34357, MAE = 2.45904, MAPE = 31.79198
Step 8 RMSE = 3.34354, MAE = 2.45908, MAPE = 31.79757
Step 9 RMSE = 3.34346, MAE = 2.45908, MAPE = 31.80369
Step 10 RMSE = 3.34361, MAE = 2.45917, MAPE = 31.81336
Step 11 RMSE = 3.34372, MAE = 2.45927, MAPE = 31.82418
Step 12 RMSE = 3.34367, MAE = 2.45935, MAPE = 31.83509
Inference time: 1.21 s
--------- Test ---------
Test on 20240914
All Steps RMSE = 3.49612, MAE = 2.58817, MAPE = 39.30812
Step 1 RMSE = 3.49466, MAE = 2.58693, MAPE = 39.30942
Step 2 RMSE = 3.49492, MAE = 2.58723, MAPE = 39.31917
Step 3 RMSE = 3.49537, MAE = 2.58755, MAPE = 39.32710
Step 4 RMSE = 3.49571, MAE = 2.58772, MAPE = 39.32833
Step 5 RMSE = 3.49582, MAE = 2.58786, MAPE = 39.32818
Step 6 RMSE = 3.49594, MAE = 2.58808, MAPE = 39.32692
Step 7 RMSE = 3.49624, MAE = 2.58832, MAPE = 39.32038
Step 8 RMSE = 3.49678, MAE = 2.58862, MAPE = 39.31108
Step 9 RMSE = 3.49711, MAE = 2.58887, MAPE = 39.30078
Step 10 RMSE = 3.49713, MAE = 2.58897, MAPE = 39.28768
Step 11 RMSE = 3.49700, MAE = 2.58902, MAPE = 39.27513
Step 12 RMSE = 3.49668, MAE = 2.58896, MAPE = 39.26386
Inference time: 1.27 s
--------- Test ---------
Test on 20240915
All Steps RMSE = 3.07260, MAE = 2.29128, MAPE = 26.89949
Step 1 RMSE = 3.07810, MAE = 2.29497, MAPE = 26.95540
Step 2 RMSE = 3.07737, MAE = 2.29437, MAPE = 26.93999
Step 3 RMSE = 3.07639, MAE = 2.29363, MAPE = 26.92525
Step 4 RMSE = 3.07533, MAE = 2.29292, MAPE = 26.91497
Step 5 RMSE = 3.07448, MAE = 2.29229, MAPE = 26.90627
Step 6 RMSE = 3.07344, MAE = 2.29156, MAPE = 26.89727
Step 7 RMSE = 3.07186, MAE = 2.29069, MAPE = 26.88874
Step 8 RMSE = 3.07019, MAE = 2.28980, MAPE = 26.88167
Step 9 RMSE = 3.06900, MAE = 2.28916, MAPE = 26.87564
Step 10 RMSE = 3.06840, MAE = 2.28879, MAPE = 26.87133
Step 11 RMSE = 3.06824, MAE = 2.28863, MAPE = 26.86918
Step 12 RMSE = 3.06840, MAE = 2.28854, MAPE = 26.86818
Inference time: 1.11 s
--------- Test ---------
Test on 20240916
All Steps RMSE = 2.97708, MAE = 2.18898, MAPE = 22.20550
Step 1 RMSE = 2.97873, MAE = 2.18953, MAPE = 22.21132
Step 2 RMSE = 2.97828, MAE = 2.18939, MAPE = 22.21075
Step 3 RMSE = 2.97787, MAE = 2.18928, MAPE = 22.20924
Step 4 RMSE = 2.97771, MAE = 2.18919, MAPE = 22.20815
Step 5 RMSE = 2.97733, MAE = 2.18906, MAPE = 22.20662
Step 6 RMSE = 2.97695, MAE = 2.18894, MAPE = 22.20515
Step 7 RMSE = 2.97680, MAE = 2.18892, MAPE = 22.20565
Step 8 RMSE = 2.97669, MAE = 2.18889, MAPE = 22.20479
Step 9 RMSE = 2.97669, MAE = 2.18883, MAPE = 22.20327
Step 10 RMSE = 2.97650, MAE = 2.18877, MAPE = 22.20232
Step 11 RMSE = 2.97596, MAE = 2.18855, MAPE = 22.20006
Step 12 RMSE = 2.97548, MAE = 2.18841, MAPE = 22.19851
Inference time: 1.24 s
--------- Test ---------
Test on 20240917
All Steps RMSE = 2.93259, MAE = 2.16253, MAPE = 21.34905
Step 1 RMSE = 2.93284, MAE = 2.16158, MAPE = 21.33049
Step 2 RMSE = 2.93259, MAE = 2.16162, MAPE = 21.33223
Step 3 RMSE = 2.93255, MAE = 2.16175, MAPE = 21.33508
Step 4 RMSE = 2.93244, MAE = 2.16191, MAPE = 21.33843
Step 5 RMSE = 2.93250, MAE = 2.16210, MAPE = 21.34218
Step 6 RMSE = 2.93268, MAE = 2.16237, MAPE = 21.34759
Step 7 RMSE = 2.93303, MAE = 2.16274, MAPE = 21.35232
Step 8 RMSE = 2.93322, MAE = 2.16308, MAPE = 21.35656
Step 9 RMSE = 2.93300, MAE = 2.16326, MAPE = 21.35989
Step 10 RMSE = 2.93249, MAE = 2.16325, MAPE = 21.36138
Step 11 RMSE = 2.93208, MAE = 2.16330, MAPE = 21.36511
Step 12 RMSE = 2.93168, MAE = 2.16335, MAPE = 21.36794
Inference time: 1.16 s
--------- Test ---------
Test on 20240918
All Steps RMSE = 3.22037, MAE = 2.36218, MAPE = 27.32514
Step 1 RMSE = 3.21776, MAE = 2.36256, MAPE = 27.29287
Step 2 RMSE = 3.21827, MAE = 2.36263, MAPE = 27.30311
Step 3 RMSE = 3.21867, MAE = 2.36258, MAPE = 27.31120
Step 4 RMSE = 3.21910, MAE = 2.36247, MAPE = 27.31793
Step 5 RMSE = 3.21961, MAE = 2.36241, MAPE = 27.32366
Step 6 RMSE = 3.22013, MAE = 2.36229, MAPE = 27.32694
Step 7 RMSE = 3.22059, MAE = 2.36213, MAPE = 27.32942
Step 8 RMSE = 3.22123, MAE = 2.36205, MAPE = 27.33234
Step 9 RMSE = 3.22165, MAE = 2.36193, MAPE = 27.33582
Step 10 RMSE = 3.22208, MAE = 2.36185, MAPE = 27.33939
Step 11 RMSE = 3.22254, MAE = 2.36172, MAPE = 27.34191
Step 12 RMSE = 3.22275, MAE = 2.36152, MAPE = 27.34659
Inference time: 1.33 s
--------- Test ---------
Test on 20240919
All Steps RMSE = 3.32013, MAE = 2.42603, MAPE = 29.38352
Step 1 RMSE = 3.32124, MAE = 2.42575, MAPE = 29.39742
Step 2 RMSE = 3.32120, MAE = 2.42585, MAPE = 29.39150
Step 3 RMSE = 3.32094, MAE = 2.42596, MAPE = 29.38825
Step 4 RMSE = 3.32053, MAE = 2.42597, MAPE = 29.38606
Step 5 RMSE = 3.31999, MAE = 2.42589, MAPE = 29.38336
Step 6 RMSE = 3.31965, MAE = 2.42583, MAPE = 29.38104
Step 7 RMSE = 3.31935, MAE = 2.42582, MAPE = 29.38001
Step 8 RMSE = 3.31919, MAE = 2.42587, MAPE = 29.37963
Step 9 RMSE = 3.31930, MAE = 2.42600, MAPE = 29.37912
Step 10 RMSE = 3.31948, MAE = 2.42618, MAPE = 29.37918
Step 11 RMSE = 3.32004, MAE = 2.42650, MAPE = 29.37924
Step 12 RMSE = 3.32069, MAE = 2.42682, MAPE = 29.37781
Inference time: 1.25 s
--------- Test ---------
Test on 20240920
All Steps RMSE = 3.54682, MAE = 2.60066, MAPE = 41.79724
Step 1 RMSE = 3.54519, MAE = 2.59963, MAPE = 41.71343
Step 2 RMSE = 3.54546, MAE = 2.59979, MAPE = 41.73580
Step 3 RMSE = 3.54588, MAE = 2.60000, MAPE = 41.75399
Step 4 RMSE = 3.54639, MAE = 2.60033, MAPE = 41.77152
Step 5 RMSE = 3.54689, MAE = 2.60070, MAPE = 41.78839
Step 6 RMSE = 3.54714, MAE = 2.60097, MAPE = 41.80269
Step 7 RMSE = 3.54742, MAE = 2.60114, MAPE = 41.81462
Step 8 RMSE = 3.54753, MAE = 2.60117, MAPE = 41.82477
Step 9 RMSE = 3.54750, MAE = 2.60114, MAPE = 41.83297
Step 10 RMSE = 3.54768, MAE = 2.60111, MAPE = 41.83828
Step 11 RMSE = 3.54746, MAE = 2.60102, MAPE = 41.84234
Step 12 RMSE = 3.54731, MAE = 2.60098, MAPE = 41.84708
Inference time: 1.40 s
--------- Test ---------
Test on 20240921
All Steps RMSE = 3.09100, MAE = 2.30328, MAPE = 26.60866
Step 1 RMSE = 3.09116, MAE = 2.30341, MAPE = 26.64372
Step 2 RMSE = 3.09121, MAE = 2.30341, MAPE = 26.63445
Step 3 RMSE = 3.09131, MAE = 2.30346, MAPE = 26.62746
Step 4 RMSE = 3.09137, MAE = 2.30344, MAPE = 26.61977
Step 5 RMSE = 3.09125, MAE = 2.30333, MAPE = 26.61226
Step 6 RMSE = 3.09116, MAE = 2.30328, MAPE = 26.60571
Step 7 RMSE = 3.09111, MAE = 2.30326, MAPE = 26.60067
Step 8 RMSE = 3.09092, MAE = 2.30324, MAPE = 26.59550
Step 9 RMSE = 3.09091, MAE = 2.30325, MAPE = 26.59202
Step 10 RMSE = 3.09068, MAE = 2.30321, MAPE = 26.59115
Step 11 RMSE = 3.09049, MAE = 2.30310, MAPE = 26.59105
Step 12 RMSE = 3.09046, MAE = 2.30306, MAPE = 26.58987
Inference time: 1.27 s
--------- Test ---------
Test on 20240922
All Steps RMSE = 2.98619, MAE = 2.23502, MAPE = 24.94934
Step 1 RMSE = 2.98651, MAE = 2.23501, MAPE = 24.94460
Step 2 RMSE = 2.98627, MAE = 2.23498, MAPE = 24.94417
Step 3 RMSE = 2.98604, MAE = 2.23497, MAPE = 24.94409
Step 4 RMSE = 2.98572, MAE = 2.23494, MAPE = 24.94384
Step 5 RMSE = 2.98562, MAE = 2.23497, MAPE = 24.94510
Step 6 RMSE = 2.98570, MAE = 2.23503, MAPE = 24.94725
Step 7 RMSE = 2.98578, MAE = 2.23505, MAPE = 24.94895
Step 8 RMSE = 2.98602, MAE = 2.23508, MAPE = 24.95167
Step 9 RMSE = 2.98619, MAE = 2.23511, MAPE = 24.95421
Step 10 RMSE = 2.98646, MAE = 2.23508, MAPE = 24.95618
Step 11 RMSE = 2.98685, MAE = 2.23500, MAPE = 24.95619
Step 12 RMSE = 2.98719, MAE = 2.23499, MAPE = 24.95589
Inference time: 1.34 s
--------- Test ---------
Test on 20240923
All Steps RMSE = 3.39672, MAE = 2.48128, MAPE = 31.30003
Step 1 RMSE = 3.39628, MAE = 2.48194, MAPE = 31.32384
Step 2 RMSE = 3.39636, MAE = 2.48175, MAPE = 31.31508
Step 3 RMSE = 3.39640, MAE = 2.48149, MAPE = 31.30667
Step 4 RMSE = 3.39650, MAE = 2.48129, MAPE = 31.30059
Step 5 RMSE = 3.39671, MAE = 2.48119, MAPE = 31.29556
Step 6 RMSE = 3.39682, MAE = 2.48109, MAPE = 31.29338
Step 7 RMSE = 3.39691, MAE = 2.48103, MAPE = 31.29132
Step 8 RMSE = 3.39691, MAE = 2.48103, MAPE = 31.29097
Step 9 RMSE = 3.39693, MAE = 2.48102, MAPE = 31.29205
Step 10 RMSE = 3.39699, MAE = 2.48110, MAPE = 31.29313
Step 11 RMSE = 3.39700, MAE = 2.48122, MAPE = 31.29629
Step 12 RMSE = 3.39686, MAE = 2.48119, MAPE = 31.30116
Inference time: 1.31 s
--------- Test ---------
Test on 20240924
All Steps RMSE = 3.30692, MAE = 2.42649, MAPE = 29.54384
Step 1 RMSE = 3.30767, MAE = 2.42643, MAPE = 29.53064
Step 2 RMSE = 3.30760, MAE = 2.42655, MAPE = 29.53088
Step 3 RMSE = 3.30766, MAE = 2.42667, MAPE = 29.53160
Step 4 RMSE = 3.30768, MAE = 2.42676, MAPE = 29.53312
Step 5 RMSE = 3.30768, MAE = 2.42678, MAPE = 29.53364
Step 6 RMSE = 3.30761, MAE = 2.42678, MAPE = 29.53491
Step 7 RMSE = 3.30743, MAE = 2.42674, MAPE = 29.53802
Step 8 RMSE = 3.30716, MAE = 2.42661, MAPE = 29.54443
Step 9 RMSE = 3.30662, MAE = 2.42644, MAPE = 29.55182
Step 10 RMSE = 3.30595, MAE = 2.42623, MAPE = 29.56170
Step 11 RMSE = 3.30526, MAE = 2.42602, MAPE = 29.56599
Step 12 RMSE = 3.30472, MAE = 2.42586, MAPE = 29.56870
Inference time: 1.26 s
--------- Test ---------
Test on 20240925
All Steps RMSE = 3.34255, MAE = 2.45910, MAPE = 31.58861
Step 1 RMSE = 3.34298, MAE = 2.45921, MAPE = 31.60562
Step 2 RMSE = 3.34304, MAE = 2.45924, MAPE = 31.60682
Step 3 RMSE = 3.34292, MAE = 2.45923, MAPE = 31.60648
Step 4 RMSE = 3.34282, MAE = 2.45922, MAPE = 31.60564
Step 5 RMSE = 3.34282, MAE = 2.45932, MAPE = 31.60550
Step 6 RMSE = 3.34263, MAE = 2.45927, MAPE = 31.60207
Step 7 RMSE = 3.34230, MAE = 2.45911, MAPE = 31.59642
Step 8 RMSE = 3.34209, MAE = 2.45901, MAPE = 31.58801
Step 9 RMSE = 3.34219, MAE = 2.45897, MAPE = 31.57774
Step 10 RMSE = 3.34219, MAE = 2.45887, MAPE = 31.56467
Step 11 RMSE = 3.34230, MAE = 2.45885, MAPE = 31.55581
Step 12 RMSE = 3.34237, MAE = 2.45889, MAPE = 31.54782
Inference time: 1.28 s
--------- Test ---------
Test on 20240926
All Steps RMSE = 3.27032, MAE = 2.40846, MAPE = 29.75815
Step 1 RMSE = 3.27244, MAE = 2.40952, MAPE = 29.74510
Step 2 RMSE = 3.27200, MAE = 2.40928, MAPE = 29.74848
Step 3 RMSE = 3.27163, MAE = 2.40910, MAPE = 29.75115
Step 4 RMSE = 3.27120, MAE = 2.40893, MAPE = 29.75286
Step 5 RMSE = 3.27055, MAE = 2.40861, MAPE = 29.75238
Step 6 RMSE = 3.26987, MAE = 2.40833, MAPE = 29.75193
Step 7 RMSE = 3.26943, MAE = 2.40812, MAPE = 29.75423
Step 8 RMSE = 3.26928, MAE = 2.40797, MAPE = 29.75755
Step 9 RMSE = 3.26935, MAE = 2.40796, MAPE = 29.76317
Step 10 RMSE = 3.26941, MAE = 2.40796, MAPE = 29.76905
Step 11 RMSE = 3.26927, MAE = 2.40787, MAPE = 29.77389
Step 12 RMSE = 3.26937, MAE = 2.40783, MAPE = 29.77809
Inference time: 1.35 s
--------- Test ---------
Test on 20240927
All Steps RMSE = 3.28035, MAE = 2.42734, MAPE = 31.37870
Step 1 RMSE = 3.27895, MAE = 2.42616, MAPE = 31.34959
Step 2 RMSE = 3.27925, MAE = 2.42636, MAPE = 31.35422
Step 3 RMSE = 3.27955, MAE = 2.42657, MAPE = 31.35935
Step 4 RMSE = 3.27981, MAE = 2.42678, MAPE = 31.36448
Step 5 RMSE = 3.27999, MAE = 2.42698, MAPE = 31.37038
Step 6 RMSE = 3.28041, MAE = 2.42724, MAPE = 31.37842
Step 7 RMSE = 3.28089, MAE = 2.42752, MAPE = 31.38464
Step 8 RMSE = 3.28107, MAE = 2.42778, MAPE = 31.39065
Step 9 RMSE = 3.28122, MAE = 2.42800, MAPE = 31.39382
Step 10 RMSE = 3.28120, MAE = 2.42817, MAPE = 31.39634
Step 11 RMSE = 3.28115, MAE = 2.42826, MAPE = 31.40022
Step 12 RMSE = 3.28068, MAE = 2.42816, MAPE = 31.40318
Inference time: 1.43 s
--------- Test ---------
Test on 20240928
All Steps RMSE = 2.88180, MAE = 2.18254, MAPE = 24.93708
Step 1 RMSE = 2.88495, MAE = 2.18458, MAPE = 24.98920
Step 2 RMSE = 2.88411, MAE = 2.18414, MAPE = 24.97700
Step 3 RMSE = 2.88341, MAE = 2.18376, MAPE = 24.96678
Step 4 RMSE = 2.88268, MAE = 2.18329, MAPE = 24.95633
Step 5 RMSE = 2.88238, MAE = 2.18299, MAPE = 24.94698
Step 6 RMSE = 2.88192, MAE = 2.18265, MAPE = 24.93712
Step 7 RMSE = 2.88125, MAE = 2.18224, MAPE = 24.92812
Step 8 RMSE = 2.88073, MAE = 2.18187, MAPE = 24.91868
Step 9 RMSE = 2.88022, MAE = 2.18151, MAPE = 24.91231
Step 10 RMSE = 2.87998, MAE = 2.18123, MAPE = 24.90849
Step 11 RMSE = 2.87986, MAE = 2.18107, MAPE = 24.90362
Step 12 RMSE = 2.88014, MAE = 2.18112, MAPE = 24.90006
Inference time: 1.17 s
AVG RMSE: 3.2354744937684803 MAE: 2.3874428272247314 MAPE: 29.739708701769512
