Loss: HuberLoss

2024-11-27 12:33:53.387930 Epoch 1  	Train Loss = 3.95978 Val Loss = 3.87570
2024-11-27 13:37:57.439086 Epoch 2  	Train Loss = 3.92093 Val Loss = 3.87424
2024-11-27 14:41:14.040944 Epoch 3  	Train Loss = 3.91919 Val Loss = 3.87306
2024-11-27 15:44:14.987761 Epoch 4  	Train Loss = 3.91529 Val Loss = 3.87160
2024-11-27 16:44:08.995482 Epoch 5  	Train Loss = 3.91703 Val Loss = 3.86994
2024-11-27 17:48:39.274584 Epoch 6  	Train Loss = 3.91499 Val Loss = 3.86969
2024-11-27 18:50:45.438872 Epoch 7  	Train Loss = 3.91710 Val Loss = 3.87040
2024-11-27 19:53:40.546250 Epoch 8  	Train Loss = 3.91402 Val Loss = 3.86979
2024-11-27 20:56:30.124093 Epoch 9  	Train Loss = 3.91265 Val Loss = 3.86826
2024-11-27 21:56:32.137383 Epoch 10  	Train Loss = 3.91785 Val Loss = 3.86756
2024-11-27 22:50:28.679520 Epoch 11  	Train Loss = 3.91455 Val Loss = 3.86765
2024-11-27 23:36:11.276208 Epoch 12  	Train Loss = 3.91106 Val Loss = 3.86846
2024-11-28 00:20:28.029064 Epoch 13  	Train Loss = 3.91420 Val Loss = 3.86732
2024-11-28 01:13:56.479358 Epoch 14  	Train Loss = 3.91144 Val Loss = 3.86735
2024-11-28 02:06:13.590956 Epoch 15  	Train Loss = 3.91213 Val Loss = 3.86743
Early stopping at epoch: 15
Best at epoch 13:
Train Loss = 3.91420
Train RMSE = 5.20295, MAE = 4.31590, MAPE = 50.64588
Val Loss = 3.86732
Val RMSE = 5.27052, MAE = 4.36327, MAPE = 49.04680
Saved Model: ./saved_models/temp/temp-didi-2024-11-27-11-32-24.pt
--------- Test ---------
Test on 20240911
All Steps RMSE = 5.27115, MAE = 4.35835, MAPE = 49.48673
Step 1 RMSE = 5.27058, MAE = 4.35812, MAPE = 49.47428
Step 2 RMSE = 5.27086, MAE = 4.35828, MAPE = 49.47749
Step 3 RMSE = 5.27090, MAE = 4.35824, MAPE = 49.48081
Step 4 RMSE = 5.27098, MAE = 4.35826, MAPE = 49.48414
Step 5 RMSE = 5.27133, MAE = 4.35849, MAPE = 49.48710
Step 6 RMSE = 5.27148, MAE = 4.35861, MAPE = 49.48738
Step 7 RMSE = 5.27153, MAE = 4.35860, MAPE = 49.48715
Step 8 RMSE = 5.27150, MAE = 4.35852, MAPE = 49.48691
Step 9 RMSE = 5.27131, MAE = 4.35832, MAPE = 49.48691
Step 10 RMSE = 5.27125, MAE = 4.35825, MAPE = 49.48930
Step 11 RMSE = 5.27115, MAE = 4.35826, MAPE = 49.49563
Step 12 RMSE = 5.27094, MAE = 4.35825, MAPE = 49.50386
Inference time: 2.92 s
--------- Test ---------
Test on 20240912
All Steps RMSE = 5.33915, MAE = 4.40915, MAPE = 52.32164
Step 1 RMSE = 5.33984, MAE = 4.40904, MAPE = 52.31283
Step 2 RMSE = 5.33956, MAE = 4.40891, MAPE = 52.31331
Step 3 RMSE = 5.33933, MAE = 4.40889, MAPE = 52.31315
Step 4 RMSE = 5.33927, MAE = 4.40896, MAPE = 52.31416
Step 5 RMSE = 5.33888, MAE = 4.40882, MAPE = 52.31829
Step 6 RMSE = 5.33883, MAE = 4.40890, MAPE = 52.32454
Step 7 RMSE = 5.33899, MAE = 4.40915, MAPE = 52.32960
Step 8 RMSE = 5.33920, MAE = 4.40940, MAPE = 52.33237
Step 9 RMSE = 5.33934, MAE = 4.40958, MAPE = 52.33092
Step 10 RMSE = 5.33932, MAE = 4.40964, MAPE = 52.32888
Step 11 RMSE = 5.33888, MAE = 4.40942, MAPE = 52.32434
Step 12 RMSE = 5.33833, MAE = 4.40909, MAPE = 52.31729
Inference time: 2.93 s
--------- Test ---------
Test on 20240913
All Steps RMSE = 5.27573, MAE = 4.35872, MAPE = 50.81310
Step 1 RMSE = 5.27541, MAE = 4.35850, MAPE = 50.78915
Step 2 RMSE = 5.27544, MAE = 4.35846, MAPE = 50.79112
Step 3 RMSE = 5.27569, MAE = 4.35857, MAPE = 50.79446
Step 4 RMSE = 5.27589, MAE = 4.35866, MAPE = 50.79935
Step 5 RMSE = 5.27598, MAE = 4.35873, MAPE = 50.80348
Step 6 RMSE = 5.27576, MAE = 4.35864, MAPE = 50.80831
Step 7 RMSE = 5.27560, MAE = 4.35852, MAPE = 50.81100
Step 8 RMSE = 5.27566, MAE = 4.35862, MAPE = 50.81655
Step 9 RMSE = 5.27577, MAE = 4.35882, MAPE = 50.82576
Step 10 RMSE = 5.27569, MAE = 4.35888, MAPE = 50.83355
Step 11 RMSE = 5.27583, MAE = 4.35901, MAPE = 50.83891
Step 12 RMSE = 5.27607, MAE = 4.35921, MAPE = 50.84577
Inference time: 2.86 s
--------- Test ---------
Test on 20240914
All Steps RMSE = 5.45241, MAE = 4.50178, MAPE = 61.14002
Step 1 RMSE = 5.45525, MAE = 4.50382, MAPE = 61.15186
Step 2 RMSE = 5.45465, MAE = 4.50335, MAPE = 61.15725
Step 3 RMSE = 5.45401, MAE = 4.50289, MAPE = 61.16315
Step 4 RMSE = 5.45324, MAE = 4.50231, MAPE = 61.16172
Step 5 RMSE = 5.45266, MAE = 4.50189, MAPE = 61.15721
Step 6 RMSE = 5.45245, MAE = 4.50176, MAPE = 61.15104
Step 7 RMSE = 5.45228, MAE = 4.50167, MAPE = 61.14287
Step 8 RMSE = 5.45164, MAE = 4.50119, MAPE = 61.13251
Step 9 RMSE = 5.45096, MAE = 4.50072, MAPE = 61.12401
Step 10 RMSE = 5.45072, MAE = 4.50058, MAPE = 61.11692
Step 11 RMSE = 5.45060, MAE = 4.50059, MAPE = 61.11269
Step 12 RMSE = 5.45048, MAE = 4.50063, MAPE = 61.10861
Inference time: 2.91 s
--------- Test ---------
Test on 20240915
All Steps RMSE = 5.10030, MAE = 4.22778, MAPE = 44.39086
Step 1 RMSE = 5.09780, MAE = 4.22615, MAPE = 44.43159
Step 2 RMSE = 5.09848, MAE = 4.22667, MAPE = 44.42250
Step 3 RMSE = 5.09892, MAE = 4.22702, MAPE = 44.41072
Step 4 RMSE = 5.09933, MAE = 4.22733, MAPE = 44.40251
Step 5 RMSE = 5.09978, MAE = 4.22760, MAPE = 44.39579
Step 6 RMSE = 5.10023, MAE = 4.22783, MAPE = 44.38836
Step 7 RMSE = 5.10051, MAE = 4.22796, MAPE = 44.38323
Step 8 RMSE = 5.10090, MAE = 4.22817, MAPE = 44.37967
Step 9 RMSE = 5.10128, MAE = 4.22837, MAPE = 44.37425
Step 10 RMSE = 5.10162, MAE = 4.22853, MAPE = 44.36994
Step 11 RMSE = 5.10216, MAE = 4.22880, MAPE = 44.36653
Step 12 RMSE = 5.10264, MAE = 4.22894, MAPE = 44.36523
Inference time: 2.96 s
--------- Test ---------
Test on 20240916
All Steps RMSE = 4.96857, MAE = 4.12057, MAPE = 38.76066
Step 1 RMSE = 4.96834, MAE = 4.12055, MAPE = 38.76638
Step 2 RMSE = 4.96836, MAE = 4.12050, MAPE = 38.76528
Step 3 RMSE = 4.96843, MAE = 4.12046, MAPE = 38.76411
Step 4 RMSE = 4.96847, MAE = 4.12043, MAPE = 38.76159
Step 5 RMSE = 4.96857, MAE = 4.12053, MAPE = 38.76097
Step 6 RMSE = 4.96864, MAE = 4.12061, MAPE = 38.76142
Step 7 RMSE = 4.96865, MAE = 4.12064, MAPE = 38.76058
Step 8 RMSE = 4.96862, MAE = 4.12060, MAPE = 38.75812
Step 9 RMSE = 4.96874, MAE = 4.12060, MAPE = 38.75762
Step 10 RMSE = 4.96887, MAE = 4.12072, MAPE = 38.75846
Step 11 RMSE = 4.96866, MAE = 4.12062, MAPE = 38.75783
Step 12 RMSE = 4.96849, MAE = 4.12054, MAPE = 38.75570
Inference time: 2.87 s
--------- Test ---------
Test on 20240917
All Steps RMSE = 4.98785, MAE = 4.12895, MAPE = 38.38131
Step 1 RMSE = 4.98603, MAE = 4.12815, MAPE = 38.36978
Step 2 RMSE = 4.98624, MAE = 4.12826, MAPE = 38.36880
Step 3 RMSE = 4.98654, MAE = 4.12841, MAPE = 38.36924
Step 4 RMSE = 4.98694, MAE = 4.12858, MAPE = 38.36998
Step 5 RMSE = 4.98724, MAE = 4.12867, MAPE = 38.37114
Step 6 RMSE = 4.98760, MAE = 4.12881, MAPE = 38.37713
Step 7 RMSE = 4.98805, MAE = 4.12899, MAPE = 38.38183
Step 8 RMSE = 4.98850, MAE = 4.12921, MAPE = 38.38775
Step 9 RMSE = 4.98876, MAE = 4.12938, MAPE = 38.39112
Step 10 RMSE = 4.98901, MAE = 4.12947, MAPE = 38.39333
Step 11 RMSE = 4.98944, MAE = 4.12961, MAPE = 38.39598
Step 12 RMSE = 4.98989, MAE = 4.12980, MAPE = 38.39941
Inference time: 2.92 s
--------- Test ---------
Test on 20240918
All Steps RMSE = 5.20078, MAE = 4.31887, MAPE = 45.09588
Step 1 RMSE = 5.20253, MAE = 4.31972, MAPE = 45.06660
Step 2 RMSE = 5.20221, MAE = 4.31960, MAPE = 45.07439
Step 3 RMSE = 5.20180, MAE = 4.31942, MAPE = 45.08262
Step 4 RMSE = 5.20144, MAE = 4.31927, MAPE = 45.09299
Step 5 RMSE = 5.20115, MAE = 4.31913, MAPE = 45.09993
Step 6 RMSE = 5.20092, MAE = 4.31902, MAPE = 45.10317
Step 7 RMSE = 5.20075, MAE = 4.31893, MAPE = 45.10696
Step 8 RMSE = 5.20056, MAE = 4.31881, MAPE = 45.10730
Step 9 RMSE = 5.20028, MAE = 4.31859, MAPE = 45.10615
Step 10 RMSE = 5.19983, MAE = 4.31831, MAPE = 45.10518
Step 11 RMSE = 5.19922, MAE = 4.31795, MAPE = 45.10312
Step 12 RMSE = 5.19867, MAE = 4.31765, MAPE = 45.10227
Inference time: 3.06 s
--------- Test ---------
Test on 20240919
All Steps RMSE = 5.25540, MAE = 4.35929, MAPE = 47.15362
Step 1 RMSE = 5.25570, MAE = 4.35921, MAPE = 47.15190
Step 2 RMSE = 5.25565, MAE = 4.35917, MAPE = 47.15168
Step 3 RMSE = 5.25580, MAE = 4.35931, MAPE = 47.15247
Step 4 RMSE = 5.25588, MAE = 4.35941, MAPE = 47.15433
Step 5 RMSE = 5.25585, MAE = 4.35941, MAPE = 47.15261
Step 6 RMSE = 5.25574, MAE = 4.35934, MAPE = 47.14931
Step 7 RMSE = 5.25540, MAE = 4.35916, MAPE = 47.14745
Step 8 RMSE = 5.25495, MAE = 4.35900, MAPE = 47.14846
Step 9 RMSE = 5.25474, MAE = 4.35905, MAPE = 47.15309
Step 10 RMSE = 5.25483, MAE = 4.35920, MAPE = 47.15663
Step 11 RMSE = 5.25504, MAE = 4.35945, MAPE = 47.16150
Step 12 RMSE = 5.25520, MAE = 4.35969, MAPE = 47.16408
Inference time: 3.10 s
--------- Test ---------
Test on 20240920
All Steps RMSE = 5.45783, MAE = 4.50040, MAPE = 65.81230
Step 1 RMSE = 5.45635, MAE = 4.49927, MAPE = 65.69520
Step 2 RMSE = 5.45670, MAE = 4.49951, MAPE = 65.72336
Step 3 RMSE = 5.45695, MAE = 4.49971, MAPE = 65.74830
Step 4 RMSE = 5.45730, MAE = 4.49996, MAPE = 65.77235
Step 5 RMSE = 5.45767, MAE = 4.50025, MAPE = 65.79322
Step 6 RMSE = 5.45796, MAE = 4.50054, MAPE = 65.81088
Step 7 RMSE = 5.45825, MAE = 4.50078, MAPE = 65.82757
Step 8 RMSE = 5.45839, MAE = 4.50087, MAPE = 65.84404
Step 9 RMSE = 5.45837, MAE = 4.50085, MAPE = 65.85961
Step 10 RMSE = 5.45845, MAE = 4.50087, MAPE = 65.87645
Step 11 RMSE = 5.45867, MAE = 4.50099, MAPE = 65.89088
Step 12 RMSE = 5.45890, MAE = 4.50118, MAPE = 65.90629
Inference time: 3.07 s
--------- Test ---------
Test on 20240921
All Steps RMSE = 5.16359, MAE = 4.29254, MAPE = 44.99340
Step 1 RMSE = 5.16224, MAE = 4.29186, MAPE = 45.07428
Step 2 RMSE = 5.16269, MAE = 4.29213, MAPE = 45.05757
Step 3 RMSE = 5.16285, MAE = 4.29224, MAPE = 45.04329
Step 4 RMSE = 5.16279, MAE = 4.29215, MAPE = 45.02500
Step 5 RMSE = 5.16289, MAE = 4.29213, MAPE = 45.01126
Step 6 RMSE = 5.16317, MAE = 4.29227, MAPE = 44.99974
Step 7 RMSE = 5.16370, MAE = 4.29258, MAPE = 44.98779
Step 8 RMSE = 5.16436, MAE = 4.29293, MAPE = 44.97209
Step 9 RMSE = 5.16484, MAE = 4.29319, MAPE = 44.95663
Step 10 RMSE = 5.16488, MAE = 4.29326, MAPE = 44.94247
Step 11 RMSE = 5.16452, MAE = 4.29307, MAPE = 44.93105
Step 12 RMSE = 5.16410, MAE = 4.29274, MAPE = 44.91970
Inference time: 3.05 s
--------- Test ---------
Test on 20240922
All Steps RMSE = 5.10785, MAE = 4.24266, MAPE = 42.46461
Step 1 RMSE = 5.10795, MAE = 4.24280, MAPE = 42.47346
Step 2 RMSE = 5.10797, MAE = 4.24288, MAPE = 42.46514
Step 3 RMSE = 5.10801, MAE = 4.24289, MAPE = 42.45900
Step 4 RMSE = 5.10794, MAE = 4.24285, MAPE = 42.45488
Step 5 RMSE = 5.10785, MAE = 4.24283, MAPE = 42.45380
Step 6 RMSE = 5.10771, MAE = 4.24271, MAPE = 42.45693
Step 7 RMSE = 5.10748, MAE = 4.24252, MAPE = 42.46036
Step 8 RMSE = 5.10746, MAE = 4.24247, MAPE = 42.46584
Step 9 RMSE = 5.10772, MAE = 4.24254, MAPE = 42.47023
Step 10 RMSE = 5.10795, MAE = 4.24255, MAPE = 42.47250
Step 11 RMSE = 5.10805, MAE = 4.24244, MAPE = 42.47259
Step 12 RMSE = 5.10816, MAE = 4.24238, MAPE = 42.47143
Inference time: 3.03 s
--------- Test ---------
Test on 20240923
All Steps RMSE = 5.31188, MAE = 4.40416, MAPE = 49.90696
Step 1 RMSE = 5.31427, MAE = 4.40592, MAPE = 49.91674
Step 2 RMSE = 5.31365, MAE = 4.40546, MAPE = 49.91373
Step 3 RMSE = 5.31316, MAE = 4.40504, MAPE = 49.90833
Step 4 RMSE = 5.31285, MAE = 4.40480, MAPE = 49.90613
Step 5 RMSE = 5.31251, MAE = 4.40453, MAPE = 49.90434
Step 6 RMSE = 5.31210, MAE = 4.40420, MAPE = 49.90563
Step 7 RMSE = 5.31163, MAE = 4.40387, MAPE = 49.90456
Step 8 RMSE = 5.31118, MAE = 4.40363, MAPE = 49.90494
Step 9 RMSE = 5.31077, MAE = 4.40341, MAPE = 49.90595
Step 10 RMSE = 5.31033, MAE = 4.40315, MAPE = 49.90499
Step 11 RMSE = 5.31023, MAE = 4.40305, MAPE = 49.90407
Step 12 RMSE = 5.30995, MAE = 4.40280, MAPE = 49.90372
Inference time: 3.06 s
--------- Test ---------
Test on 20240924
All Steps RMSE = 5.24433, MAE = 4.33812, MAPE = 47.84525
Step 1 RMSE = 5.24555, MAE = 4.33852, MAPE = 47.84157
Step 2 RMSE = 5.24523, MAE = 4.33842, MAPE = 47.84608
Step 3 RMSE = 5.24511, MAE = 4.33844, MAPE = 47.85008
Step 4 RMSE = 5.24488, MAE = 4.33835, MAPE = 47.85126
Step 5 RMSE = 5.24472, MAE = 4.33828, MAPE = 47.85030
Step 6 RMSE = 5.24468, MAE = 4.33830, MAPE = 47.84310
Step 7 RMSE = 5.24448, MAE = 4.33825, MAPE = 47.83945
Step 8 RMSE = 5.24415, MAE = 4.33809, MAPE = 47.83917
Step 9 RMSE = 5.24375, MAE = 4.33787, MAPE = 47.83966
Step 10 RMSE = 5.24347, MAE = 4.33773, MAPE = 47.84384
Step 11 RMSE = 5.24308, MAE = 4.33761, MAPE = 47.84754
Step 12 RMSE = 5.24283, MAE = 4.33759, MAPE = 47.85090
Inference time: 3.06 s
--------- Test ---------
Test on 20240925
All Steps RMSE = 5.27432, MAE = 4.36848, MAPE = 49.76659
Step 1 RMSE = 5.27398, MAE = 4.36845, MAPE = 49.77174
Step 2 RMSE = 5.27410, MAE = 4.36850, MAPE = 49.77045
Step 3 RMSE = 5.27402, MAE = 4.36841, MAPE = 49.76988
Step 4 RMSE = 5.27416, MAE = 4.36845, MAPE = 49.76744
Step 5 RMSE = 5.27431, MAE = 4.36855, MAPE = 49.76682
Step 6 RMSE = 5.27424, MAE = 4.36851, MAPE = 49.76971
Step 7 RMSE = 5.27431, MAE = 4.36849, MAPE = 49.77301
Step 8 RMSE = 5.27444, MAE = 4.36851, MAPE = 49.77041
Step 9 RMSE = 5.27444, MAE = 4.36845, MAPE = 49.76747
Step 10 RMSE = 5.27447, MAE = 4.36843, MAPE = 49.76261
Step 11 RMSE = 5.27461, MAE = 4.36844, MAPE = 49.75754
Step 12 RMSE = 5.27475, MAE = 4.36850, MAPE = 49.75219
Inference time: 3.05 s
--------- Test ---------
Test on 20240926
All Steps RMSE = 5.22439, MAE = 4.32253, MAPE = 47.87861
Step 1 RMSE = 5.22484, MAE = 4.32277, MAPE = 47.86794
Step 2 RMSE = 5.22500, MAE = 4.32280, MAPE = 47.87020
Step 3 RMSE = 5.22510, MAE = 4.32283, MAPE = 47.87130
Step 4 RMSE = 5.22493, MAE = 4.32273, MAPE = 47.87183
Step 5 RMSE = 5.22448, MAE = 4.32246, MAPE = 47.87100
Step 6 RMSE = 5.22421, MAE = 4.32233, MAPE = 47.87036
Step 7 RMSE = 5.22405, MAE = 4.32232, MAPE = 47.87065
Step 8 RMSE = 5.22387, MAE = 4.32225, MAPE = 47.87597
Step 9 RMSE = 5.22390, MAE = 4.32230, MAPE = 47.88300
Step 10 RMSE = 5.22400, MAE = 4.32244, MAPE = 47.88962
Step 11 RMSE = 5.22406, MAE = 4.32252, MAPE = 47.89684
Step 12 RMSE = 5.22424, MAE = 4.32267, MAPE = 47.90445
Inference time: 3.10 s
--------- Test ---------
Test on 20240927
All Steps RMSE = 5.25514, MAE = 4.34874, MAPE = 50.05114
Step 1 RMSE = 5.25458, MAE = 4.34841, MAPE = 50.02284
Step 2 RMSE = 5.25457, MAE = 4.34846, MAPE = 50.03163
Step 3 RMSE = 5.25453, MAE = 4.34850, MAPE = 50.04159
Step 4 RMSE = 5.25474, MAE = 4.34865, MAPE = 50.04957
Step 5 RMSE = 5.25503, MAE = 4.34878, MAPE = 50.05267
Step 6 RMSE = 5.25518, MAE = 4.34882, MAPE = 50.05543
Step 7 RMSE = 5.25533, MAE = 4.34880, MAPE = 50.05729
Step 8 RMSE = 5.25549, MAE = 4.34888, MAPE = 50.06143
Step 9 RMSE = 5.25562, MAE = 4.34896, MAPE = 50.06200
Step 10 RMSE = 5.25557, MAE = 4.34890, MAPE = 50.06011
Step 11 RMSE = 5.25552, MAE = 4.34885, MAPE = 50.05921
Step 12 RMSE = 5.25547, MAE = 4.34882, MAPE = 50.05955
Inference time: 3.16 s
--------- Test ---------
Test on 20240928
All Steps RMSE = 5.03962, MAE = 4.17896, MAPE = 42.97235
Step 1 RMSE = 5.03966, MAE = 4.17926, MAPE = 43.03245
Step 2 RMSE = 5.03948, MAE = 4.17907, MAPE = 43.01684
Step 3 RMSE = 5.03958, MAE = 4.17904, MAPE = 43.00194
Step 4 RMSE = 5.03963, MAE = 4.17901, MAPE = 42.98919
Step 5 RMSE = 5.03965, MAE = 4.17900, MAPE = 42.98126
Step 6 RMSE = 5.03970, MAE = 4.17900, MAPE = 42.97382
Step 7 RMSE = 5.03967, MAE = 4.17901, MAPE = 42.96588
Step 8 RMSE = 5.03969, MAE = 4.17901, MAPE = 42.95415
Step 9 RMSE = 5.03953, MAE = 4.17885, MAPE = 42.94529
Step 10 RMSE = 5.03954, MAE = 4.17877, MAPE = 42.94007
Step 11 RMSE = 5.03967, MAE = 4.17881, MAPE = 42.93513
Step 12 RMSE = 5.03962, MAE = 4.17873, MAPE = 42.93179
Inference time: 3.06 s
AVG RMSE: 5.218349324332343 MAE: 4.321112871170044 MAPE: 48.29083349969652
