Loss: HuberLoss

2024-11-17 17:04:13.016846 Epoch 1  	Train Loss = 1.43850 Val Loss = 1.37610
2024-11-17 17:57:45.532335 Epoch 2  	Train Loss = 1.35063 Val Loss = 1.37222
2024-11-17 18:49:58.605876 Epoch 3  	Train Loss = 1.35100 Val Loss = 1.37183
2024-11-17 19:42:48.268802 Epoch 4  	Train Loss = 1.34942 Val Loss = 1.37572
2024-11-17 20:32:57.363155 Epoch 5  	Train Loss = 1.35067 Val Loss = 1.37472
2024-11-17 21:21:39.434401 Epoch 6  	Train Loss = 1.35165 Val Loss = 1.37445
2024-11-17 22:10:27.718370 Epoch 7  	Train Loss = 1.34900 Val Loss = 1.37551
2024-11-17 22:54:50.985886 Epoch 8  	Train Loss = 1.35016 Val Loss = 1.37457
2024-11-17 23:34:21.349527 Epoch 9  	Train Loss = 1.34758 Val Loss = 1.37388
2024-11-18 00:15:43.828440 Epoch 10  	Train Loss = 1.34870 Val Loss = 1.37339
2024-11-18 01:03:53.102390 Epoch 11  	Train Loss = 1.35070 Val Loss = 1.37460
2024-11-18 01:52:47.682780 Epoch 12  	Train Loss = 1.34860 Val Loss = 1.37527
2024-11-18 02:40:25.811763 Epoch 13  	Train Loss = 1.34861 Val Loss = 1.37392
Early stopping at epoch: 13
Best at epoch 3:
Train Loss = 1.35100
Train RMSE = 3.75635, MAE = 2.02761, MAPE = 25.34130
Val Loss = 1.37183
Val RMSE = 3.28713, MAE = 1.84849, MAPE = 22.59008
Saved Model: ./saved_models/MLP/MLP-didi-2024-11-17-16-01-25.pt
--------- Test ---------
Test on 20240911
All Steps RMSE = 3.17604, MAE = 1.80946, MAPE = 23.67637
Step 1 RMSE = 3.17295, MAE = 1.80777, MAPE = 23.62648
Step 2 RMSE = 3.17354, MAE = 1.80800, MAPE = 23.63343
Step 3 RMSE = 3.17386, MAE = 1.80822, MAPE = 23.64031
Step 4 RMSE = 3.17443, MAE = 1.80851, MAPE = 23.65045
Step 5 RMSE = 3.17518, MAE = 1.80885, MAPE = 23.65972
Step 6 RMSE = 3.17591, MAE = 1.80920, MAPE = 23.67006
Step 7 RMSE = 3.17685, MAE = 1.80964, MAPE = 23.68193
Step 8 RMSE = 3.17765, MAE = 1.81012, MAPE = 23.69255
Step 9 RMSE = 3.17822, MAE = 1.81051, MAPE = 23.70256
Step 10 RMSE = 3.17836, MAE = 1.81082, MAPE = 23.71157
Step 11 RMSE = 3.17805, MAE = 1.81095, MAPE = 23.72003
Step 12 RMSE = 3.17749, MAE = 1.81088, MAPE = 23.72699
Inference time: 2.78 s
--------- Test ---------
Test on 20240912
All Steps RMSE = 3.26657, MAE = 1.86184, MAPE = 24.96400
Step 1 RMSE = 3.26861, MAE = 1.86209, MAPE = 24.99915
Step 2 RMSE = 3.26886, MAE = 1.86226, MAPE = 24.99458
Step 3 RMSE = 3.26906, MAE = 1.86235, MAPE = 24.98794
Step 4 RMSE = 3.26872, MAE = 1.86232, MAPE = 24.98035
Step 5 RMSE = 3.26811, MAE = 1.86228, MAPE = 24.97557
Step 6 RMSE = 3.26748, MAE = 1.86225, MAPE = 24.96923
Step 7 RMSE = 3.26658, MAE = 1.86206, MAPE = 24.96115
Step 8 RMSE = 3.26551, MAE = 1.86172, MAPE = 24.95371
Step 9 RMSE = 3.26467, MAE = 1.86151, MAPE = 24.94732
Step 10 RMSE = 3.26402, MAE = 1.86126, MAPE = 24.94079
Step 11 RMSE = 3.26370, MAE = 1.86105, MAPE = 24.93342
Step 12 RMSE = 3.26356, MAE = 1.86086, MAPE = 24.92464
Inference time: 2.72 s
--------- Test ---------
Test on 20240913
All Steps RMSE = 3.16972, MAE = 1.81161, MAPE = 23.65562
Step 1 RMSE = 3.16991, MAE = 1.81139, MAPE = 23.62821
Step 2 RMSE = 3.16945, MAE = 1.81127, MAPE = 23.62935
Step 3 RMSE = 3.16904, MAE = 1.81128, MAPE = 23.63313
Step 4 RMSE = 3.16914, MAE = 1.81145, MAPE = 23.63855
Step 5 RMSE = 3.16934, MAE = 1.81157, MAPE = 23.64195
Step 6 RMSE = 3.16954, MAE = 1.81162, MAPE = 23.64621
Step 7 RMSE = 3.16977, MAE = 1.81168, MAPE = 23.65192
Step 8 RMSE = 3.16986, MAE = 1.81173, MAPE = 23.65928
Step 9 RMSE = 3.16984, MAE = 1.81169, MAPE = 23.66675
Step 10 RMSE = 3.17014, MAE = 1.81179, MAPE = 23.67834
Step 11 RMSE = 3.17037, MAE = 1.81187, MAPE = 23.69133
Step 12 RMSE = 3.17022, MAE = 1.81197, MAPE = 23.70354
Inference time: 2.80 s
--------- Test ---------
Test on 20240914
All Steps RMSE = 3.34768, MAE = 1.94067, MAPE = 29.17494
Step 1 RMSE = 3.34477, MAE = 1.93731, MAPE = 29.17995
Step 2 RMSE = 3.34552, MAE = 1.93823, MAPE = 29.18992
Step 3 RMSE = 3.34642, MAE = 1.93907, MAPE = 29.19745
Step 4 RMSE = 3.34714, MAE = 1.93969, MAPE = 29.19866
Step 5 RMSE = 3.34748, MAE = 1.94017, MAPE = 29.19806
Step 6 RMSE = 3.34779, MAE = 1.94067, MAPE = 29.19537
Step 7 RMSE = 3.34825, MAE = 1.94122, MAPE = 29.18805
Step 8 RMSE = 3.34888, MAE = 1.94178, MAPE = 29.17792
Step 9 RMSE = 3.34925, MAE = 1.94223, MAPE = 29.16572
Step 10 RMSE = 3.34921, MAE = 1.94247, MAPE = 29.15039
Step 11 RMSE = 3.34896, MAE = 1.94261, MAPE = 29.13552
Step 12 RMSE = 3.34849, MAE = 1.94257, MAPE = 29.12242
Inference time: 2.75 s
--------- Test ---------
Test on 20240915
All Steps RMSE = 2.74508, MAE = 1.56206, MAPE = 18.56942
Step 1 RMSE = 2.75538, MAE = 1.56961, MAPE = 18.63261
Step 2 RMSE = 2.75344, MAE = 1.56803, MAPE = 18.61620
Step 3 RMSE = 2.75146, MAE = 1.56640, MAPE = 18.60006
Step 4 RMSE = 2.74944, MAE = 1.56496, MAPE = 18.58816
Step 5 RMSE = 2.74773, MAE = 1.56361, MAPE = 18.57753
Step 6 RMSE = 2.74581, MAE = 1.56226, MAPE = 18.56744
Step 7 RMSE = 2.74340, MAE = 1.56086, MAPE = 18.55782
Step 8 RMSE = 2.74104, MAE = 1.55945, MAPE = 18.54898
Step 9 RMSE = 2.73931, MAE = 1.55834, MAPE = 18.54174
Step 10 RMSE = 2.73829, MAE = 1.55757, MAPE = 18.53662
Step 11 RMSE = 2.73781, MAE = 1.55700, MAPE = 18.53351
Step 12 RMSE = 2.73775, MAE = 1.55660, MAPE = 18.53199
Inference time: 2.71 s
--------- Test ---------
Test on 20240916
All Steps RMSE = 2.65693, MAE = 1.46686, MAPE = 15.01429
Step 1 RMSE = 2.66004, MAE = 1.46842, MAPE = 15.02257
Step 2 RMSE = 2.65927, MAE = 1.46809, MAPE = 15.02106
Step 3 RMSE = 2.65853, MAE = 1.46785, MAPE = 15.01966
Step 4 RMSE = 2.65810, MAE = 1.46761, MAPE = 15.01863
Step 5 RMSE = 2.65745, MAE = 1.46733, MAPE = 15.01741
Step 6 RMSE = 2.65686, MAE = 1.46705, MAPE = 15.01565
Step 7 RMSE = 2.65652, MAE = 1.46673, MAPE = 15.01451
Step 8 RMSE = 2.65623, MAE = 1.46649, MAPE = 15.01296
Step 9 RMSE = 2.65602, MAE = 1.46621, MAPE = 15.01087
Step 10 RMSE = 2.65554, MAE = 1.46588, MAPE = 15.00858
Step 11 RMSE = 2.65467, MAE = 1.46548, MAPE = 15.00571
Step 12 RMSE = 2.65390, MAE = 1.46517, MAPE = 15.00371
Inference time: 2.77 s
--------- Test ---------
Test on 20240917
All Steps RMSE = 2.57275, MAE = 1.42796, MAPE = 14.12325
Step 1 RMSE = 2.57420, MAE = 1.42759, MAPE = 14.10826
Step 2 RMSE = 2.57375, MAE = 1.42753, MAPE = 14.10998
Step 3 RMSE = 2.57350, MAE = 1.42755, MAPE = 14.11255
Step 4 RMSE = 2.57318, MAE = 1.42760, MAPE = 14.11508
Step 5 RMSE = 2.57306, MAE = 1.42766, MAPE = 14.11752
Step 6 RMSE = 2.57302, MAE = 1.42775, MAPE = 14.12130
Step 7 RMSE = 2.57319, MAE = 1.42802, MAPE = 14.12500
Step 8 RMSE = 2.57316, MAE = 1.42827, MAPE = 14.12842
Step 9 RMSE = 2.57264, MAE = 1.42840, MAPE = 14.13135
Step 10 RMSE = 2.57181, MAE = 1.42838, MAPE = 14.13337
Step 11 RMSE = 2.57107, MAE = 1.42839, MAPE = 14.13666
Step 12 RMSE = 2.57035, MAE = 1.42843, MAPE = 14.13949
Inference time: 2.75 s
--------- Test ---------
Test on 20240918
All Steps RMSE = 3.00617, MAE = 1.67481, MAPE = 19.70762
Step 1 RMSE = 3.00122, MAE = 1.67369, MAPE = 19.66324
Step 2 RMSE = 3.00205, MAE = 1.67388, MAPE = 19.67391
Step 3 RMSE = 3.00281, MAE = 1.67402, MAPE = 19.68332
Step 4 RMSE = 3.00361, MAE = 1.67410, MAPE = 19.69142
Step 5 RMSE = 3.00460, MAE = 1.67433, MAPE = 19.69995
Step 6 RMSE = 3.00561, MAE = 1.67457, MAPE = 19.70688
Step 7 RMSE = 3.00654, MAE = 1.67481, MAPE = 19.71343
Step 8 RMSE = 3.00767, MAE = 1.67512, MAPE = 19.71994
Step 9 RMSE = 3.00858, MAE = 1.67540, MAPE = 19.72671
Step 10 RMSE = 3.00950, MAE = 1.67564, MAPE = 19.73186
Step 11 RMSE = 3.01049, MAE = 1.67596, MAPE = 19.73709
Step 12 RMSE = 3.01127, MAE = 1.67617, MAPE = 19.74384
Inference time: 2.61 s
--------- Test ---------
Test on 20240919
All Steps RMSE = 3.13593, MAE = 1.75479, MAPE = 21.68592
Step 1 RMSE = 3.13804, MAE = 1.75492, MAPE = 21.70942
Step 2 RMSE = 3.13786, MAE = 1.75505, MAPE = 21.70264
Step 3 RMSE = 3.13741, MAE = 1.75512, MAPE = 21.69761
Step 4 RMSE = 3.13680, MAE = 1.75512, MAPE = 21.69430
Step 5 RMSE = 3.13609, MAE = 1.75501, MAPE = 21.68991
Step 6 RMSE = 3.13554, MAE = 1.75486, MAPE = 21.68527
Step 7 RMSE = 3.13501, MAE = 1.75469, MAPE = 21.68164
Step 8 RMSE = 3.13466, MAE = 1.75457, MAPE = 21.67893
Step 9 RMSE = 3.13461, MAE = 1.75448, MAPE = 21.67576
Step 10 RMSE = 3.13458, MAE = 1.75449, MAPE = 21.67421
Step 11 RMSE = 3.13503, MAE = 1.75458, MAPE = 21.67223
Step 12 RMSE = 3.13555, MAE = 1.75464, MAPE = 21.66886
Inference time: 2.72 s
--------- Test ---------
Test on 20240920
All Steps RMSE = 3.43359, MAE = 2.00159, MAPE = 31.77392
Step 1 RMSE = 3.43148, MAE = 2.00015, MAPE = 31.70073
Step 2 RMSE = 3.43188, MAE = 2.00042, MAPE = 31.72109
Step 3 RMSE = 3.43236, MAE = 2.00067, MAPE = 31.73669
Step 4 RMSE = 3.43291, MAE = 2.00106, MAPE = 31.75220
Step 5 RMSE = 3.43339, MAE = 2.00146, MAPE = 31.76702
Step 6 RMSE = 3.43365, MAE = 2.00173, MAPE = 31.77893
Step 7 RMSE = 3.43406, MAE = 2.00196, MAPE = 31.78888
Step 8 RMSE = 3.43433, MAE = 2.00211, MAPE = 31.79737
Step 9 RMSE = 3.43446, MAE = 2.00219, MAPE = 31.80441
Step 10 RMSE = 3.43490, MAE = 2.00234, MAPE = 31.80917
Step 11 RMSE = 3.43484, MAE = 2.00240, MAPE = 31.81283
Step 12 RMSE = 3.43486, MAE = 2.00252, MAPE = 31.81719
Inference time: 2.67 s
--------- Test ---------
Test on 20240921
All Steps RMSE = 2.76008, MAE = 1.55493, MAPE = 18.28226
Step 1 RMSE = 2.76004, MAE = 1.55463, MAPE = 18.30320
Step 2 RMSE = 2.76011, MAE = 1.55468, MAPE = 18.29702
Step 3 RMSE = 2.76033, MAE = 1.55481, MAPE = 18.29346
Step 4 RMSE = 2.76052, MAE = 1.55491, MAPE = 18.28909
Step 5 RMSE = 2.76042, MAE = 1.55489, MAPE = 18.28392
Step 6 RMSE = 2.76039, MAE = 1.55493, MAPE = 18.27933
Step 7 RMSE = 2.76030, MAE = 1.55497, MAPE = 18.27562
Step 8 RMSE = 2.76004, MAE = 1.55502, MAPE = 18.27271
Step 9 RMSE = 2.76000, MAE = 1.55514, MAPE = 18.27193
Step 10 RMSE = 2.75967, MAE = 1.55513, MAPE = 18.27272
Step 11 RMSE = 2.75956, MAE = 1.55503, MAPE = 18.27388
Step 12 RMSE = 2.75962, MAE = 1.55503, MAPE = 18.27435
Inference time: 2.77 s
--------- Test ---------
Test on 20240922
All Steps RMSE = 2.59597, MAE = 1.47322, MAPE = 16.67725
Step 1 RMSE = 2.59656, MAE = 1.47318, MAPE = 16.66915
Step 2 RMSE = 2.59613, MAE = 1.47315, MAPE = 16.66754
Step 3 RMSE = 2.59579, MAE = 1.47319, MAPE = 16.66795
Step 4 RMSE = 2.59537, MAE = 1.47313, MAPE = 16.66786
Step 5 RMSE = 2.59518, MAE = 1.47314, MAPE = 16.67031
Step 6 RMSE = 2.59519, MAE = 1.47325, MAPE = 16.67443
Step 7 RMSE = 2.59527, MAE = 1.47332, MAPE = 16.67851
Step 8 RMSE = 2.59554, MAE = 1.47330, MAPE = 16.68179
Step 9 RMSE = 2.59575, MAE = 1.47321, MAPE = 16.68444
Step 10 RMSE = 2.59628, MAE = 1.47318, MAPE = 16.68707
Step 11 RMSE = 2.59698, MAE = 1.47325, MAPE = 16.68845
Step 12 RMSE = 2.59756, MAE = 1.47339, MAPE = 16.68939
Inference time: 2.80 s
--------- Test ---------
Test on 20240923
All Steps RMSE = 3.23833, MAE = 1.81722, MAPE = 23.15682
Step 1 RMSE = 3.23730, MAE = 1.81806, MAPE = 23.17939
Step 2 RMSE = 3.23755, MAE = 1.81788, MAPE = 23.17262
Step 3 RMSE = 3.23768, MAE = 1.81752, MAPE = 23.16392
Step 4 RMSE = 3.23784, MAE = 1.81720, MAPE = 23.15699
Step 5 RMSE = 3.23816, MAE = 1.81703, MAPE = 23.15187
Step 6 RMSE = 3.23844, MAE = 1.81686, MAPE = 23.14890
Step 7 RMSE = 3.23872, MAE = 1.81679, MAPE = 23.14679
Step 8 RMSE = 3.23884, MAE = 1.81683, MAPE = 23.14694
Step 9 RMSE = 3.23891, MAE = 1.81691, MAPE = 23.14849
Step 10 RMSE = 3.23895, MAE = 1.81710, MAPE = 23.15058
Step 11 RMSE = 3.23890, MAE = 1.81728, MAPE = 23.15494
Step 12 RMSE = 3.23866, MAE = 1.81719, MAPE = 23.16028
Inference time: 2.76 s
--------- Test ---------
Test on 20240924
All Steps RMSE = 3.11958, MAE = 1.77469, MAPE = 21.79167
Step 1 RMSE = 3.12030, MAE = 1.77428, MAPE = 21.77714
Step 2 RMSE = 3.12027, MAE = 1.77450, MAPE = 21.77742
Step 3 RMSE = 3.12038, MAE = 1.77474, MAPE = 21.77901
Step 4 RMSE = 3.12045, MAE = 1.77496, MAPE = 21.78123
Step 5 RMSE = 3.12053, MAE = 1.77510, MAPE = 21.78209
Step 6 RMSE = 3.12044, MAE = 1.77517, MAPE = 21.78408
Step 7 RMSE = 3.12018, MAE = 1.77513, MAPE = 21.78782
Step 8 RMSE = 3.11988, MAE = 1.77498, MAPE = 21.79397
Step 9 RMSE = 3.11933, MAE = 1.77477, MAPE = 21.80098
Step 10 RMSE = 3.11852, MAE = 1.77447, MAPE = 21.80934
Step 11 RMSE = 3.11765, MAE = 1.77416, MAPE = 21.81235
Step 12 RMSE = 3.11704, MAE = 1.77399, MAPE = 21.81404
Inference time: 2.75 s
--------- Test ---------
Test on 20240925
All Steps RMSE = 3.16066, MAE = 1.79780, MAPE = 23.43021
Step 1 RMSE = 3.16162, MAE = 1.79777, MAPE = 23.45000
Step 2 RMSE = 3.16167, MAE = 1.79783, MAPE = 23.45134
Step 3 RMSE = 3.16148, MAE = 1.79784, MAPE = 23.45116
Step 4 RMSE = 3.16128, MAE = 1.79788, MAPE = 23.45025
Step 5 RMSE = 3.16111, MAE = 1.79799, MAPE = 23.44903
Step 6 RMSE = 3.16078, MAE = 1.79799, MAPE = 23.44495
Step 7 RMSE = 3.16034, MAE = 1.79791, MAPE = 23.43806
Step 8 RMSE = 3.15999, MAE = 1.79782, MAPE = 23.42833
Step 9 RMSE = 3.16004, MAE = 1.79780, MAPE = 23.41724
Step 10 RMSE = 3.15993, MAE = 1.79771, MAPE = 23.40397
Step 11 RMSE = 3.15990, MAE = 1.79763, MAPE = 23.39407
Step 12 RMSE = 3.15978, MAE = 1.79751, MAPE = 23.38456
Inference time: 2.71 s
--------- Test ---------
Test on 20240926
All Steps RMSE = 3.06045, MAE = 1.73583, MAPE = 21.67151
Step 1 RMSE = 3.06280, MAE = 1.73726, MAPE = 21.66118
Step 2 RMSE = 3.06221, MAE = 1.73697, MAPE = 21.66398
Step 3 RMSE = 3.06173, MAE = 1.73669, MAPE = 21.66562
Step 4 RMSE = 3.06121, MAE = 1.73646, MAPE = 21.66665
Step 5 RMSE = 3.06055, MAE = 1.73609, MAPE = 21.66605
Step 6 RMSE = 3.05982, MAE = 1.73567, MAPE = 21.66478
Step 7 RMSE = 3.05937, MAE = 1.73532, MAPE = 21.66597
Step 8 RMSE = 3.05932, MAE = 1.73513, MAPE = 21.66933
Step 9 RMSE = 3.05945, MAE = 1.73514, MAPE = 21.67520
Step 10 RMSE = 3.05957, MAE = 1.73512, MAPE = 21.68137
Step 11 RMSE = 3.05952, MAE = 1.73504, MAPE = 21.68668
Step 12 RMSE = 3.05980, MAE = 1.73507, MAPE = 21.69140
Inference time: 2.82 s
--------- Test ---------
Test on 20240927
All Steps RMSE = 3.06810, MAE = 1.76039, MAPE = 23.02805
Step 1 RMSE = 3.06586, MAE = 1.75817, MAPE = 22.99932
Step 2 RMSE = 3.06643, MAE = 1.75860, MAPE = 23.00324
Step 3 RMSE = 3.06694, MAE = 1.75903, MAPE = 23.00771
Step 4 RMSE = 3.06735, MAE = 1.75933, MAPE = 23.01159
Step 5 RMSE = 3.06762, MAE = 1.75968, MAPE = 23.01737
Step 6 RMSE = 3.06830, MAE = 1.76025, MAPE = 23.02637
Step 7 RMSE = 3.06897, MAE = 1.76086, MAPE = 23.03456
Step 8 RMSE = 3.06914, MAE = 1.76131, MAPE = 23.04104
Step 9 RMSE = 3.06924, MAE = 1.76160, MAPE = 23.04439
Step 10 RMSE = 3.06925, MAE = 1.76186, MAPE = 23.04708
Step 11 RMSE = 3.06930, MAE = 1.76200, MAPE = 23.05039
Step 12 RMSE = 3.06881, MAE = 1.76193, MAPE = 23.05321
Inference time: 2.73 s
--------- Test ---------
Test on 20240928
All Steps RMSE = 2.44251, MAE = 1.42611, MAPE = 16.49504
Step 1 RMSE = 2.44851, MAE = 1.43010, MAPE = 16.54636
Step 2 RMSE = 2.44699, MAE = 1.42925, MAPE = 16.53528
Step 3 RMSE = 2.44569, MAE = 1.42851, MAPE = 16.52629
Step 4 RMSE = 2.44431, MAE = 1.42773, MAPE = 16.51666
Step 5 RMSE = 2.44351, MAE = 1.42703, MAPE = 16.50659
Step 6 RMSE = 2.44249, MAE = 1.42621, MAPE = 16.49567
Step 7 RMSE = 2.44131, MAE = 1.42533, MAPE = 16.48523
Step 8 RMSE = 2.44044, MAE = 1.42466, MAPE = 16.47571
Step 9 RMSE = 2.43967, MAE = 1.42411, MAPE = 16.46945
Step 10 RMSE = 2.43922, MAE = 1.42367, MAPE = 16.46531
Step 11 RMSE = 2.43890, MAE = 1.42335, MAPE = 16.46056
Step 12 RMSE = 2.43911, MAE = 1.42332, MAPE = 16.45736
Inference time: 2.71 s
