Loss: HuberLoss

2024-12-11 14:48:25.255531 Epoch 1  	Train Loss = 1.02482 Val Loss = 0.98346
2024-12-11 16:21:48.228892 Epoch 2  	Train Loss = 0.96925 Val Loss = 0.97859
2024-12-11 17:50:57.677264 Epoch 3  	Train Loss = 0.96824 Val Loss = 0.97747
2024-12-11 19:27:58.268972 Epoch 4  	Train Loss = 0.96856 Val Loss = 0.97727
2024-12-11 20:53:39.146754 Epoch 5  	Train Loss = 0.96789 Val Loss = 0.98007
2024-12-11 22:21:47.562667 Epoch 6  	Train Loss = 0.96678 Val Loss = 0.97583
2024-12-11 23:34:53.784383 Epoch 7  	Train Loss = 0.96305 Val Loss = 0.97529
2024-12-12 00:47:41.732325 Epoch 8  	Train Loss = 0.95881 Val Loss = 0.97397
2024-12-12 02:09:13.521617 Epoch 9  	Train Loss = 0.95725 Val Loss = 0.97319
2024-12-12 03:31:33.834380 Epoch 10  	Train Loss = 0.95424 Val Loss = 0.97360
2024-12-12 04:53:38.359999 Epoch 11  	Train Loss = 0.95641 Val Loss = 0.97244
2024-12-12 06:13:10.321040 Epoch 12  	Train Loss = 0.95481 Val Loss = 0.97245
2024-12-12 07:36:18.579310 Epoch 13  	Train Loss = 0.95512 Val Loss = 0.97175
2024-12-12 09:04:07.553056 Epoch 14  	Train Loss = 0.95303 Val Loss = 0.97195
2024-12-12 10:26:01.117344 Epoch 15  	Train Loss = 0.95121 Val Loss = 0.97089
2024-12-12 11:53:10.617176 Epoch 16  	Train Loss = 0.94961 Val Loss = 0.96989
2024-12-12 13:18:01.973725 Epoch 17  	Train Loss = 0.94806 Val Loss = 0.96867
2024-12-12 14:49:56.815431 Epoch 18  	Train Loss = 0.94448 Val Loss = 0.96797
2024-12-12 16:19:57.158664 Epoch 19  	Train Loss = 0.94446 Val Loss = 0.96659
2024-12-12 17:55:27.167039 Epoch 20  	Train Loss = 0.94146 Val Loss = 0.96592
Early stopping at epoch: 20
Best at epoch 20:
Train Loss = 0.94146
Train RMSE = 2.47108, MAE = 1.36066, MAPE = 16.67291
Val Loss = 0.96592
Val RMSE = 2.55715, MAE = 1.44496, MAPE = 16.79601
Saved Model: ./saved_models/GWNet/GWNet-didi-2024-12-11-13-17-42.pt
--------- Test ---------
Test on 20240911
All Steps RMSE = 2.45105, MAE = 1.36559, MAPE = 16.94090
Step 1 RMSE = 1.21861, MAE = 0.66565, MAPE = 7.03160
Step 2 RMSE = 1.78081, MAE = 1.02447, MAPE = 11.40684
Step 3 RMSE = 2.05482, MAE = 1.16568, MAPE = 13.49159
Step 4 RMSE = 2.23694, MAE = 1.25973, MAPE = 15.02401
Step 5 RMSE = 2.38012, MAE = 1.33855, MAPE = 16.29681
Step 6 RMSE = 2.49092, MAE = 1.40553, MAPE = 17.39517
Step 7 RMSE = 2.58651, MAE = 1.46476, MAPE = 18.40409
Step 8 RMSE = 2.67199, MAE = 1.51882, MAPE = 19.30100
Step 9 RMSE = 2.74989, MAE = 1.56929, MAPE = 20.13797
Step 10 RMSE = 2.82052, MAE = 1.61570, MAPE = 20.91472
Step 11 RMSE = 2.88439, MAE = 1.65843, MAPE = 21.61458
Step 12 RMSE = 2.94501, MAE = 1.70050, MAPE = 22.27221
Inference time: 11.58 s
--------- Test ---------
Test on 20240912
All Steps RMSE = 2.53874, MAE = 1.41109, MAPE = 18.12087
Step 1 RMSE = 1.24115, MAE = 0.67656, MAPE = 7.32629
Step 2 RMSE = 1.82846, MAE = 1.04895, MAPE = 12.02713
Step 3 RMSE = 2.11782, MAE = 1.19949, MAPE = 14.31602
Step 4 RMSE = 2.30614, MAE = 1.29862, MAPE = 16.00910
Step 5 RMSE = 2.45534, MAE = 1.38131, MAPE = 17.41644
Step 6 RMSE = 2.57404, MAE = 1.45241, MAPE = 18.62788
Step 7 RMSE = 2.67706, MAE = 1.51494, MAPE = 19.71771
Step 8 RMSE = 2.77057, MAE = 1.57213, MAPE = 20.69402
Step 9 RMSE = 2.85433, MAE = 1.62531, MAPE = 21.60843
Step 10 RMSE = 2.93113, MAE = 1.67484, MAPE = 22.46182
Step 11 RMSE = 3.00148, MAE = 1.72144, MAPE = 23.24512
Step 12 RMSE = 3.06763, MAE = 1.76711, MAPE = 24.00047
Inference time: 11.60 s
--------- Test ---------
Test on 20240913
All Steps RMSE = 2.47649, MAE = 1.38156, MAPE = 17.39606
Step 1 RMSE = 1.21331, MAE = 0.66747, MAPE = 7.17322
Step 2 RMSE = 1.79257, MAE = 1.03402, MAPE = 11.76089
Step 3 RMSE = 2.07423, MAE = 1.18010, MAPE = 13.98394
Step 4 RMSE = 2.25993, MAE = 1.27669, MAPE = 15.58885
Step 5 RMSE = 2.40663, MAE = 1.35692, MAPE = 16.88275
Step 6 RMSE = 2.52037, MAE = 1.42488, MAPE = 17.97310
Step 7 RMSE = 2.61750, MAE = 1.48447, MAPE = 18.93727
Step 8 RMSE = 2.70316, MAE = 1.53810, MAPE = 19.78916
Step 9 RMSE = 2.77936, MAE = 1.58706, MAPE = 20.58470
Step 10 RMSE = 2.84957, MAE = 1.63293, MAPE = 21.33860
Step 11 RMSE = 2.91456, MAE = 1.67653, MAPE = 22.03452
Step 12 RMSE = 2.97634, MAE = 1.71958, MAPE = 22.70586
Inference time: 11.52 s
--------- Test ---------
Test on 20240914
All Steps RMSE = 2.64281, MAE = 1.48995, MAPE = 21.31954
Step 1 RMSE = 1.21789, MAE = 0.68757, MAPE = 8.17595
Step 2 RMSE = 1.84658, MAE = 1.07981, MAPE = 13.74740
Step 3 RMSE = 2.16553, MAE = 1.24681, MAPE = 16.59706
Step 4 RMSE = 2.38079, MAE = 1.36146, MAPE = 18.72275
Step 5 RMSE = 2.55136, MAE = 1.45744, MAPE = 20.49440
Step 6 RMSE = 2.68376, MAE = 1.53760, MAPE = 21.99342
Step 7 RMSE = 2.79924, MAE = 1.60930, MAPE = 23.36084
Step 8 RMSE = 2.90085, MAE = 1.67290, MAPE = 24.56208
Step 9 RMSE = 2.99085, MAE = 1.73049, MAPE = 25.64202
Step 10 RMSE = 3.07101, MAE = 1.78340, MAPE = 26.62166
Step 11 RMSE = 3.14518, MAE = 1.83254, MAPE = 27.52754
Step 12 RMSE = 3.21422, MAE = 1.88014, MAPE = 28.38941
Inference time: 11.58 s
--------- Test ---------
Test on 20240915
All Steps RMSE = 2.13456, MAE = 1.18921, MAPE = 13.56467
Step 1 RMSE = 1.05341, MAE = 0.60971, MAPE = 6.19568
Step 2 RMSE = 1.56056, MAE = 0.92381, MAPE = 9.70242
Step 3 RMSE = 1.79389, MAE = 1.03395, MAPE = 11.20139
Step 4 RMSE = 1.95029, MAE = 1.10648, MAPE = 12.30617
Step 5 RMSE = 2.07700, MAE = 1.16904, MAPE = 13.22872
Step 6 RMSE = 2.17558, MAE = 1.22306, MAPE = 14.00393
Step 7 RMSE = 2.25921, MAE = 1.27072, MAPE = 14.69589
Step 8 RMSE = 2.33102, MAE = 1.31324, MAPE = 15.29020
Step 9 RMSE = 2.39480, MAE = 1.35258, MAPE = 15.83483
Step 10 RMSE = 2.45105, MAE = 1.38901, MAPE = 16.32964
Step 11 RMSE = 2.50274, MAE = 1.42225, MAPE = 16.77347
Step 12 RMSE = 2.55308, MAE = 1.45669, MAPE = 17.21373
Inference time: 11.55 s
--------- Test ---------
Test on 20240916
All Steps RMSE = 2.04456, MAE = 1.12336, MAPE = 11.08090
Step 1 RMSE = 1.13719, MAE = 0.61784, MAPE = 5.60968
Step 2 RMSE = 1.59658, MAE = 0.91498, MAPE = 8.54308
Step 3 RMSE = 1.79164, MAE = 1.00602, MAPE = 9.57129
Step 4 RMSE = 1.91446, MAE = 1.06196, MAPE = 10.28842
Step 5 RMSE = 2.00845, MAE = 1.10970, MAPE = 10.88191
Step 6 RMSE = 2.07955, MAE = 1.15045, MAPE = 11.38220
Step 7 RMSE = 2.14001, MAE = 1.18702, MAPE = 11.83250
Step 8 RMSE = 2.19649, MAE = 1.22120, MAPE = 12.23426
Step 9 RMSE = 2.25303, MAE = 1.25517, MAPE = 12.62461
Step 10 RMSE = 2.30531, MAE = 1.28797, MAPE = 12.99730
Step 11 RMSE = 2.35253, MAE = 1.31814, MAPE = 13.33289
Step 12 RMSE = 2.39955, MAE = 1.34988, MAPE = 13.67266
Inference time: 11.70 s
--------- Test ---------
Test on 20240917
All Steps RMSE = 1.98961, MAE = 1.09872, MAPE = 10.51723
Step 1 RMSE = 1.15601, MAE = 0.62259, MAPE = 5.55826
Step 2 RMSE = 1.60618, MAE = 0.91562, MAPE = 8.37543
Step 3 RMSE = 1.78598, MAE = 1.00065, MAPE = 9.30579
Step 4 RMSE = 1.89569, MAE = 1.05000, MAPE = 9.90878
Step 5 RMSE = 1.97730, MAE = 1.09162, MAPE = 10.40516
Step 6 RMSE = 2.03512, MAE = 1.12668, MAPE = 10.81397
Step 7 RMSE = 2.08306, MAE = 1.15770, MAPE = 11.17987
Step 8 RMSE = 2.12757, MAE = 1.18735, MAPE = 11.51260
Step 9 RMSE = 2.17164, MAE = 1.21683, MAPE = 11.84268
Step 10 RMSE = 2.21186, MAE = 1.24563, MAPE = 12.15467
Step 11 RMSE = 2.24863, MAE = 1.27168, MAPE = 12.43706
Step 12 RMSE = 2.28493, MAE = 1.29823, MAPE = 12.71256
Inference time: 11.63 s
--------- Test ---------
Test on 20240918
All Steps RMSE = 2.33706, MAE = 1.26690, MAPE = 14.19695
Step 1 RMSE = 1.19069, MAE = 0.63785, MAPE = 6.20196
Step 2 RMSE = 1.70279, MAE = 0.96454, MAPE = 9.74932
Step 3 RMSE = 1.94436, MAE = 1.08418, MAPE = 11.33093
Step 4 RMSE = 2.10662, MAE = 1.16295, MAPE = 12.49775
Step 5 RMSE = 2.23993, MAE = 1.23129, MAPE = 13.50256
Step 6 RMSE = 2.34987, MAE = 1.29231, MAPE = 14.41314
Step 7 RMSE = 2.44909, MAE = 1.34819, MAPE = 15.26083
Step 8 RMSE = 2.54135, MAE = 1.40118, MAPE = 16.05748
Step 9 RMSE = 2.62692, MAE = 1.45148, MAPE = 16.81491
Step 10 RMSE = 2.70555, MAE = 1.49912, MAPE = 17.52723
Step 11 RMSE = 2.77584, MAE = 1.54301, MAPE = 18.18279
Step 12 RMSE = 2.84342, MAE = 1.58669, MAPE = 18.82451
Inference time: 11.65 s
--------- Test ---------
Test on 20240919
All Steps RMSE = 2.42999, MAE = 1.32922, MAPE = 15.67146
Step 1 RMSE = 1.27547, MAE = 0.66867, MAPE = 6.73708
Step 2 RMSE = 1.82014, MAE = 1.01919, MAPE = 10.80714
Step 3 RMSE = 2.08093, MAE = 1.15202, MAPE = 12.67554
Step 4 RMSE = 2.24617, MAE = 1.23654, MAPE = 14.02645
Step 5 RMSE = 2.37382, MAE = 1.30646, MAPE = 15.14088
Step 6 RMSE = 2.46881, MAE = 1.36576, MAPE = 16.08601
Step 7 RMSE = 2.55150, MAE = 1.41879, MAPE = 16.94735
Step 8 RMSE = 2.62980, MAE = 1.46881, MAPE = 17.73282
Step 9 RMSE = 2.70242, MAE = 1.51540, MAPE = 18.47726
Step 10 RMSE = 2.77034, MAE = 1.55902, MAPE = 19.17191
Step 11 RMSE = 2.83359, MAE = 1.59970, MAPE = 19.81431
Step 12 RMSE = 2.89477, MAE = 1.64022, MAPE = 20.44080
Inference time: 11.66 s
--------- Test ---------
Test on 20240920
All Steps RMSE = 2.68882, MAE = 1.52239, MAPE = 23.30256
Step 1 RMSE = 1.26408, MAE = 0.69636, MAPE = 8.59161
Step 2 RMSE = 1.87459, MAE = 1.09185, MAPE = 14.44015
Step 3 RMSE = 2.18926, MAE = 1.26275, MAPE = 17.58005
Step 4 RMSE = 2.40216, MAE = 1.37956, MAPE = 19.97530
Step 5 RMSE = 2.57301, MAE = 1.47823, MAPE = 22.00415
Step 6 RMSE = 2.70883, MAE = 1.56295, MAPE = 23.76957
Step 7 RMSE = 2.83259, MAE = 1.63939, MAPE = 25.37617
Step 8 RMSE = 2.94542, MAE = 1.71005, MAPE = 26.92079
Step 9 RMSE = 3.04745, MAE = 1.77545, MAPE = 28.34494
Step 10 RMSE = 3.13924, MAE = 1.83548, MAPE = 29.65843
Step 11 RMSE = 3.22303, MAE = 1.89139, MAPE = 30.89751
Step 12 RMSE = 3.30069, MAE = 1.94520, MAPE = 32.07214
Inference time: 11.70 s
--------- Test ---------
Test on 20240921
All Steps RMSE = 2.11219, MAE = 1.17953, MAPE = 13.43279
Step 1 RMSE = 1.08842, MAE = 0.61373, MAPE = 6.20842
Step 2 RMSE = 1.60104, MAE = 0.93198, MAPE = 9.86817
Step 3 RMSE = 1.83394, MAE = 1.04390, MAPE = 11.40403
Step 4 RMSE = 1.98019, MAE = 1.11462, MAPE = 12.46302
Step 5 RMSE = 2.09157, MAE = 1.17255, MAPE = 13.30601
Step 6 RMSE = 2.17104, MAE = 1.21985, MAPE = 13.97434
Step 7 RMSE = 2.23668, MAE = 1.26046, MAPE = 14.55568
Step 8 RMSE = 2.29357, MAE = 1.29669, MAPE = 15.05364
Step 9 RMSE = 2.34441, MAE = 1.33036, MAPE = 15.50847
Step 10 RMSE = 2.38764, MAE = 1.36147, MAPE = 15.91951
Step 11 RMSE = 2.42649, MAE = 1.38990, MAPE = 16.28896
Step 12 RMSE = 2.46325, MAE = 1.41888, MAPE = 16.64312
Inference time: 11.75 s
--------- Test ---------
Test on 20240922
All Steps RMSE = 1.99388, MAE = 1.12539, MAPE = 12.18704
Step 1 RMSE = 1.07215, MAE = 0.60704, MAPE = 5.89823
Step 2 RMSE = 1.54998, MAE = 0.91102, MAPE = 9.17050
Step 3 RMSE = 1.75735, MAE = 1.01078, MAPE = 10.48246
Step 4 RMSE = 1.88678, MAE = 1.07132, MAPE = 11.37135
Step 5 RMSE = 1.98203, MAE = 1.12065, MAPE = 12.08187
Step 6 RMSE = 2.05129, MAE = 1.16181, MAPE = 12.65061
Step 7 RMSE = 2.10668, MAE = 1.19714, MAPE = 13.13780
Step 8 RMSE = 2.15550, MAE = 1.22931, MAPE = 13.56479
Step 9 RMSE = 2.19772, MAE = 1.25893, MAPE = 13.95756
Step 10 RMSE = 2.23540, MAE = 1.28654, MAPE = 14.32147
Step 11 RMSE = 2.26983, MAE = 1.31203, MAPE = 14.64623
Step 12 RMSE = 2.30365, MAE = 1.33811, MAPE = 14.96133
Inference time: 11.74 s
--------- Test ---------
Test on 20240923
All Steps RMSE = 2.48450, MAE = 1.36293, MAPE = 16.57622
Step 1 RMSE = 1.23337, MAE = 0.66744, MAPE = 6.91901
Step 2 RMSE = 1.78931, MAE = 1.02230, MAPE = 11.13061
Step 3 RMSE = 2.06237, MAE = 1.15991, MAPE = 13.10912
Step 4 RMSE = 2.24409, MAE = 1.25092, MAPE = 14.56873
Step 5 RMSE = 2.38737, MAE = 1.32741, MAPE = 15.79030
Step 6 RMSE = 2.50243, MAE = 1.39374, MAPE = 16.86291
Step 7 RMSE = 2.60758, MAE = 1.45479, MAPE = 17.86340
Step 8 RMSE = 2.70392, MAE = 1.51205, MAPE = 18.79984
Step 9 RMSE = 2.79355, MAE = 1.56647, MAPE = 19.70444
Step 10 RMSE = 2.87703, MAE = 1.61801, MAPE = 20.56891
Step 11 RMSE = 2.95478, MAE = 1.66714, MAPE = 21.39596
Step 12 RMSE = 3.02926, MAE = 1.71505, MAPE = 22.20138
Inference time: 11.63 s
--------- Test ---------
Test on 20240924
All Steps RMSE = 2.43297, MAE = 1.34736, MAPE = 16.00377
Step 1 RMSE = 1.24575, MAE = 0.66583, MAPE = 6.81104
Step 2 RMSE = 1.79651, MAE = 1.01946, MAPE = 10.96729
Step 3 RMSE = 2.06087, MAE = 1.15587, MAPE = 12.91562
Step 4 RMSE = 2.23233, MAE = 1.24512, MAPE = 14.31064
Step 5 RMSE = 2.36448, MAE = 1.31913, MAPE = 15.45401
Step 6 RMSE = 2.46744, MAE = 1.38303, MAPE = 16.42521
Step 7 RMSE = 2.55921, MAE = 1.44016, MAPE = 17.31278
Step 8 RMSE = 2.64356, MAE = 1.49394, MAPE = 18.13295
Step 9 RMSE = 2.71912, MAE = 1.54359, MAPE = 18.89825
Step 10 RMSE = 2.78838, MAE = 1.59054, MAPE = 19.61859
Step 11 RMSE = 2.85251, MAE = 1.63419, MAPE = 20.27853
Step 12 RMSE = 2.91544, MAE = 1.67750, MAPE = 20.92019
Inference time: 11.69 s
--------- Test ---------
Test on 20240925
All Steps RMSE = 2.45731, MAE = 1.36228, MAPE = 17.15540
Step 1 RMSE = 1.21853, MAE = 0.66329, MAPE = 7.07118
Step 2 RMSE = 1.77454, MAE = 1.02030, MAPE = 11.48821
Step 3 RMSE = 2.04761, MAE = 1.16175, MAPE = 13.61356
Step 4 RMSE = 2.22869, MAE = 1.25531, MAPE = 15.18970
Step 5 RMSE = 2.37413, MAE = 1.33395, MAPE = 16.49345
Step 6 RMSE = 2.48997, MAE = 1.40114, MAPE = 17.61515
Step 7 RMSE = 2.59266, MAE = 1.46154, MAPE = 18.66533
Step 8 RMSE = 2.68293, MAE = 1.51615, MAPE = 19.57333
Step 9 RMSE = 2.76277, MAE = 1.56572, MAPE = 20.41474
Step 10 RMSE = 2.83609, MAE = 1.61248, MAPE = 21.20181
Step 11 RMSE = 2.90318, MAE = 1.65623, MAPE = 21.92027
Step 12 RMSE = 2.96742, MAE = 1.69956, MAPE = 22.61813
Inference time: 11.46 s
--------- Test ---------
Test on 20240926
All Steps RMSE = 2.34589, MAE = 1.30563, MAPE = 15.57327
Step 1 RMSE = 1.16570, MAE = 0.64574, MAPE = 6.67908
Step 2 RMSE = 1.71290, MAE = 0.99131, MAPE = 10.74438
Step 3 RMSE = 1.97445, MAE = 1.12384, MAPE = 12.61230
Step 4 RMSE = 2.14620, MAE = 1.21066, MAPE = 13.96240
Step 5 RMSE = 2.28078, MAE = 1.28234, MAPE = 15.06678
Step 6 RMSE = 2.38559, MAE = 1.34385, MAPE = 16.00651
Step 7 RMSE = 2.47528, MAE = 1.39791, MAPE = 16.84428
Step 8 RMSE = 2.55578, MAE = 1.44760, MAPE = 17.61383
Step 9 RMSE = 2.62808, MAE = 1.49383, MAPE = 18.35307
Step 10 RMSE = 2.69442, MAE = 1.53643, MAPE = 19.03691
Step 11 RMSE = 2.75564, MAE = 1.57684, MAPE = 19.67717
Step 12 RMSE = 2.81573, MAE = 1.61717, MAPE = 20.28238
Inference time: 11.51 s
--------- Test ---------
Test on 20240927
All Steps RMSE = 2.37741, MAE = 1.33225, MAPE = 16.85932
Step 1 RMSE = 1.16627, MAE = 0.65114, MAPE = 6.98352
Step 2 RMSE = 1.72188, MAE = 1.00400, MAPE = 11.38052
Step 3 RMSE = 1.98861, MAE = 1.14089, MAPE = 13.49044
Step 4 RMSE = 2.16421, MAE = 1.23161, MAPE = 15.05485
Step 5 RMSE = 2.30461, MAE = 1.30757, MAPE = 16.34725
Step 6 RMSE = 2.41570, MAE = 1.37277, MAPE = 17.41888
Step 7 RMSE = 2.51094, MAE = 1.42977, MAPE = 18.38121
Step 8 RMSE = 2.59540, MAE = 1.48131, MAPE = 19.22467
Step 9 RMSE = 2.67014, MAE = 1.52807, MAPE = 19.98026
Step 10 RMSE = 2.73780, MAE = 1.57189, MAPE = 20.68865
Step 11 RMSE = 2.80197, MAE = 1.61345, MAPE = 21.35517
Step 12 RMSE = 2.86310, MAE = 1.65451, MAPE = 22.00639
Inference time: 11.53 s
--------- Test ---------
Test on 20240928
All Steps RMSE = 1.88802, MAE = 1.09661, MAPE = 12.37217
Step 1 RMSE = 1.01664, MAE = 0.59560, MAPE = 6.00653
Step 2 RMSE = 1.48920, MAE = 0.89662, MAPE = 9.42756
Step 3 RMSE = 1.68601, MAE = 0.99380, MAPE = 10.79612
Step 4 RMSE = 1.80161, MAE = 1.05080, MAPE = 11.69554
Step 5 RMSE = 1.88674, MAE = 1.09654, MAPE = 12.39405
Step 6 RMSE = 1.94630, MAE = 1.13334, MAPE = 12.92629
Step 7 RMSE = 1.99332, MAE = 1.16515, MAPE = 13.36766
Step 8 RMSE = 2.03365, MAE = 1.19367, MAPE = 13.72960
Step 9 RMSE = 2.06947, MAE = 1.22050, MAPE = 14.06647
Step 10 RMSE = 2.10316, MAE = 1.24610, MAPE = 14.38692
Step 11 RMSE = 2.13614, MAE = 1.27035, MAPE = 14.68416
Step 12 RMSE = 2.17018, MAE = 1.29684, MAPE = 14.98521
Inference time: 11.56 s
AVG RMSE: 2.323657214641571 MAE: 1.293887688053979 MAPE: 15.681727934214804
