Loss: HuberLoss

2024-12-19 20:23:32.837343 Epoch 1  	Train Loss = 1.40054 Val Loss = 1.59809
2024-12-19 21:57:32.114590 Epoch 2  	Train Loss = 1.26689 Val Loss = 1.59372
2024-12-19 23:21:12.325906 Epoch 3  	Train Loss = 1.26834 Val Loss = 1.59015
2024-12-20 00:45:17.587826 Epoch 4  	Train Loss = 1.26058 Val Loss = 1.58533
2024-12-20 02:11:39.946131 Epoch 5  	Train Loss = 1.25654 Val Loss = 1.58168
2024-12-20 03:43:20.885548 Epoch 6  	Train Loss = 1.25393 Val Loss = 1.58044
2024-12-20 05:11:55.186348 Epoch 7  	Train Loss = 1.24908 Val Loss = 1.57970
2024-12-20 06:40:46.403190 Epoch 8  	Train Loss = 1.24390 Val Loss = 1.57584
2024-12-20 08:17:25.400679 Epoch 9  	Train Loss = 1.24389 Val Loss = 1.57325
2024-12-20 09:51:23.432458 Epoch 10  	Train Loss = 1.24213 Val Loss = 1.57161
2024-12-20 11:24:44.009853 Epoch 11  	Train Loss = 1.23517 Val Loss = 1.57022
2024-12-20 12:57:57.241298 Epoch 12  	Train Loss = 1.23123 Val Loss = 1.56815
2024-12-20 14:33:46.344135 Epoch 13  	Train Loss = 1.22715 Val Loss = 1.56662
2024-12-20 16:10:51.392274 Epoch 14  	Train Loss = 1.22688 Val Loss = 1.56545
2024-12-20 17:45:51.496438 Epoch 15  	Train Loss = 1.22103 Val Loss = 1.56635
2024-12-20 19:21:45.804559 Epoch 16  	Train Loss = 1.22073 Val Loss = 1.56704
2024-12-20 20:53:55.415178 Epoch 17  	Train Loss = 1.21998 Val Loss = 1.56482
2024-12-20 22:24:27.835141 Epoch 18  	Train Loss = 1.21876 Val Loss = 1.56264
2024-12-20 23:45:48.055569 Epoch 19  	Train Loss = 1.21435 Val Loss = 1.56146
2024-12-21 01:11:23.681949 Epoch 20  	Train Loss = 1.21030 Val Loss = 1.56057
Early stopping at epoch: 20
Best at epoch 20:
Train Loss = 1.21030
Train RMSE = 13.14449, MAE = 1.63292, MAPE = 15.36151
Val Loss = 1.56057
Val RMSE = 11.18305, MAE = 1.74815, MAPE = 21.87436
Saved Model: ./saved_models/GWNet/GWNet-didi-2024-12-19-18-48-30.pt
--------- Test ---------
Test on 20240911
All Steps RMSE = 11.41225, MAE = 1.63312, MAPE = 16.10748
Step 1 RMSE = 8.82285, MAE = 0.82396, MAPE = 8.19184
Step 2 RMSE = 9.90335, MAE = 1.21490, MAPE = 11.94328
Step 3 RMSE = 10.49921, MAE = 1.39179, MAPE = 13.75551
Step 4 RMSE = 10.94680, MAE = 1.51170, MAPE = 14.72040
Step 5 RMSE = 11.29590, MAE = 1.60724, MAPE = 15.59185
Step 6 RMSE = 11.57072, MAE = 1.68839, MAPE = 16.64406
Step 7 RMSE = 11.80393, MAE = 1.75757, MAPE = 17.30127
Step 8 RMSE = 12.00126, MAE = 1.81864, MAPE = 18.03733
Step 9 RMSE = 12.17317, MAE = 1.87240, MAPE = 18.53659
Step 10 RMSE = 12.31701, MAE = 1.92307, MAPE = 18.96128
Step 11 RMSE = 12.43476, MAE = 1.96987, MAPE = 19.49543
Step 12 RMSE = 12.55101, MAE = 2.01789, MAPE = 20.11095
Inference time: 12.43 s
--------- Test ---------
Test on 20240912
All Steps RMSE = 11.46609, MAE = 1.84011, MAPE = 17.22438
Step 1 RMSE = 8.44543, MAE = 0.91001, MAPE = 8.58065
Step 2 RMSE = 9.70509, MAE = 1.35529, MAPE = 12.57825
Step 3 RMSE = 10.38777, MAE = 1.56062, MAPE = 14.58624
Step 4 RMSE = 10.88515, MAE = 1.69740, MAPE = 15.63841
Step 5 RMSE = 11.30348, MAE = 1.80798, MAPE = 16.60059
Step 6 RMSE = 11.62322, MAE = 1.90430, MAPE = 17.78276
Step 7 RMSE = 11.90236, MAE = 1.98477, MAPE = 18.51057
Step 8 RMSE = 12.13857, MAE = 2.05594, MAPE = 19.36383
Step 9 RMSE = 12.34421, MAE = 2.11775, MAPE = 19.89716
Step 10 RMSE = 12.51773, MAE = 2.17592, MAPE = 20.42814
Step 11 RMSE = 12.67087, MAE = 2.22926, MAPE = 21.00762
Step 12 RMSE = 12.81590, MAE = 2.28207, MAPE = 21.71811
Inference time: 12.43 s
--------- Test ---------
Test on 20240913
All Steps RMSE = 12.54225, MAE = 1.73118, MAPE = 16.42179
Step 1 RMSE = 9.96192, MAE = 0.87679, MAPE = 8.20032
Step 2 RMSE = 11.07051, MAE = 1.29522, MAPE = 12.14290
Step 3 RMSE = 11.70323, MAE = 1.48327, MAPE = 14.00851
Step 4 RMSE = 12.14975, MAE = 1.60891, MAPE = 15.08666
Step 5 RMSE = 12.46436, MAE = 1.70653, MAPE = 15.92624
Step 6 RMSE = 12.72344, MAE = 1.78951, MAPE = 16.98328
Step 7 RMSE = 12.92873, MAE = 1.86209, MAPE = 17.67659
Step 8 RMSE = 13.11742, MAE = 1.92610, MAPE = 18.37573
Step 9 RMSE = 13.29006, MAE = 1.98184, MAPE = 18.91035
Step 10 RMSE = 13.40606, MAE = 2.03379, MAPE = 19.37762
Step 11 RMSE = 13.52162, MAE = 2.08089, MAPE = 19.84759
Step 12 RMSE = 13.62602, MAE = 2.12916, MAPE = 20.52574
Inference time: 12.45 s
--------- Test ---------
Test on 20240914
All Steps RMSE = 15.46024, MAE = 2.46024, MAPE = 19.89553
Step 1 RMSE = 11.79563, MAE = 1.20434, MAPE = 9.15795
Step 2 RMSE = 13.32209, MAE = 1.79572, MAPE = 13.92087
Step 3 RMSE = 14.19085, MAE = 2.07808, MAPE = 16.35953
Step 4 RMSE = 14.84064, MAE = 2.27380, MAPE = 18.04240
Step 5 RMSE = 15.34822, MAE = 2.42902, MAPE = 19.21975
Step 6 RMSE = 15.75346, MAE = 2.55897, MAPE = 20.61232
Step 7 RMSE = 16.06326, MAE = 2.66741, MAPE = 21.65462
Step 8 RMSE = 16.28375, MAE = 2.75746, MAPE = 22.54165
Step 9 RMSE = 16.49198, MAE = 2.83380, MAPE = 23.23253
Step 10 RMSE = 16.66853, MAE = 2.90670, MAPE = 24.03686
Step 11 RMSE = 16.84484, MAE = 2.97419, MAPE = 24.50410
Step 12 RMSE = 17.01443, MAE = 3.04335, MAPE = 25.46367
Inference time: 12.39 s
--------- Test ---------
Test on 20240915
All Steps RMSE = 11.86690, MAE = 1.31442, MAPE = 13.49274
Step 1 RMSE = 10.42359, MAE = 0.67460, MAPE = 7.16939
Step 2 RMSE = 11.01200, MAE = 0.99947, MAPE = 10.40317
Step 3 RMSE = 11.36478, MAE = 1.13543, MAPE = 11.75445
Step 4 RMSE = 11.61649, MAE = 1.22670, MAPE = 12.52610
Step 5 RMSE = 11.81427, MAE = 1.29982, MAPE = 13.11761
Step 6 RMSE = 11.97095, MAE = 1.36345, MAPE = 13.95113
Step 7 RMSE = 12.10007, MAE = 1.41678, MAPE = 14.48999
Step 8 RMSE = 12.20683, MAE = 1.46080, MAPE = 14.98158
Step 9 RMSE = 12.30742, MAE = 1.49939, MAPE = 15.38609
Step 10 RMSE = 12.38874, MAE = 1.53345, MAPE = 15.67239
Step 11 RMSE = 12.46619, MAE = 1.56492, MAPE = 15.98211
Step 12 RMSE = 12.53807, MAE = 1.59823, MAPE = 16.47883
Inference time: 12.47 s
--------- Test ---------
Test on 20240916
All Steps RMSE = 6.26275, MAE = 0.95295, MAPE = 12.98572
Step 1 RMSE = 4.68781, MAE = 0.52791, MAPE = 8.27387
Step 2 RMSE = 5.39371, MAE = 0.75661, MAPE = 10.89010
Step 3 RMSE = 5.72684, MAE = 0.84412, MAPE = 12.32391
Step 4 RMSE = 5.99031, MAE = 0.89443, MAPE = 12.17620
Step 5 RMSE = 6.20609, MAE = 0.94181, MAPE = 12.81574
Step 6 RMSE = 6.37348, MAE = 0.98262, MAPE = 13.27034
Step 7 RMSE = 6.49245, MAE = 1.01495, MAPE = 13.53806
Step 8 RMSE = 6.60566, MAE = 1.04610, MAPE = 14.09139
Step 9 RMSE = 6.69830, MAE = 1.06984, MAPE = 14.07708
Step 10 RMSE = 6.78329, MAE = 1.09331, MAPE = 14.18598
Step 11 RMSE = 6.86565, MAE = 1.12110, MAPE = 15.19839
Step 12 RMSE = 6.92645, MAE = 1.14263, MAPE = 14.98774
Inference time: 12.41 s
--------- Test ---------
Test on 20240917
All Steps RMSE = 6.97478, MAE = 0.88413, MAPE = 11.54596
Step 1 RMSE = 5.72968, MAE = 0.51799, MAPE = 7.22504
Step 2 RMSE = 6.26856, MAE = 0.72867, MAPE = 9.81432
Step 3 RMSE = 6.52890, MAE = 0.80023, MAPE = 10.89736
Step 4 RMSE = 6.73577, MAE = 0.84062, MAPE = 10.93366
Step 5 RMSE = 6.90872, MAE = 0.87552, MAPE = 11.34538
Step 6 RMSE = 7.04157, MAE = 0.90750, MAPE = 11.86777
Step 7 RMSE = 7.14625, MAE = 0.93331, MAPE = 12.07523
Step 8 RMSE = 7.25535, MAE = 0.95845, MAPE = 12.48042
Step 9 RMSE = 7.34360, MAE = 0.98013, MAPE = 12.65123
Step 10 RMSE = 7.42089, MAE = 1.00063, MAPE = 12.66304
Step 11 RMSE = 7.50272, MAE = 1.02349, MAPE = 13.27423
Step 12 RMSE = 7.57216, MAE = 1.04299, MAPE = 13.32381
Inference time: 12.48 s
--------- Test ---------
Test on 20240918
All Steps RMSE = 8.71411, MAE = 1.25934, MAPE = 14.39794
Step 1 RMSE = 6.77200, MAE = 0.63539, MAPE = 7.77693
Step 2 RMSE = 7.54471, MAE = 0.93085, MAPE = 10.92101
Step 3 RMSE = 7.97633, MAE = 1.06047, MAPE = 12.48277
Step 4 RMSE = 8.30010, MAE = 1.14661, MAPE = 13.00097
Step 5 RMSE = 8.57622, MAE = 1.22127, MAPE = 13.79323
Step 6 RMSE = 8.80457, MAE = 1.28948, MAPE = 14.70495
Step 7 RMSE = 8.98781, MAE = 1.34907, MAPE = 15.25797
Step 8 RMSE = 9.16277, MAE = 1.40409, MAPE = 16.02010
Step 9 RMSE = 9.29676, MAE = 1.45173, MAPE = 16.45960
Step 10 RMSE = 9.42409, MAE = 1.49697, MAPE = 16.79619
Step 11 RMSE = 9.54785, MAE = 1.54162, MAPE = 17.57294
Step 12 RMSE = 9.68085, MAE = 1.58454, MAPE = 17.98868
Inference time: 12.44 s
--------- Test ---------
Test on 20240919
All Steps RMSE = 11.59919, MAE = 1.40790, MAPE = 14.87352
Step 1 RMSE = 9.86183, MAE = 0.72014, MAPE = 7.68775
Step 2 RMSE = 10.64363, MAE = 1.06247, MAPE = 11.25328
Step 3 RMSE = 11.05967, MAE = 1.21224, MAPE = 12.81586
Step 4 RMSE = 11.34957, MAE = 1.31184, MAPE = 13.72769
Step 5 RMSE = 11.56098, MAE = 1.38804, MAPE = 14.42778
Step 6 RMSE = 11.72895, MAE = 1.45445, MAPE = 15.31771
Step 7 RMSE = 11.87083, MAE = 1.51174, MAPE = 15.92953
Step 8 RMSE = 11.98524, MAE = 1.56203, MAPE = 16.51520
Step 9 RMSE = 12.07500, MAE = 1.60818, MAPE = 17.05339
Step 10 RMSE = 12.16346, MAE = 1.64896, MAPE = 17.41806
Step 11 RMSE = 12.26264, MAE = 1.68729, MAPE = 17.87279
Step 12 RMSE = 12.36562, MAE = 1.72742, MAPE = 18.46329
Inference time: 12.45 s
--------- Test ---------
Test on 20240920
All Steps RMSE = 26.32098, MAE = 2.72996, MAPE = 21.05538
Step 1 RMSE = 23.00600, MAE = 1.36432, MAPE = 9.20320
Step 2 RMSE = 24.46412, MAE = 1.98921, MAPE = 14.12742
Step 3 RMSE = 25.23292, MAE = 2.29222, MAPE = 17.19001
Step 4 RMSE = 25.79020, MAE = 2.50373, MAPE = 19.16516
Step 5 RMSE = 26.23235, MAE = 2.67170, MAPE = 20.53679
Step 6 RMSE = 26.52667, MAE = 2.81343, MAPE = 21.56457
Step 7 RMSE = 26.78653, MAE = 2.93838, MAPE = 22.49349
Step 8 RMSE = 27.06620, MAE = 3.04893, MAPE = 23.58525
Step 9 RMSE = 27.29392, MAE = 3.15237, MAPE = 24.90575
Step 10 RMSE = 27.47900, MAE = 3.24639, MAPE = 25.91107
Step 11 RMSE = 27.68288, MAE = 3.33050, MAPE = 26.69962
Step 12 RMSE = 27.85017, MAE = 3.40832, MAPE = 27.28245
Inference time: 12.41 s
--------- Test ---------
Test on 20240921
All Steps RMSE = 8.47427, MAE = 1.23651, MAPE = 13.95478
Step 1 RMSE = 6.51919, MAE = 0.66104, MAPE = 7.96903
Step 2 RMSE = 7.38202, MAE = 0.96475, MAPE = 11.11936
Step 3 RMSE = 7.85001, MAE = 1.09170, MAPE = 12.71588
Step 4 RMSE = 8.17346, MAE = 1.17003, MAPE = 13.07038
Step 5 RMSE = 8.43730, MAE = 1.23289, MAPE = 13.76102
Step 6 RMSE = 8.64161, MAE = 1.28511, MAPE = 14.49262
Step 7 RMSE = 8.78766, MAE = 1.32638, MAPE = 14.81334
Step 8 RMSE = 8.91329, MAE = 1.36397, MAPE = 15.39588
Step 9 RMSE = 9.01199, MAE = 1.39356, MAPE = 15.56312
Step 10 RMSE = 9.09110, MAE = 1.42155, MAPE = 15.69701
Step 11 RMSE = 9.18020, MAE = 1.45087, MAPE = 16.35329
Step 12 RMSE = 9.25532, MAE = 1.47618, MAPE = 16.50622
Inference time: 12.42 s
--------- Test ---------
Test on 20240922
All Steps RMSE = 9.29764, MAE = 1.12030, MAPE = 12.49766
Step 1 RMSE = 7.45261, MAE = 0.61519, MAPE = 7.17704
Step 2 RMSE = 8.18287, MAE = 0.88704, MAPE = 10.11991
Step 3 RMSE = 8.60598, MAE = 0.99559, MAPE = 11.38655
Step 4 RMSE = 8.93679, MAE = 1.06276, MAPE = 11.81452
Step 5 RMSE = 9.17377, MAE = 1.11524, MAPE = 12.30888
Step 6 RMSE = 9.36170, MAE = 1.16049, MAPE = 12.98132
Step 7 RMSE = 9.52266, MAE = 1.19786, MAPE = 13.30111
Step 8 RMSE = 9.68495, MAE = 1.23064, MAPE = 13.71855
Step 9 RMSE = 9.85433, MAE = 1.25766, MAPE = 13.94342
Step 10 RMSE = 10.00452, MAE = 1.28265, MAPE = 14.03840
Step 11 RMSE = 10.13448, MAE = 1.30719, MAPE = 14.45543
Step 12 RMSE = 10.23420, MAE = 1.33134, MAPE = 14.72668
Inference time: 12.49 s
--------- Test ---------
Test on 20240923
All Steps RMSE = 10.91714, MAE = 1.60558, MAPE = 15.88202
Step 1 RMSE = 8.59184, MAE = 0.80496, MAPE = 7.98833
Step 2 RMSE = 9.61793, MAE = 1.18732, MAPE = 11.68650
Step 3 RMSE = 10.14371, MAE = 1.35861, MAPE = 13.43057
Step 4 RMSE = 10.53135, MAE = 1.47496, MAPE = 14.40828
Step 5 RMSE = 10.83004, MAE = 1.56693, MAPE = 15.22998
Step 6 RMSE = 11.08827, MAE = 1.64925, MAPE = 16.25630
Step 7 RMSE = 11.28448, MAE = 1.72170, MAPE = 16.97624
Step 8 RMSE = 11.44098, MAE = 1.78664, MAPE = 17.74092
Step 9 RMSE = 11.55552, MAE = 1.84606, MAPE = 18.33703
Step 10 RMSE = 11.66911, MAE = 1.90307, MAPE = 18.87538
Step 11 RMSE = 11.81236, MAE = 1.95732, MAPE = 19.45845
Step 12 RMSE = 11.93200, MAE = 2.01018, MAPE = 20.19645
Inference time: 12.52 s
--------- Test ---------
Test on 20240924
All Steps RMSE = 10.01419, MAE = 1.48028, MAPE = 15.64289
Step 1 RMSE = 7.94332, MAE = 0.75404, MAPE = 8.21918
Step 2 RMSE = 8.85417, MAE = 1.11227, MAPE = 11.80580
Step 3 RMSE = 9.34798, MAE = 1.27243, MAPE = 13.58207
Step 4 RMSE = 9.67660, MAE = 1.37609, MAPE = 14.34285
Step 5 RMSE = 9.93445, MAE = 1.45787, MAPE = 15.17256
Step 6 RMSE = 10.13763, MAE = 1.52910, MAPE = 16.14480
Step 7 RMSE = 10.30551, MAE = 1.58852, MAPE = 16.70823
Step 8 RMSE = 10.45303, MAE = 1.64318, MAPE = 17.44017
Step 9 RMSE = 10.59473, MAE = 1.69093, MAPE = 17.86836
Step 10 RMSE = 10.71384, MAE = 1.73649, MAPE = 18.21051
Step 11 RMSE = 10.82991, MAE = 1.77996, MAPE = 18.86397
Step 12 RMSE = 10.93796, MAE = 1.82246, MAPE = 19.35592
Inference time: 12.52 s
--------- Test ---------
Test on 20240925
All Steps RMSE = 14.70483, MAE = 1.70452, MAPE = 15.92696
Step 1 RMSE = 12.27838, MAE = 0.85896, MAPE = 7.57461
Step 2 RMSE = 13.22392, MAE = 1.25828, MAPE = 11.55178
Step 3 RMSE = 13.79995, MAE = 1.44274, MAPE = 13.18354
Step 4 RMSE = 14.17180, MAE = 1.57324, MAPE = 14.64447
Step 5 RMSE = 14.51701, MAE = 1.67472, MAPE = 15.43115
Step 6 RMSE = 14.82077, MAE = 1.76102, MAPE = 16.33395
Step 7 RMSE = 15.08010, MAE = 1.83777, MAPE = 17.25046
Step 8 RMSE = 15.29137, MAE = 1.90129, MAPE = 17.78806
Step 9 RMSE = 15.45774, MAE = 1.96040, MAPE = 18.53838
Step 10 RMSE = 15.63117, MAE = 2.01397, MAPE = 19.10099
Step 11 RMSE = 15.79592, MAE = 2.06214, MAPE = 19.50153
Step 12 RMSE = 15.92036, MAE = 2.10978, MAPE = 20.22462
Inference time: 12.48 s
--------- Test ---------
Test on 20240926
All Steps RMSE = 10.88380, MAE = 1.49780, MAPE = 15.19525
Step 1 RMSE = 8.85618, MAE = 0.75516, MAPE = 7.83898
Step 2 RMSE = 9.70426, MAE = 1.11607, MAPE = 11.39486
Step 3 RMSE = 10.13894, MAE = 1.27665, MAPE = 13.05457
Step 4 RMSE = 10.47927, MAE = 1.38571, MAPE = 13.92546
Step 5 RMSE = 10.74893, MAE = 1.47157, MAPE = 14.70108
Step 6 RMSE = 10.96796, MAE = 1.54537, MAPE = 15.67226
Step 7 RMSE = 11.15838, MAE = 1.60987, MAPE = 16.28864
Step 8 RMSE = 11.33978, MAE = 1.66710, MAPE = 16.95641
Step 9 RMSE = 11.50326, MAE = 1.71851, MAPE = 17.44090
Step 10 RMSE = 11.63357, MAE = 1.76449, MAPE = 17.82053
Step 11 RMSE = 11.76590, MAE = 1.80921, MAPE = 18.33252
Step 12 RMSE = 11.88405, MAE = 1.85393, MAPE = 18.91659
Inference time: 12.47 s
--------- Test ---------
Test on 20240927
All Steps RMSE = 12.05760, MAE = 1.64133, MAPE = 15.88201
Step 1 RMSE = 9.66513, MAE = 0.83199, MAPE = 7.95895
Step 2 RMSE = 10.68521, MAE = 1.22438, MAPE = 11.73996
Step 3 RMSE = 11.25618, MAE = 1.39931, MAPE = 13.49134
Step 4 RMSE = 11.66815, MAE = 1.51956, MAPE = 14.54497
Step 5 RMSE = 11.97568, MAE = 1.61421, MAPE = 15.36289
Step 6 RMSE = 12.22159, MAE = 1.69701, MAPE = 16.39404
Step 7 RMSE = 12.42048, MAE = 1.76646, MAPE = 17.09594
Step 8 RMSE = 12.59313, MAE = 1.82766, MAPE = 17.77198
Step 9 RMSE = 12.73676, MAE = 1.88213, MAPE = 18.31831
Step 10 RMSE = 12.87292, MAE = 1.93260, MAPE = 18.78061
Step 11 RMSE = 12.99742, MAE = 1.97716, MAPE = 19.22842
Step 12 RMSE = 13.10277, MAE = 2.02346, MAPE = 19.89664
Inference time: 12.45 s
--------- Test ---------
Test on 20240928
All Steps RMSE = 8.42851, MAE = 1.11172, MAPE = 12.99944
Step 1 RMSE = 6.77300, MAE = 0.62922, MAPE = 7.78683
Step 2 RMSE = 7.55958, MAE = 0.90495, MAPE = 10.74562
Step 3 RMSE = 7.97899, MAE = 1.01240, MAPE = 12.18691
Step 4 RMSE = 8.26730, MAE = 1.07359, MAPE = 12.35369
Step 5 RMSE = 8.48527, MAE = 1.12078, MAPE = 12.92455
Step 6 RMSE = 8.63531, MAE = 1.15890, MAPE = 13.51312
Step 7 RMSE = 8.71650, MAE = 1.18730, MAPE = 13.73502
Step 8 RMSE = 8.77568, MAE = 1.21231, MAPE = 14.20072
Step 9 RMSE = 8.83996, MAE = 1.23165, MAPE = 14.27692
Step 10 RMSE = 8.88656, MAE = 1.25001, MAPE = 14.31143
Step 11 RMSE = 8.94323, MAE = 1.26971, MAPE = 14.95284
Step 12 RMSE = 8.98827, MAE = 1.28975, MAPE = 15.00585
Inference time: 12.44 s
AVG RMSE: 11.522084024217394 MAE: 1.5339658624596066 MAPE: 15.3323026580943
