Loss: HuberLoss

2024-12-11 15:02:41.777845 Epoch 1  	Train Loss = 1.02878 Val Loss = 0.98461
2024-12-11 16:39:49.596863 Epoch 2  	Train Loss = 0.97534 Val Loss = 0.98305
2024-12-11 18:17:28.473545 Epoch 3  	Train Loss = 0.97819 Val Loss = 0.98196
2024-12-11 19:56:35.679853 Epoch 4  	Train Loss = 0.96858 Val Loss = 0.98381
2024-12-11 21:32:19.864750 Epoch 5  	Train Loss = 0.96997 Val Loss = 0.97985
2024-12-11 22:56:23.309311 Epoch 6  	Train Loss = 0.96804 Val Loss = 0.98051
2024-12-12 00:09:35.030357 Epoch 7  	Train Loss = 0.96789 Val Loss = 0.98027
2024-12-12 01:32:48.954636 Epoch 8  	Train Loss = 0.96786 Val Loss = 0.97927
2024-12-12 02:54:24.152746 Epoch 9  	Train Loss = 0.96607 Val Loss = 0.97815
2024-12-12 04:21:05.952909 Epoch 10  	Train Loss = 0.96395 Val Loss = 0.97794
2024-12-12 05:47:08.959155 Epoch 11  	Train Loss = 0.96104 Val Loss = 0.97920
2024-12-12 07:14:10.028825 Epoch 12  	Train Loss = 0.96245 Val Loss = 0.97623
2024-12-12 08:45:39.399101 Epoch 13  	Train Loss = 0.95802 Val Loss = 0.97506
2024-12-12 10:14:13.011343 Epoch 14  	Train Loss = 0.95798 Val Loss = 0.97336
2024-12-12 11:46:55.491213 Epoch 15  	Train Loss = 0.95551 Val Loss = 0.97605
2024-12-12 13:19:47.782367 Epoch 16  	Train Loss = 0.95428 Val Loss = 0.97238
2024-12-12 14:49:58.403879 Epoch 17  	Train Loss = 0.95309 Val Loss = 0.97124
2024-12-12 16:19:58.612237 Epoch 18  	Train Loss = 0.95083 Val Loss = 0.97055
2024-12-12 17:55:28.084380 Epoch 19  	Train Loss = 0.94800 Val Loss = 0.97004
2024-12-12 19:38:03.459232 Epoch 20  	Train Loss = 0.94666 Val Loss = 0.96839
Early stopping at epoch: 20
Best at epoch 20:
Train Loss = 0.94666
Train RMSE = 2.47384, MAE = 1.36157, MAPE = 16.51938
Val Loss = 0.96839
Val RMSE = 2.57215, MAE = 1.45910, MAPE = 16.82504
Saved Model: ./saved_models/GWNet/GWNet-didi-2024-12-11-13-31-24.pt
--------- Test ---------
Test on 20240911
All Steps RMSE = 2.45909, MAE = 1.36802, MAPE = 16.80072
Step 1 RMSE = 1.22386, MAE = 0.66677, MAPE = 6.95604
Step 2 RMSE = 1.78780, MAE = 1.02634, MAPE = 11.31145
Step 3 RMSE = 2.06305, MAE = 1.16774, MAPE = 13.39408
Step 4 RMSE = 2.24710, MAE = 1.26190, MAPE = 14.86912
Step 5 RMSE = 2.38705, MAE = 1.34116, MAPE = 16.17243
Step 6 RMSE = 2.49924, MAE = 1.40769, MAPE = 17.23301
Step 7 RMSE = 2.59519, MAE = 1.46811, MAPE = 18.26960
Step 8 RMSE = 2.68111, MAE = 1.52202, MAPE = 19.15137
Step 9 RMSE = 2.75923, MAE = 1.57191, MAPE = 19.94845
Step 10 RMSE = 2.82683, MAE = 1.61731, MAPE = 20.73333
Step 11 RMSE = 2.89153, MAE = 1.66086, MAPE = 21.46438
Step 12 RMSE = 2.95517, MAE = 1.70447, MAPE = 22.10538
Inference time: 12.65 s
--------- Test ---------
Test on 20240912
All Steps RMSE = 2.54594, MAE = 1.41304, MAPE = 17.95674
Step 1 RMSE = 1.24650, MAE = 0.67797, MAPE = 7.24954
Step 2 RMSE = 1.83512, MAE = 1.05083, MAPE = 11.92227
Step 3 RMSE = 2.12587, MAE = 1.20127, MAPE = 14.20145
Step 4 RMSE = 2.31590, MAE = 1.30046, MAPE = 15.83292
Step 5 RMSE = 2.46132, MAE = 1.38341, MAPE = 17.27434
Step 6 RMSE = 2.58135, MAE = 1.45424, MAPE = 18.44461
Step 7 RMSE = 2.68494, MAE = 1.51755, MAPE = 19.55768
Step 8 RMSE = 2.77882, MAE = 1.57447, MAPE = 20.51041
Step 9 RMSE = 2.86274, MAE = 1.62706, MAPE = 21.38253
Step 10 RMSE = 2.93673, MAE = 1.67596, MAPE = 22.24907
Step 11 RMSE = 3.00720, MAE = 1.72316, MAPE = 23.06306
Step 12 RMSE = 3.07606, MAE = 1.77018, MAPE = 23.79307
Inference time: 12.56 s
--------- Test ---------
Test on 20240913
All Steps RMSE = 2.48391, MAE = 1.38355, MAPE = 17.24171
Step 1 RMSE = 1.21823, MAE = 0.66875, MAPE = 7.09608
Step 2 RMSE = 1.79877, MAE = 1.03577, MAPE = 11.65661
Step 3 RMSE = 2.08145, MAE = 1.18169, MAPE = 13.86941
Step 4 RMSE = 2.26959, MAE = 1.27845, MAPE = 15.42093
Step 5 RMSE = 2.41263, MAE = 1.35897, MAPE = 16.74457
Step 6 RMSE = 2.52836, MAE = 1.42673, MAPE = 17.80251
Step 7 RMSE = 2.62560, MAE = 1.48730, MAPE = 18.78885
Step 8 RMSE = 2.71157, MAE = 1.54070, MAPE = 19.62056
Step 9 RMSE = 2.78828, MAE = 1.58915, MAPE = 20.37915
Step 10 RMSE = 2.85560, MAE = 1.63413, MAPE = 21.14194
Step 11 RMSE = 2.92090, MAE = 1.67818, MAPE = 21.86242
Step 12 RMSE = 2.98565, MAE = 1.72278, MAPE = 22.51726
Inference time: 12.60 s
--------- Test ---------
Test on 20240914
All Steps RMSE = 2.65068, MAE = 1.49207, MAPE = 21.11195
Step 1 RMSE = 1.22258, MAE = 0.68884, MAPE = 8.06255
Step 2 RMSE = 1.85267, MAE = 1.08133, MAPE = 13.59314
Step 3 RMSE = 2.17319, MAE = 1.24830, MAPE = 16.42550
Step 4 RMSE = 2.39161, MAE = 1.36369, MAPE = 18.49122
Step 5 RMSE = 2.55849, MAE = 1.45980, MAPE = 20.32332
Step 6 RMSE = 2.69264, MAE = 1.53982, MAPE = 21.77509
Step 7 RMSE = 2.80798, MAE = 1.61246, MAPE = 23.17497
Step 8 RMSE = 2.90960, MAE = 1.67565, MAPE = 24.33665
Step 9 RMSE = 2.99974, MAE = 1.73256, MAPE = 25.37264
Step 10 RMSE = 3.07784, MAE = 1.78478, MAPE = 26.36236
Step 11 RMSE = 3.15216, MAE = 1.83455, MAPE = 27.30193
Step 12 RMSE = 3.22319, MAE = 1.88309, MAPE = 28.12416
Inference time: 12.44 s
--------- Test ---------
Test on 20240915
All Steps RMSE = 2.14057, MAE = 1.19036, MAPE = 13.45644
Step 1 RMSE = 1.05798, MAE = 0.61129, MAPE = 6.14811
Step 2 RMSE = 1.56587, MAE = 0.92581, MAPE = 9.63312
Step 3 RMSE = 1.79971, MAE = 1.03548, MAPE = 11.12419
Step 4 RMSE = 1.95820, MAE = 1.10793, MAPE = 12.18978
Step 5 RMSE = 2.08215, MAE = 1.17069, MAPE = 13.13453
Step 6 RMSE = 2.18228, MAE = 1.22416, MAPE = 13.88541
Step 7 RMSE = 2.26610, MAE = 1.27290, MAPE = 14.59571
Step 8 RMSE = 2.33794, MAE = 1.31493, MAPE = 15.17845
Step 9 RMSE = 2.40170, MAE = 1.35332, MAPE = 15.68901
Step 10 RMSE = 2.45588, MAE = 1.38836, MAPE = 16.18331
Step 11 RMSE = 2.50764, MAE = 1.42226, MAPE = 16.64471
Step 12 RMSE = 2.55993, MAE = 1.45720, MAPE = 17.07093
Inference time: 12.43 s
--------- Test ---------
Test on 20240916
All Steps RMSE = 2.05024, MAE = 1.12393, MAPE = 10.99951
Step 1 RMSE = 1.14166, MAE = 0.61842, MAPE = 5.57595
Step 2 RMSE = 1.60262, MAE = 0.91656, MAPE = 8.49384
Step 3 RMSE = 1.79879, MAE = 1.00768, MAPE = 9.52386
Step 4 RMSE = 1.92195, MAE = 1.06341, MAPE = 10.20991
Step 5 RMSE = 2.01354, MAE = 1.11129, MAPE = 10.81455
Step 6 RMSE = 2.08562, MAE = 1.15123, MAPE = 11.29631
Step 7 RMSE = 2.14628, MAE = 1.18835, MAPE = 11.75488
Step 8 RMSE = 2.20367, MAE = 1.22232, MAPE = 12.15113
Step 9 RMSE = 2.25945, MAE = 1.25486, MAPE = 12.50932
Step 10 RMSE = 2.30859, MAE = 1.28617, MAPE = 12.87584
Step 11 RMSE = 2.35596, MAE = 1.31718, MAPE = 13.22519
Step 12 RMSE = 2.40595, MAE = 1.34966, MAPE = 13.56342
Inference time: 12.45 s
--------- Test ---------
Test on 20240917
All Steps RMSE = 1.99569, MAE = 1.09964, MAPE = 10.43894
Step 1 RMSE = 1.16092, MAE = 0.62321, MAPE = 5.52342
Step 2 RMSE = 1.61264, MAE = 0.91747, MAPE = 8.32987
Step 3 RMSE = 1.79401, MAE = 1.00263, MAPE = 9.26390
Step 4 RMSE = 1.90384, MAE = 1.05174, MAPE = 9.83586
Step 5 RMSE = 1.98227, MAE = 1.09320, MAPE = 10.33706
Step 6 RMSE = 2.04103, MAE = 1.12738, MAPE = 10.72669
Step 7 RMSE = 2.08914, MAE = 1.15923, MAPE = 11.10279
Step 8 RMSE = 2.13485, MAE = 1.18893, MAPE = 11.43299
Step 9 RMSE = 2.17849, MAE = 1.21707, MAPE = 11.73021
Step 10 RMSE = 2.21594, MAE = 1.24454, MAPE = 12.04092
Step 11 RMSE = 2.25251, MAE = 1.27134, MAPE = 12.33200
Step 12 RMSE = 2.29225, MAE = 1.29889, MAPE = 12.61168
Inference time: 12.51 s
--------- Test ---------
Test on 20240918
All Steps RMSE = 2.34356, MAE = 1.26808, MAPE = 14.07465
Step 1 RMSE = 1.19552, MAE = 0.63843, MAPE = 6.13963
Step 2 RMSE = 1.70921, MAE = 0.96600, MAPE = 9.67270
Step 3 RMSE = 1.95184, MAE = 1.08549, MAPE = 11.25360
Step 4 RMSE = 2.11513, MAE = 1.16398, MAPE = 12.36982
Step 5 RMSE = 2.24519, MAE = 1.23269, MAPE = 13.39577
Step 6 RMSE = 2.35647, MAE = 1.29317, MAPE = 14.27471
Step 7 RMSE = 2.45671, MAE = 1.35041, MAPE = 15.14804
Step 8 RMSE = 2.54959, MAE = 1.40303, MAPE = 15.92819
Step 9 RMSE = 2.63469, MAE = 1.45236, MAPE = 16.64409
Step 10 RMSE = 2.70919, MAE = 1.49875, MAPE = 17.35891
Step 11 RMSE = 2.78075, MAE = 1.54382, MAPE = 18.03954
Step 12 RMSE = 2.85124, MAE = 1.58877, MAPE = 18.67092
Inference time: 12.48 s
--------- Test ---------
Test on 20240919
All Steps RMSE = 2.43769, MAE = 1.33137, MAPE = 15.54196
Step 1 RMSE = 1.28119, MAE = 0.66946, MAPE = 6.66555
Step 2 RMSE = 1.82761, MAE = 1.02112, MAPE = 10.71998
Step 3 RMSE = 2.08983, MAE = 1.15390, MAPE = 12.58646
Step 4 RMSE = 2.25626, MAE = 1.23846, MAPE = 13.88888
Step 5 RMSE = 2.38047, MAE = 1.30884, MAPE = 15.02955
Step 6 RMSE = 2.47677, MAE = 1.36777, MAPE = 15.94202
Step 7 RMSE = 2.55996, MAE = 1.42175, MAPE = 16.82387
Step 8 RMSE = 2.63936, MAE = 1.47195, MAPE = 17.59842
Step 9 RMSE = 2.71165, MAE = 1.51793, MAPE = 18.30349
Step 10 RMSE = 2.77542, MAE = 1.56009, MAPE = 18.99726
Step 11 RMSE = 2.83903, MAE = 1.60165, MAPE = 19.66776
Step 12 RMSE = 2.90372, MAE = 1.64352, MAPE = 20.28033
Inference time: 12.43 s
--------- Test ---------
Test on 20240920
All Steps RMSE = 2.69554, MAE = 1.52365, MAPE = 23.03706
Step 1 RMSE = 1.26874, MAE = 0.69731, MAPE = 8.44554
Step 2 RMSE = 1.88038, MAE = 1.09291, MAPE = 14.24934
Step 3 RMSE = 2.19617, MAE = 1.26358, MAPE = 17.37195
Step 4 RMSE = 2.41129, MAE = 1.38072, MAPE = 19.67406
Step 5 RMSE = 2.57862, MAE = 1.47954, MAPE = 21.76953
Step 6 RMSE = 2.71687, MAE = 1.56422, MAPE = 23.46788
Step 7 RMSE = 2.84017, MAE = 1.64164, MAPE = 25.13773
Step 8 RMSE = 2.95332, MAE = 1.71187, MAPE = 26.62088
Step 9 RMSE = 3.05534, MAE = 1.77655, MAPE = 27.98996
Step 10 RMSE = 3.14343, MAE = 1.83562, MAPE = 29.33825
Step 11 RMSE = 3.22840, MAE = 1.89242, MAPE = 30.63151
Step 12 RMSE = 3.30906, MAE = 1.94746, MAPE = 31.74835
Inference time: 12.48 s
--------- Test ---------
Test on 20240921
All Steps RMSE = 2.11922, MAE = 1.18094, MAPE = 13.32778
Step 1 RMSE = 1.09310, MAE = 0.61493, MAPE = 6.15766
Step 2 RMSE = 1.60715, MAE = 0.93388, MAPE = 9.79879
Step 3 RMSE = 1.84085, MAE = 1.04562, MAPE = 11.32800
Step 4 RMSE = 1.98929, MAE = 1.11643, MAPE = 12.35115
Step 5 RMSE = 2.09761, MAE = 1.17456, MAPE = 13.21476
Step 6 RMSE = 2.17848, MAE = 1.22119, MAPE = 13.85810
Step 7 RMSE = 2.24404, MAE = 1.26278, MAPE = 14.45551
Step 8 RMSE = 2.30139, MAE = 1.29867, MAPE = 14.94484
Step 9 RMSE = 2.35244, MAE = 1.33133, MAPE = 15.36599
Step 10 RMSE = 2.39370, MAE = 1.36109, MAPE = 15.77762
Step 11 RMSE = 2.43230, MAE = 1.39030, MAPE = 16.16700
Step 12 RMSE = 2.47214, MAE = 1.42049, MAPE = 16.51397
Inference time: 12.53 s
--------- Test ---------
Test on 20240922
All Steps RMSE = 2.00046, MAE = 1.12701, MAPE = 12.09302
Step 1 RMSE = 1.07715, MAE = 0.60833, MAPE = 5.85090
Step 2 RMSE = 1.55663, MAE = 0.91325, MAPE = 9.11182
Step 3 RMSE = 1.76457, MAE = 1.01280, MAPE = 10.42008
Step 4 RMSE = 1.89545, MAE = 1.07346, MAPE = 11.27687
Step 5 RMSE = 1.98801, MAE = 1.12300, MAPE = 12.00266
Step 6 RMSE = 2.05828, MAE = 1.16348, MAPE = 12.54899
Step 7 RMSE = 2.11363, MAE = 1.19960, MAPE = 13.04805
Step 8 RMSE = 2.16291, MAE = 1.23151, MAPE = 13.46695
Step 9 RMSE = 2.20491, MAE = 1.26002, MAPE = 13.82699
Step 10 RMSE = 2.24043, MAE = 1.28631, MAPE = 14.19084
Step 11 RMSE = 2.27451, MAE = 1.31253, MAPE = 14.52966
Step 12 RMSE = 2.31159, MAE = 1.33978, MAPE = 14.84231
Inference time: 12.54 s
--------- Test ---------
Test on 20240923
All Steps RMSE = 2.49070, MAE = 1.36451, MAPE = 16.41965
Step 1 RMSE = 1.23837, MAE = 0.66839, MAPE = 6.84380
Step 2 RMSE = 1.79598, MAE = 1.02419, MAPE = 11.03631
Step 3 RMSE = 2.07007, MAE = 1.16161, MAPE = 13.00867
Step 4 RMSE = 2.25321, MAE = 1.25262, MAPE = 14.41253
Step 5 RMSE = 2.39282, MAE = 1.32926, MAPE = 15.65801
Step 6 RMSE = 2.50922, MAE = 1.39509, MAPE = 16.68794
Step 7 RMSE = 2.61439, MAE = 1.45695, MAPE = 17.71349
Step 8 RMSE = 2.71121, MAE = 1.51396, MAPE = 18.62594
Step 9 RMSE = 2.80036, MAE = 1.56761, MAPE = 19.48274
Step 10 RMSE = 2.88028, MAE = 1.61831, MAPE = 20.35648
Step 11 RMSE = 2.95920, MAE = 1.66842, MAPE = 21.21327
Step 12 RMSE = 3.03632, MAE = 1.71768, MAPE = 21.99665
Inference time: 12.50 s
--------- Test ---------
Test on 20240924
All Steps RMSE = 2.43994, MAE = 1.34923, MAPE = 15.86434
Step 1 RMSE = 1.25090, MAE = 0.66665, MAPE = 6.74101
Step 2 RMSE = 1.80362, MAE = 1.02143, MAPE = 10.88025
Step 3 RMSE = 2.06912, MAE = 1.15794, MAPE = 12.82316
Step 4 RMSE = 2.24231, MAE = 1.24731, MAPE = 14.17024
Step 5 RMSE = 2.37063, MAE = 1.32134, MAPE = 15.33315
Step 6 RMSE = 2.47503, MAE = 1.38472, MAPE = 16.27335
Step 7 RMSE = 2.56689, MAE = 1.44291, MAPE = 17.18187
Step 8 RMSE = 2.65186, MAE = 1.49654, MAPE = 17.98537
Step 9 RMSE = 2.72700, MAE = 1.54522, MAPE = 18.70585
Step 10 RMSE = 2.79263, MAE = 1.59104, MAPE = 19.42659
Step 11 RMSE = 2.85735, MAE = 1.63543, MAPE = 20.11070
Step 12 RMSE = 2.92332, MAE = 1.68020, MAPE = 20.74060
Inference time: 12.56 s
--------- Test ---------
Test on 20240925
All Steps RMSE = 2.46512, MAE = 1.36426, MAPE = 16.99437
Step 1 RMSE = 1.22371, MAE = 0.66431, MAPE = 6.98451
Step 2 RMSE = 1.78115, MAE = 1.02211, MAPE = 11.38103
Step 3 RMSE = 2.05551, MAE = 1.16348, MAPE = 13.50227
Step 4 RMSE = 2.23830, MAE = 1.25704, MAPE = 15.01620
Step 5 RMSE = 2.38067, MAE = 1.33604, MAPE = 16.34907
Step 6 RMSE = 2.49800, MAE = 1.40285, MAPE = 17.43095
Step 7 RMSE = 2.60123, MAE = 1.46426, MAPE = 18.50396
Step 8 RMSE = 2.69189, MAE = 1.51857, MAPE = 19.39501
Step 9 RMSE = 2.77207, MAE = 1.56775, MAPE = 20.19635
Step 10 RMSE = 2.84243, MAE = 1.61376, MAPE = 20.99776
Step 11 RMSE = 2.91009, MAE = 1.65813, MAPE = 21.74784
Step 12 RMSE = 2.97728, MAE = 1.70280, MAPE = 22.42748
Inference time: 12.60 s
--------- Test ---------
Test on 20240926
All Steps RMSE = 2.35271, MAE = 1.30729, MAPE = 15.43315
Step 1 RMSE = 1.17100, MAE = 0.64695, MAPE = 6.61208
Step 2 RMSE = 1.71970, MAE = 0.99327, MAPE = 10.65659
Step 3 RMSE = 1.98216, MAE = 1.12561, MAPE = 12.51835
Step 4 RMSE = 2.15587, MAE = 1.21255, MAPE = 13.81927
Step 5 RMSE = 2.28707, MAE = 1.28444, MAPE = 14.94622
Step 6 RMSE = 2.39308, MAE = 1.34540, MAPE = 15.85190
Step 7 RMSE = 2.48262, MAE = 1.40023, MAPE = 16.70977
Step 8 RMSE = 2.56322, MAE = 1.44951, MAPE = 17.45867
Step 9 RMSE = 2.63552, MAE = 1.49505, MAPE = 18.15653
Step 10 RMSE = 2.69903, MAE = 1.53674, MAPE = 18.84909
Step 11 RMSE = 2.76095, MAE = 1.57805, MAPE = 19.51579
Step 12 RMSE = 2.82365, MAE = 1.61974, MAPE = 20.10373
Inference time: 12.58 s
--------- Test ---------
Test on 20240927
All Steps RMSE = 2.38452, MAE = 1.33440, MAPE = 16.71125
Step 1 RMSE = 1.17155, MAE = 0.65263, MAPE = 6.90191
Step 2 RMSE = 1.72857, MAE = 1.00620, MAPE = 11.28162
Step 3 RMSE = 1.99629, MAE = 1.14309, MAPE = 13.38882
Step 4 RMSE = 2.17382, MAE = 1.23387, MAPE = 14.90126
Step 5 RMSE = 2.31080, MAE = 1.31006, MAPE = 16.22414
Step 6 RMSE = 2.42339, MAE = 1.37483, MAPE = 17.25741
Step 7 RMSE = 2.51889, MAE = 1.43285, MAPE = 18.23999
Step 8 RMSE = 2.60338, MAE = 1.48396, MAPE = 19.06272
Step 9 RMSE = 2.67836, MAE = 1.52998, MAPE = 19.77521
Step 10 RMSE = 2.74315, MAE = 1.57288, MAPE = 20.49496
Step 11 RMSE = 2.80762, MAE = 1.61511, MAPE = 21.18893
Step 12 RMSE = 2.87127, MAE = 1.65737, MAPE = 21.81789
Inference time: 12.57 s
--------- Test ---------
Test on 20240928
All Steps RMSE = 1.89489, MAE = 1.09856, MAPE = 12.26975
Step 1 RMSE = 1.02203, MAE = 0.59740, MAPE = 5.95543
Step 2 RMSE = 1.49601, MAE = 0.89954, MAPE = 9.36459
Step 3 RMSE = 1.69355, MAE = 0.99670, MAPE = 10.73215
Step 4 RMSE = 1.81086, MAE = 1.05363, MAPE = 11.59333
Step 5 RMSE = 1.89304, MAE = 1.09956, MAPE = 12.30766
Step 6 RMSE = 1.95394, MAE = 1.13581, MAPE = 12.82015
Step 7 RMSE = 2.00114, MAE = 1.16808, MAPE = 13.26849
Step 8 RMSE = 2.04146, MAE = 1.19619, MAPE = 13.62568
Step 9 RMSE = 2.07723, MAE = 1.22172, MAPE = 13.92418
Step 10 RMSE = 2.10827, MAE = 1.24569, MAPE = 14.24381
Step 11 RMSE = 2.14087, MAE = 1.27040, MAPE = 14.55111
Step 12 RMSE = 2.17730, MAE = 1.29802, MAPE = 14.85041
Inference time: 12.55 s
AVG RMSE: 2.330581419997745 MAE: 1.2955507106251187 MAPE: 15.542944976025158
